#
# There is insufficient memory for the Java Runtime Environment to continue.
# Native memory allocation (mmap) failed to map 26214400 bytes for G1 virtual space
# Possible reasons:
#   The system is out of physical RAM or swap space
#   The process is running with CompressedOops enabled, and the Java Heap may be blocking the growth of the native heap
# Possible solutions:
#   Reduce memory load on the system
#   Increase physical memory or swap space
#   Check if swap backing store is full
#   Decrease Java heap size (-Xmx/-Xms)
#   Decrease number of Java threads
#   Decrease Java thread stack sizes (-Xss)
#   Set larger code cache with -XX:ReservedCodeCacheSize=
#   JVM is running with Unscaled Compressed Oops mode in which the Java heap is
#     placed in the first 4GB address space. The Java Heap base address is the
#     maximum limit for the native heap growth. Please use -XX:HeapBaseMinAddress
#     to set the Java Heap base and to place the Java Heap above 4GB virtual address.
# This output file may be truncated or incomplete.
#
#  Out of Memory Error (os_windows.cpp:3548), pid=22540, tid=16088
#
# JRE version: Java(TM) SE Runtime Environment (17.0.12+8) (build 17.0.12+8-LTS-286)
# Java VM: Java HotSpot(TM) 64-Bit Server VM (17.0.12+8-LTS-286, mixed mode, emulated-client, sharing, tiered, compressed oops, compressed class ptrs, g1 gc, windows-amd64)
# No core dump will be written. Minidumps are not enabled by default on client versions of Windows
#

---------------  S U M M A R Y ------------

Command Line: -Dcom.sun.management.jmxremote -Dcom.sun.management.jmxremote.port=51692 -Dcom.sun.management.jmxremote.authenticate=false -Dcom.sun.management.jmxremote.ssl=false -Djava.rmi.server.hostname=localhost -Dspring.jmx.enabled=true -Dmanagement.endpoints.jmx.exposure.include=* -Dspring.application.admin.enabled=true -XX:TieredStopAtLevel=1 -Dspring.boot.project.name=Global-events-with-polymers -Dfile.encoding=UTF-8 -Dstdout.encoding=UTF-8 -Dstderr.encoding=UTF-8 -XX:+ShowCodeDetailsInExceptionMessages com.zn.GlobalEventApplication --spring.output.ansi.enabled=always

Host: AMD Ryzen 3 5300U with Radeon Graphics         , 8 cores, 7G,  Windows 11 , 64 bit Build 22621 (10.0.22621.5415)
Time: Fri Sep  5 16:23:05 2025 India Standard Time elapsed time: 25.342874 seconds (0d 0h 0m 25s)

---------------  T H R E A D  ---------------

Current thread (0x0000022c305155f0):  VMThread "VM Thread" [stack: 0x0000005bca800000,0x0000005bca900000] [id=16088]

Stack: [0x0000005bca800000,0x0000005bca900000]
Native frames: (J=compiled Java code, j=interpreted, Vv=VM code, C=native code)
V  [jvm.dll+0x67a04a]
V  [jvm.dll+0x7da4ed]
V  [jvm.dll+0x7dbe33]
V  [jvm.dll+0x7dc4a3]
V  [jvm.dll+0x24508f]
V  [jvm.dll+0x677089]
V  [jvm.dll+0x66bd32]
V  [jvm.dll+0x301fa6]
V  [jvm.dll+0x309546]
V  [jvm.dll+0x359d2e]
V  [jvm.dll+0x359f5f]
V  [jvm.dll+0x2d9078]
V  [jvm.dll+0x2d74ad]
V  [jvm.dll+0x2d6afc]
V  [jvm.dll+0x31a65b]
V  [jvm.dll+0x7e0d9b]
V  [jvm.dll+0x7e1ad4]
V  [jvm.dll+0x7e1fed]
V  [jvm.dll+0x7e23c4]
V  [jvm.dll+0x7e2490]
V  [jvm.dll+0x78abea]
V  [jvm.dll+0x678f35]
C  [ucrtbase.dll+0x29333]
C  [KERNEL32.DLL+0x1259d]
C  [ntdll.dll+0x5af78]

VM_Operation (0x0000005bcc7fca90): G1CollectForAllocation, mode: safepoint, requested by thread 0x0000022c30540db0


---------------  P R O C E S S  ---------------

Threads class SMR info:
_java_thread_list=0x0000022c78057cb0, length=27, elements={
0x0000022c1ebb4830, 0x0000022c3051e660, 0x0000022c30521b90, 0x0000022c30532ef0,
0x0000022c30533a80, 0x0000022c30535bf0, 0x0000022c30539510, 0x0000022c3053c3c0,
0x0000022c305412c0, 0x0000022c3053f970, 0x0000022c3059e870, 0x0000022c30737f20,
0x0000022c30541ce0, 0x0000022c305421f0, 0x0000022c3053fe80, 0x0000022c305417d0,
0x0000022c30540390, 0x0000022c30542700, 0x0000022c305408a0, 0x0000022c30542c10,
0x0000022c30543120, 0x0000022c30540db0, 0x0000022c7753b550, 0x0000022c7753a620,
0x0000022c7753e2e0, 0x0000022c7753bf70, 0x0000022c7753c480
}

Java Threads: ( => current thread )
  0x0000022c1ebb4830 JavaThread "main" [_thread_blocked, id=24268, stack(0x0000005bca200000,0x0000005bca300000)]
  0x0000022c3051e660 JavaThread "Reference Handler" daemon [_thread_blocked, id=6340, stack(0x0000005bca900000,0x0000005bcaa00000)]
  0x0000022c30521b90 JavaThread "Finalizer" daemon [_thread_blocked, id=27096, stack(0x0000005bcaa00000,0x0000005bcab00000)]
  0x0000022c30532ef0 JavaThread "Signal Dispatcher" daemon [_thread_blocked, id=22596, stack(0x0000005bcab00000,0x0000005bcac00000)]
  0x0000022c30533a80 JavaThread "Attach Listener" daemon [_thread_blocked, id=4032, stack(0x0000005bcac00000,0x0000005bcad00000)]
  0x0000022c30535bf0 JavaThread "Service Thread" daemon [_thread_blocked, id=1160, stack(0x0000005bcad00000,0x0000005bcae00000)]
  0x0000022c30539510 JavaThread "Monitor Deflation Thread" daemon [_thread_blocked, id=740, stack(0x0000005bcae00000,0x0000005bcaf00000)]
  0x0000022c3053c3c0 JavaThread "C1 CompilerThread0" daemon [_thread_blocked, id=10772, stack(0x0000005bcaf00000,0x0000005bcb000000)]
  0x0000022c305412c0 JavaThread "Sweeper thread" daemon [_thread_blocked, id=10312, stack(0x0000005bcb000000,0x0000005bcb100000)]
  0x0000022c3053f970 JavaThread "Common-Cleaner" daemon [_thread_blocked, id=6300, stack(0x0000005bcb100000,0x0000005bcb200000)]
  0x0000022c3059e870 JavaThread "C1 CompilerThread1" daemon [_thread_blocked, id=23988, stack(0x0000005bcb200000,0x0000005bcb300000)]
  0x0000022c30737f20 JavaThread "C1 CompilerThread2" daemon [_thread_blocked, id=21104, stack(0x0000005bcb300000,0x0000005bcb400000)]
  0x0000022c30541ce0 JavaThread "Notification Thread" daemon [_thread_blocked, id=16916, stack(0x0000005bcb400000,0x0000005bcb500000)]
  0x0000022c305421f0 JavaThread "RMI TCP Accept-0" daemon [_thread_in_native, id=22948, stack(0x0000005bcb500000,0x0000005bcb600000)]
  0x0000022c3053fe80 JavaThread "RMI TCP Accept-51692" daemon [_thread_in_native, id=25340, stack(0x0000005bcb600000,0x0000005bcb700000)]
  0x0000022c305417d0 JavaThread "RMI TCP Accept-0" daemon [_thread_in_native, id=21620, stack(0x0000005bcb700000,0x0000005bcb800000)]
  0x0000022c30540390 JavaThread "RMI TCP Connection(1)-127.0.0.1" daemon [_thread_in_native, id=21836, stack(0x0000005bcb900000,0x0000005bcba00000)]
  0x0000022c30542700 JavaThread "RMI Scheduler(0)" daemon [_thread_blocked, id=23672, stack(0x0000005bcba00000,0x0000005bcbb00000)]
  0x0000022c305408a0 JavaThread "RMI TCP Connection(2)-127.0.0.1" daemon [_thread_in_native, id=17360, stack(0x0000005bcbb00000,0x0000005bcbc00000)]
  0x0000022c30542c10 JavaThread "JMX server connection timeout 22" daemon [_thread_blocked, id=25880, stack(0x0000005bcbc00000,0x0000005bcbd00000)]
  0x0000022c30543120 JavaThread "Thread-0" [_thread_blocked, id=23996, stack(0x0000005bcc600000,0x0000005bcc700000)]
  0x0000022c30540db0 JavaThread "restartedMain" [_thread_blocked, id=27584, stack(0x0000005bcc700000,0x0000005bcc800000)]
  0x0000022c7753b550 JavaThread "mysql-cj-abandoned-connection-cleanup" daemon [_thread_blocked, id=4048, stack(0x0000005bcca00000,0x0000005bccb00000)]
  0x0000022c7753a620 JavaThread "SupabasePgBouncerPool:housekeeper" daemon [_thread_blocked, id=27644, stack(0x0000005bcc900000,0x0000005bcca00000)]
  0x0000022c7753e2e0 JavaThread "Catalina-utility-1" [_thread_blocked, id=26804, stack(0x0000005bccc00000,0x0000005bccd00000)]
  0x0000022c7753bf70 JavaThread "Catalina-utility-2" [_thread_blocked, id=27040, stack(0x0000005bccd00000,0x0000005bcce00000)]
  0x0000022c7753c480 JavaThread "container-0" [_thread_blocked, id=27036, stack(0x0000005bcce00000,0x0000005bccf00000)]

Other Threads:
=>0x0000022c305155f0 VMThread "VM Thread" [stack: 0x0000005bca800000,0x0000005bca900000] [id=16088]
  0x0000022c1ec1f840 WatcherThread [stack: 0x0000005bcb800000,0x0000005bcb900000] [id=27532]
  0x0000022c1ec08c70 GCTaskThread "GC Thread#0" [stack: 0x0000005bca300000,0x0000005bca400000] [id=19424]
  0x0000022c765a5540 GCTaskThread "GC Thread#1" [stack: 0x0000005bcbd00000,0x0000005bcbe00000] [id=26584]
  0x0000022c765f7120 GCTaskThread "GC Thread#2" [stack: 0x0000005bcbe00000,0x0000005bcbf00000] [id=11432]
  0x0000022c765f73e0 GCTaskThread "GC Thread#3" [stack: 0x0000005bcbf00000,0x0000005bcc000000] [id=27640]
  0x0000022c765f76a0 GCTaskThread "GC Thread#4" [stack: 0x0000005bcc000000,0x0000005bcc100000] [id=9792]
  0x0000022c765f7b70 GCTaskThread "GC Thread#5" [stack: 0x0000005bcc100000,0x0000005bcc200000] [id=17264]
  0x0000022c765f8640 GCTaskThread "GC Thread#6" [stack: 0x0000005bcc200000,0x0000005bcc300000] [id=5280]
  0x0000022c765f8d10 GCTaskThread "GC Thread#7" [stack: 0x0000005bcc300000,0x0000005bcc400000] [id=26852]
  0x0000022c1ec18de0 ConcurrentGCThread "G1 Main Marker" [stack: 0x0000005bca400000,0x0000005bca500000] [id=24196]
  0x0000022c1ec197f0 ConcurrentGCThread "G1 Conc#0" [stack: 0x0000005bca500000,0x0000005bca600000] [id=26788]
  0x0000022c76cdc8b0 ConcurrentGCThread "G1 Conc#1" [stack: 0x0000005bcc800000,0x0000005bcc900000] [id=27152]
  0x0000022c1ec5dc10 ConcurrentGCThread "G1 Refine#0" [stack: 0x0000005bca600000,0x0000005bca700000] [id=7456]
  0x0000022c765c6300 ConcurrentGCThread "G1 Refine#1" [stack: 0x0000005bcc400000,0x0000005bcc500000] [id=12704]
  0x0000022c765f9bf0 ConcurrentGCThread "G1 Refine#2" [stack: 0x0000005bcc500000,0x0000005bcc600000] [id=22908]
  0x0000022c77644600 ConcurrentGCThread "G1 Refine#3" [stack: 0x0000005bccf00000,0x0000005bcd000000] [id=11880]
  0x0000022c781d6ec0 ConcurrentGCThread "G1 Refine#4" [stack: 0x0000005bcd000000,0x0000005bcd100000] [id=26224]
  0x0000022c7834ece0 ConcurrentGCThread "G1 Refine#5" [stack: 0x0000005bcd100000,0x0000005bcd200000] [id=11980]
  0x0000022c1ec5e640 ConcurrentGCThread "G1 Service" [stack: 0x0000005bca700000,0x0000005bca800000] [id=24200]

Threads with active compile tasks:

VM state: at safepoint (normal execution)

VM Mutex/Monitor currently owned by a thread:  ([mutex/lock_event])
[0x0000022c1ebb1f20] Threads_lock - owner thread: 0x0000022c305155f0
[0x0000022c1ebb3630] Heap_lock - owner thread: 0x0000022c30540db0

Heap address: 0x000000008ac00000, size: 1876 MB, Compressed Oops mode: 32-bit

CDS archive(s) mapped at: [0x0000022c31000000-0x0000022c31bd0000-0x0000022c31bd0000), size 12386304, SharedBaseAddress: 0x0000022c31000000, ArchiveRelocationMode: 1.
Compressed class space mapped at: 0x0000022c32000000-0x0000022c72000000, reserved size: 1073741824
Narrow klass base: 0x0000022c31000000, Narrow klass shift: 0, Narrow klass range: 0x100000000

GC Precious Log:
 CPUs: 8 total, 8 available
 Memory: 7502M
 Large Page Support: Disabled
 NUMA Support: Disabled
 Compressed Oops: Enabled (32-bit)
 Heap Region Size: 1M
 Heap Min Capacity: 8M
 Heap Initial Capacity: 118M
 Heap Max Capacity: 1876M
 Pre-touch: Disabled
 Parallel Workers: 8
 Concurrent Workers: 2
 Concurrent Refinement Workers: 8
 Periodic GC: Disabled

Heap:
 garbage-first heap   total 158720K, used 82834K [0x000000008ac00000, 0x0000000100000000)
  region size 1024K, 2 young (2048K), 2 survivors (2048K)
 Metaspace       used 72394K, committed 73024K, reserved 1114112K
  class space    used 10462K, committed 10752K, reserved 1048576K

Heap Regions: E=young(eden), S=young(survivor), O=old, HS=humongous(starts), HC=humongous(continues), CS=collection set, F=free, OA=open archive, CA=closed archive, TAMS=top-at-mark-start (previous, next)
|   0|0x000000008ac00000, 0x000000008ad00000, 0x000000008ad00000|100%|HS|  |TAMS 0x000000008ad00000, 0x000000008ad00000| Complete 
|   1|0x000000008ad00000, 0x000000008ae00000, 0x000000008ae00000|100%|HS|  |TAMS 0x000000008ae00000, 0x000000008ae00000| Complete 
|   2|0x000000008ae00000, 0x000000008af00000, 0x000000008af00000|100%|HS|  |TAMS 0x000000008af00000, 0x000000008af00000| Complete 
|   3|0x000000008af00000, 0x000000008b000000, 0x000000008b000000|100%| O|  |TAMS 0x000000008b000000, 0x000000008b000000| Untracked 
|   4|0x000000008b000000, 0x000000008b100000, 0x000000008b100000|100%| O|  |TAMS 0x000000008b100000, 0x000000008b100000| Untracked 
|   5|0x000000008b100000, 0x000000008b200000, 0x000000008b200000|100%| O|  |TAMS 0x000000008b200000, 0x000000008b200000| Untracked 
|   6|0x000000008b200000, 0x000000008b300000, 0x000000008b300000|100%| O|  |TAMS 0x000000008b300000, 0x000000008b300000| Untracked 
|   7|0x000000008b300000, 0x000000008b400000, 0x000000008b400000|100%| O|  |TAMS 0x000000008b400000, 0x000000008b400000| Untracked 
|   8|0x000000008b400000, 0x000000008b500000, 0x000000008b500000|100%| O|  |TAMS 0x000000008b500000, 0x000000008b500000| Untracked 
|   9|0x000000008b500000, 0x000000008b600000, 0x000000008b600000|100%| O|  |TAMS 0x000000008b600000, 0x000000008b600000| Untracked 
|  10|0x000000008b600000, 0x000000008b700000, 0x000000008b700000|100%| O|  |TAMS 0x000000008b700000, 0x000000008b700000| Untracked 
|  11|0x000000008b700000, 0x000000008b800000, 0x000000008b800000|100%| O|  |TAMS 0x000000008b800000, 0x000000008b800000| Untracked 
|  12|0x000000008b800000, 0x000000008b900000, 0x000000008b900000|100%| O|  |TAMS 0x000000008b900000, 0x000000008b900000| Untracked 
|  13|0x000000008b900000, 0x000000008ba00000, 0x000000008ba00000|100%| O|  |TAMS 0x000000008ba00000, 0x000000008ba00000| Untracked 
|  14|0x000000008ba00000, 0x000000008bb00000, 0x000000008bb00000|100%| O|  |TAMS 0x000000008bb00000, 0x000000008bb00000| Untracked 
|  15|0x000000008bb00000, 0x000000008bc00000, 0x000000008bc00000|100%| O|  |TAMS 0x000000008bc00000, 0x000000008bc00000| Untracked 
|  16|0x000000008bc00000, 0x000000008bd00000, 0x000000008bd00000|100%| O|  |TAMS 0x000000008bd00000, 0x000000008bd00000| Untracked 
|  17|0x000000008bd00000, 0x000000008be00000, 0x000000008be00000|100%| O|  |TAMS 0x000000008be00000, 0x000000008be00000| Untracked 
|  18|0x000000008be00000, 0x000000008bf00000, 0x000000008bf00000|100%| O|  |TAMS 0x000000008bf00000, 0x000000008bf00000| Untracked 
|  19|0x000000008bf00000, 0x000000008c000000, 0x000000008c000000|100%| O|  |TAMS 0x000000008c000000, 0x000000008c000000| Untracked 
|  20|0x000000008c000000, 0x000000008c100000, 0x000000008c100000|100%| O|  |TAMS 0x000000008c100000, 0x000000008c100000| Untracked 
|  21|0x000000008c100000, 0x000000008c200000, 0x000000008c200000|100%| O|  |TAMS 0x000000008c200000, 0x000000008c200000| Untracked 
|  22|0x000000008c200000, 0x000000008c300000, 0x000000008c300000|100%| O|  |TAMS 0x000000008c300000, 0x000000008c300000| Untracked 
|  23|0x000000008c300000, 0x000000008c400000, 0x000000008c400000|100%| O|  |TAMS 0x000000008c400000, 0x000000008c400000| Untracked 
|  24|0x000000008c400000, 0x000000008c500000, 0x000000008c500000|100%| O|  |TAMS 0x000000008c500000, 0x000000008c500000| Untracked 
|  25|0x000000008c500000, 0x000000008c600000, 0x000000008c600000|100%| O|  |TAMS 0x000000008c600000, 0x000000008c600000| Untracked 
|  26|0x000000008c600000, 0x000000008c700000, 0x000000008c700000|100%| O|  |TAMS 0x000000008c700000, 0x000000008c700000| Untracked 
|  27|0x000000008c700000, 0x000000008c800000, 0x000000008c800000|100%| O|  |TAMS 0x000000008c800000, 0x000000008c800000| Untracked 
|  28|0x000000008c800000, 0x000000008c900000, 0x000000008c900000|100%| O|  |TAMS 0x000000008c900000, 0x000000008c900000| Untracked 
|  29|0x000000008c900000, 0x000000008ca00000, 0x000000008ca00000|100%| O|  |TAMS 0x000000008ca00000, 0x000000008ca00000| Untracked 
|  30|0x000000008ca00000, 0x000000008cb00000, 0x000000008cb00000|100%| O|  |TAMS 0x000000008cb00000, 0x000000008cb00000| Untracked 
|  31|0x000000008cb00000, 0x000000008cc00000, 0x000000008cc00000|100%| O|  |TAMS 0x000000008cc00000, 0x000000008cc00000| Untracked 
|  32|0x000000008cc00000, 0x000000008cd00000, 0x000000008cd00000|100%| O|  |TAMS 0x000000008cd00000, 0x000000008cd00000| Untracked 
|  33|0x000000008cd00000, 0x000000008ce00000, 0x000000008ce00000|100%| O|  |TAMS 0x000000008ce00000, 0x000000008ce00000| Untracked 
|  34|0x000000008ce00000, 0x000000008cf00000, 0x000000008cf00000|100%| O|  |TAMS 0x000000008cf00000, 0x000000008cf00000| Untracked 
|  35|0x000000008cf00000, 0x000000008d000000, 0x000000008d000000|100%| O|  |TAMS 0x000000008d000000, 0x000000008d000000| Untracked 
|  36|0x000000008d000000, 0x000000008d100000, 0x000000008d100000|100%| O|  |TAMS 0x000000008d100000, 0x000000008d100000| Untracked 
|  37|0x000000008d100000, 0x000000008d200000, 0x000000008d200000|100%| O|  |TAMS 0x000000008d200000, 0x000000008d200000| Untracked 
|  38|0x000000008d200000, 0x000000008d300000, 0x000000008d300000|100%| O|  |TAMS 0x000000008d300000, 0x000000008d300000| Untracked 
|  39|0x000000008d300000, 0x000000008d400000, 0x000000008d400000|100%| O|  |TAMS 0x000000008d300000, 0x000000008d400000| Untracked 
|  40|0x000000008d400000, 0x000000008d500000, 0x000000008d500000|100%| O|  |TAMS 0x000000008d500000, 0x000000008d500000| Untracked 
|  41|0x000000008d500000, 0x000000008d600000, 0x000000008d600000|100%| O|  |TAMS 0x000000008d600000, 0x000000008d600000| Untracked 
|  42|0x000000008d600000, 0x000000008d700000, 0x000000008d700000|100%| O|  |TAMS 0x000000008d700000, 0x000000008d700000| Untracked 
|  43|0x000000008d700000, 0x000000008d800000, 0x000000008d800000|100%| O|  |TAMS 0x000000008d800000, 0x000000008d800000| Untracked 
|  44|0x000000008d800000, 0x000000008d900000, 0x000000008d900000|100%| O|  |TAMS 0x000000008d800000, 0x000000008d900000| Untracked 
|  45|0x000000008d900000, 0x000000008da00000, 0x000000008da00000|100%| O|  |TAMS 0x000000008d900000, 0x000000008da00000| Untracked 
|  46|0x000000008da00000, 0x000000008db00000, 0x000000008db00000|100%| O|  |TAMS 0x000000008db00000, 0x000000008db00000| Untracked 
|  47|0x000000008db00000, 0x000000008dc00000, 0x000000008dc00000|100%| O|  |TAMS 0x000000008dc00000, 0x000000008dc00000| Untracked 
|  48|0x000000008dc00000, 0x000000008dd00000, 0x000000008dd00000|100%| O|  |TAMS 0x000000008dd00000, 0x000000008dd00000| Untracked 
|  49|0x000000008dd00000, 0x000000008de00000, 0x000000008de00000|100%| O|  |TAMS 0x000000008de00000, 0x000000008de00000| Untracked 
|  50|0x000000008de00000, 0x000000008df00000, 0x000000008df00000|100%| O|  |TAMS 0x000000008df00000, 0x000000008df00000| Untracked 
|  51|0x000000008df00000, 0x000000008e000000, 0x000000008e000000|100%| O|  |TAMS 0x000000008e000000, 0x000000008e000000| Untracked 
|  52|0x000000008e000000, 0x000000008e100000, 0x000000008e100000|100%| O|  |TAMS 0x000000008e100000, 0x000000008e100000| Untracked 
|  53|0x000000008e100000, 0x000000008e200000, 0x000000008e200000|100%| O|  |TAMS 0x000000008e200000, 0x000000008e200000| Untracked 
|  54|0x000000008e200000, 0x000000008e300000, 0x000000008e300000|100%| O|  |TAMS 0x000000008e300000, 0x000000008e300000| Untracked 
|  55|0x000000008e300000, 0x000000008e400000, 0x000000008e400000|100%| O|  |TAMS 0x000000008e400000, 0x000000008e400000| Untracked 
|  56|0x000000008e400000, 0x000000008e500000, 0x000000008e500000|100%| O|  |TAMS 0x000000008e500000, 0x000000008e500000| Untracked 
|  57|0x000000008e500000, 0x000000008e600000, 0x000000008e600000|100%| O|  |TAMS 0x000000008e600000, 0x000000008e600000| Untracked 
|  58|0x000000008e600000, 0x000000008e700000, 0x000000008e700000|100%| O|  |TAMS 0x000000008e700000, 0x000000008e700000| Untracked 
|  59|0x000000008e700000, 0x000000008e800000, 0x000000008e800000|100%| O|  |TAMS 0x000000008e800000, 0x000000008e800000| Untracked 
|  60|0x000000008e800000, 0x000000008e900000, 0x000000008e900000|100%| O|  |TAMS 0x000000008e900000, 0x000000008e900000| Untracked 
|  61|0x000000008e900000, 0x000000008ea00000, 0x000000008ea00000|100%| O|  |TAMS 0x000000008ea00000, 0x000000008ea00000| Untracked 
|  62|0x000000008ea00000, 0x000000008eb00000, 0x000000008eb00000|100%| O|  |TAMS 0x000000008eb00000, 0x000000008eb00000| Untracked 
|  63|0x000000008eb00000, 0x000000008ec00000, 0x000000008ec00000|100%| O|  |TAMS 0x000000008ec00000, 0x000000008ec00000| Untracked 
|  64|0x000000008ec00000, 0x000000008ed00000, 0x000000008ed00000|100%| O|  |TAMS 0x000000008ed00000, 0x000000008ed00000| Untracked 
|  65|0x000000008ed00000, 0x000000008ee00000, 0x000000008ee00000|100%| O|  |TAMS 0x000000008ee00000, 0x000000008ee00000| Untracked 
|  66|0x000000008ee00000, 0x000000008ef00000, 0x000000008ef00000|100%| O|  |TAMS 0x000000008ee00000, 0x000000008ef00000| Untracked 
|  67|0x000000008ef00000, 0x000000008f000000, 0x000000008f000000|100%| O|  |TAMS 0x000000008ef00000, 0x000000008f000000| Untracked 
|  68|0x000000008f000000, 0x000000008f073800, 0x000000008f100000| 45%| O|  |TAMS 0x000000008f000000, 0x000000008f073800| Untracked 
|  69|0x000000008f100000, 0x000000008f100000, 0x000000008f200000|  0%| F|  |TAMS 0x000000008f100000, 0x000000008f100000| Untracked 
|  70|0x000000008f200000, 0x000000008f200000, 0x000000008f300000|  0%| F|  |TAMS 0x000000008f200000, 0x000000008f200000| Untracked 
|  71|0x000000008f300000, 0x000000008f300000, 0x000000008f400000|  0%| F|  |TAMS 0x000000008f300000, 0x000000008f300000| Untracked 
|  72|0x000000008f400000, 0x000000008f400000, 0x000000008f500000|  0%| F|  |TAMS 0x000000008f400000, 0x000000008f400000| Untracked 
|  73|0x000000008f500000, 0x000000008f500000, 0x000000008f600000|  0%| F|  |TAMS 0x000000008f500000, 0x000000008f500000| Untracked 
|  74|0x000000008f600000, 0x000000008f600000, 0x000000008f700000|  0%| F|  |TAMS 0x000000008f600000, 0x000000008f600000| Untracked 
|  75|0x000000008f700000, 0x000000008f700000, 0x000000008f800000|  0%| F|  |TAMS 0x000000008f700000, 0x000000008f700000| Untracked 
|  76|0x000000008f800000, 0x000000008f900000, 0x000000008f900000|100%| O|  |TAMS 0x000000008f900000, 0x000000008f900000| Untracked 
|  77|0x000000008f900000, 0x000000008fa00000, 0x000000008fa00000|100%| O|  |TAMS 0x000000008fa00000, 0x000000008fa00000| Untracked 
|  78|0x000000008fa00000, 0x000000008fb00000, 0x000000008fb00000|100%| O|  |TAMS 0x000000008fb00000, 0x000000008fb00000| Untracked 
|  79|0x000000008fb00000, 0x000000008fc00000, 0x000000008fc00000|100%| O|  |TAMS 0x000000008fc00000, 0x000000008fc00000| Untracked 
|  80|0x000000008fc00000, 0x000000008fd00000, 0x000000008fd00000|100%| O|  |TAMS 0x000000008fd00000, 0x000000008fd00000| Untracked 
|  81|0x000000008fd00000, 0x000000008fe00000, 0x000000008fe00000|100%| O|  |TAMS 0x000000008fe00000, 0x000000008fe00000| Untracked 
|  82|0x000000008fe00000, 0x000000008ff00000, 0x000000008ff00000|100%| O|  |TAMS 0x000000008ff00000, 0x000000008ff00000| Untracked 
|  83|0x000000008ff00000, 0x0000000090000000, 0x0000000090000000|100%| O|  |TAMS 0x0000000090000000, 0x0000000090000000| Untracked 
|  84|0x0000000090000000, 0x0000000090100000, 0x0000000090100000|100%| O|  |TAMS 0x0000000090100000, 0x0000000090100000| Untracked 
|  85|0x0000000090100000, 0x0000000090100000, 0x0000000090200000|  0%| F|  |TAMS 0x0000000090100000, 0x0000000090100000| Untracked 
|  86|0x0000000090200000, 0x0000000090300000, 0x0000000090300000|100%| O|  |TAMS 0x00000000902cf800, 0x0000000090300000| Untracked 
|  87|0x0000000090300000, 0x0000000090300000, 0x0000000090400000|  0%| F|  |TAMS 0x0000000090300000, 0x0000000090300000| Untracked 
|  88|0x0000000090400000, 0x0000000090400000, 0x0000000090500000|  0%| F|  |TAMS 0x0000000090400000, 0x0000000090400000| Untracked 
|  89|0x0000000090500000, 0x0000000090500000, 0x0000000090600000|  0%| F|  |TAMS 0x0000000090500000, 0x0000000090500000| Untracked 
|  90|0x0000000090600000, 0x0000000090600000, 0x0000000090700000|  0%| F|  |TAMS 0x0000000090600000, 0x0000000090600000| Untracked 
|  91|0x0000000090700000, 0x0000000090700000, 0x0000000090800000|  0%| F|  |TAMS 0x0000000090700000, 0x0000000090700000| Untracked 
|  92|0x0000000090800000, 0x0000000090800000, 0x0000000090900000|  0%| F|  |TAMS 0x0000000090800000, 0x0000000090800000| Untracked 
|  93|0x0000000090900000, 0x0000000090900000, 0x0000000090a00000|  0%| F|  |TAMS 0x0000000090900000, 0x0000000090900000| Untracked 
|  94|0x0000000090a00000, 0x0000000090a00000, 0x0000000090b00000|  0%| F|  |TAMS 0x0000000090a00000, 0x0000000090a00000| Untracked 
|  95|0x0000000090b00000, 0x0000000090b00000, 0x0000000090c00000|  0%| F|  |TAMS 0x0000000090b00000, 0x0000000090b00000| Untracked 
|  96|0x0000000090c00000, 0x0000000090c00000, 0x0000000090d00000|  0%| F|  |TAMS 0x0000000090c00000, 0x0000000090c00000| Untracked 
|  97|0x0000000090d00000, 0x0000000090d00000, 0x0000000090e00000|  0%| F|  |TAMS 0x0000000090d00000, 0x0000000090d00000| Untracked 
|  98|0x0000000090e00000, 0x0000000090e00000, 0x0000000090f00000|  0%| F|  |TAMS 0x0000000090e00000, 0x0000000090e00000| Untracked 
|  99|0x0000000090f00000, 0x0000000090f00000, 0x0000000091000000|  0%| F|  |TAMS 0x0000000090f00000, 0x0000000090f00000| Untracked 
| 100|0x0000000091000000, 0x0000000091000000, 0x0000000091100000|  0%| F|  |TAMS 0x0000000091000000, 0x0000000091000000| Untracked 
| 101|0x0000000091100000, 0x0000000091100000, 0x0000000091200000|  0%| F|  |TAMS 0x0000000091100000, 0x0000000091100000| Untracked 
| 102|0x0000000091200000, 0x0000000091200000, 0x0000000091300000|  0%| F|  |TAMS 0x0000000091200000, 0x0000000091200000| Untracked 
| 103|0x0000000091300000, 0x0000000091300000, 0x0000000091400000|  0%| F|  |TAMS 0x0000000091300000, 0x0000000091300000| Untracked 
| 104|0x0000000091400000, 0x0000000091400000, 0x0000000091500000|  0%| F|  |TAMS 0x0000000091400000, 0x0000000091400000| Untracked 
| 105|0x0000000091500000, 0x0000000091500000, 0x0000000091600000|  0%| F|  |TAMS 0x0000000091500000, 0x0000000091500000| Untracked 
| 106|0x0000000091600000, 0x0000000091600000, 0x0000000091700000|  0%| F|  |TAMS 0x0000000091600000, 0x0000000091600000| Untracked 
| 107|0x0000000091700000, 0x0000000091700000, 0x0000000091800000|  0%| F|  |TAMS 0x0000000091700000, 0x0000000091700000| Untracked 
| 108|0x0000000091800000, 0x0000000091800000, 0x0000000091900000|  0%| F|  |TAMS 0x0000000091800000, 0x0000000091800000| Untracked 
| 109|0x0000000091900000, 0x0000000091971190, 0x0000000091a00000| 44%| S|CS|TAMS 0x0000000091900000, 0x0000000091900000| Complete 
| 110|0x0000000091a00000, 0x0000000091b00000, 0x0000000091b00000|100%| S|CS|TAMS 0x0000000091a00000, 0x0000000091a00000| Complete 
| 111|0x0000000091b00000, 0x0000000091b00000, 0x0000000091c00000|  0%| F|  |TAMS 0x0000000091b00000, 0x0000000091b00000| Untracked 
| 112|0x0000000091c00000, 0x0000000091c00000, 0x0000000091d00000|  0%| F|  |TAMS 0x0000000091c00000, 0x0000000091c00000| Untracked 
| 113|0x0000000091d00000, 0x0000000091d00000, 0x0000000091e00000|  0%| F|  |TAMS 0x0000000091d00000, 0x0000000091d00000| Untracked 
| 114|0x0000000091e00000, 0x0000000091e00000, 0x0000000091f00000|  0%| F|  |TAMS 0x0000000091e00000, 0x0000000091e00000| Untracked 
| 115|0x0000000091f00000, 0x0000000091f00000, 0x0000000092000000|  0%| F|  |TAMS 0x0000000091f00000, 0x0000000091f00000| Untracked 
| 116|0x0000000092000000, 0x0000000092000000, 0x0000000092100000|  0%| F|  |TAMS 0x0000000092000000, 0x0000000092000000| Untracked 
| 117|0x0000000092100000, 0x0000000092100000, 0x0000000092200000|  0%| F|  |TAMS 0x0000000092100000, 0x0000000092100000| Untracked 
| 118|0x0000000092200000, 0x0000000092200000, 0x0000000092300000|  0%| F|  |TAMS 0x0000000092200000, 0x0000000092200000| Untracked 
| 119|0x0000000092300000, 0x0000000092300000, 0x0000000092400000|  0%| F|  |TAMS 0x0000000092300000, 0x0000000092300000| Untracked 
| 120|0x0000000092400000, 0x0000000092400000, 0x0000000092500000|  0%| F|  |TAMS 0x0000000092400000, 0x0000000092400000| Untracked 
| 121|0x0000000092500000, 0x0000000092500000, 0x0000000092600000|  0%| F|  |TAMS 0x0000000092500000, 0x0000000092500000| Untracked 
| 122|0x0000000092600000, 0x0000000092600000, 0x0000000092700000|  0%| F|  |TAMS 0x0000000092600000, 0x0000000092600000| Untracked 
| 123|0x0000000092700000, 0x0000000092700000, 0x0000000092800000|  0%| F|  |TAMS 0x0000000092700000, 0x0000000092700000| Untracked 
| 124|0x0000000092800000, 0x0000000092800000, 0x0000000092900000|  0%| F|  |TAMS 0x0000000092800000, 0x0000000092800000| Untracked 
| 125|0x0000000092900000, 0x0000000092900000, 0x0000000092a00000|  0%| F|  |TAMS 0x0000000092900000, 0x0000000092900000| Untracked 
| 126|0x0000000092a00000, 0x0000000092a00000, 0x0000000092b00000|  0%| F|  |TAMS 0x0000000092a00000, 0x0000000092a00000| Untracked 
| 127|0x0000000092b00000, 0x0000000092b00000, 0x0000000092c00000|  0%| F|  |TAMS 0x0000000092b00000, 0x0000000092b00000| Untracked 
| 128|0x0000000092c00000, 0x0000000092c00000, 0x0000000092d00000|  0%| F|  |TAMS 0x0000000092c00000, 0x0000000092c00000| Untracked 
| 129|0x0000000092d00000, 0x0000000092d00000, 0x0000000092e00000|  0%| F|  |TAMS 0x0000000092d00000, 0x0000000092d00000| Untracked 
| 130|0x0000000092e00000, 0x0000000092e00000, 0x0000000092f00000|  0%| F|  |TAMS 0x0000000092e00000, 0x0000000092e00000| Untracked 
| 131|0x0000000092f00000, 0x0000000092f00000, 0x0000000093000000|  0%| F|  |TAMS 0x0000000092f00000, 0x0000000092f00000| Untracked 
| 132|0x0000000093000000, 0x0000000093000000, 0x0000000093100000|  0%| F|  |TAMS 0x0000000093000000, 0x0000000093000000| Untracked 
| 133|0x0000000093100000, 0x0000000093100000, 0x0000000093200000|  0%| F|  |TAMS 0x0000000093100000, 0x0000000093100000| Untracked 
| 134|0x0000000093200000, 0x0000000093200000, 0x0000000093300000|  0%| F|  |TAMS 0x0000000093200000, 0x0000000093200000| Untracked 
| 135|0x0000000093300000, 0x0000000093300000, 0x0000000093400000|  0%| F|  |TAMS 0x0000000093300000, 0x0000000093300000| Untracked 
| 136|0x0000000093400000, 0x0000000093400000, 0x0000000093500000|  0%| F|  |TAMS 0x0000000093400000, 0x0000000093400000| Untracked 
| 137|0x0000000093500000, 0x0000000093500000, 0x0000000093600000|  0%| F|  |TAMS 0x0000000093500000, 0x0000000093500000| Untracked 
| 138|0x0000000093600000, 0x0000000093600000, 0x0000000093700000|  0%| F|  |TAMS 0x0000000093600000, 0x0000000093600000| Untracked 
| 139|0x0000000093700000, 0x0000000093700000, 0x0000000093800000|  0%| F|  |TAMS 0x0000000093700000, 0x0000000093700000| Untracked 
| 140|0x0000000093800000, 0x0000000093800000, 0x0000000093900000|  0%| F|  |TAMS 0x0000000093800000, 0x0000000093800000| Untracked 
| 141|0x0000000093900000, 0x0000000093900000, 0x0000000093a00000|  0%| F|  |TAMS 0x0000000093900000, 0x0000000093900000| Untracked 
| 142|0x0000000093a00000, 0x0000000093a00000, 0x0000000093b00000|  0%| F|  |TAMS 0x0000000093a00000, 0x0000000093a00000| Untracked 
| 143|0x0000000093b00000, 0x0000000093b00000, 0x0000000093c00000|  0%| F|  |TAMS 0x0000000093b00000, 0x0000000093b00000| Untracked 
| 144|0x0000000093c00000, 0x0000000093c00000, 0x0000000093d00000|  0%| F|  |TAMS 0x0000000093c00000, 0x0000000093c00000| Untracked 
| 145|0x0000000093d00000, 0x0000000093d00000, 0x0000000093e00000|  0%| F|  |TAMS 0x0000000093d00000, 0x0000000093d00000| Untracked 
| 146|0x0000000093e00000, 0x0000000093e00000, 0x0000000093f00000|  0%| F|  |TAMS 0x0000000093e00000, 0x0000000093e00000| Untracked 
| 147|0x0000000093f00000, 0x0000000093f00000, 0x0000000094000000|  0%| F|  |TAMS 0x0000000093f00000, 0x0000000093f00000| Untracked 
| 148|0x0000000094000000, 0x0000000094000000, 0x0000000094100000|  0%| F|  |TAMS 0x0000000094000000, 0x0000000094000000| Untracked 
| 149|0x0000000094100000, 0x0000000094100000, 0x0000000094200000|  0%| F|  |TAMS 0x0000000094100000, 0x0000000094100000| Untracked 
| 150|0x0000000094200000, 0x0000000094200000, 0x0000000094300000|  0%| F|  |TAMS 0x0000000094200000, 0x0000000094200000| Untracked 
| 176|0x0000000095c00000, 0x0000000095c00000, 0x0000000095d00000|  0%| F|  |TAMS 0x0000000095c00000, 0x0000000095c00000| Untracked 
| 177|0x0000000095d00000, 0x0000000095d00000, 0x0000000095e00000|  0%| F|  |TAMS 0x0000000095d00000, 0x0000000095d00000| Untracked 
| 178|0x0000000095e00000, 0x0000000095e00000, 0x0000000095f00000|  0%| F|  |TAMS 0x0000000095e00000, 0x0000000095e00000| Untracked 
|1875|0x00000000fff00000, 0x0000000100000000, 0x0000000100000000|100%| O|  |TAMS 0x0000000100000000, 0x0000000100000000| Untracked 

Card table byte_map: [0x0000022c29910000,0x0000022c29cc0000] _byte_map_base: 0x0000022c294ba000

Marking Bits (Prev, Next): (CMBitMap*) 0x0000022c1ec09290, (CMBitMap*) 0x0000022c1ec092d0
 Prev Bits: [0x0000022c2a070000, 0x0000022c2bdc0000)
 Next Bits: [0x0000022c2bdc0000, 0x0000022c2db10000)

Polling page: 0x0000022c1cb20000

Metaspace:

Usage:
  Non-class:     60.48 MB used.
      Class:     10.22 MB used.
       Both:     70.70 MB used.

Virtual space:
  Non-class space:       64.00 MB reserved,      60.81 MB ( 95%) committed,  1 nodes.
      Class space:        1.00 GB reserved,      10.50 MB (  1%) committed,  1 nodes.
             Both:        1.06 GB reserved,      71.31 MB (  7%) committed. 

Chunk freelists:
   Non-Class:  2.32 MB
       Class:  5.51 MB
        Both:  7.83 MB

MaxMetaspaceSize: unlimited
CompressedClassSpaceSize: 1.00 GB
Initial GC threshold: 21.00 MB
Current GC threshold: 116.19 MB
CDS: on
MetaspaceReclaimPolicy: balanced
 - commit_granule_bytes: 65536.
 - commit_granule_words: 8192.
 - virtual_space_node_default_size: 8388608.
 - enlarge_chunks_in_place: 1.
 - new_chunks_are_fully_committed: 0.
 - uncommit_free_chunks: 1.
 - use_allocation_guard: 0.
 - handle_deallocations: 1.


Internal statistics:

num_allocs_failed_limit: 6.
num_arena_births: 1000.
num_arena_deaths: 0.
num_vsnodes_births: 2.
num_vsnodes_deaths: 0.
num_space_committed: 1141.
num_space_uncommitted: 0.
num_chunks_returned_to_freelist: 6.
num_chunks_taken_from_freelist: 3650.
num_chunk_merges: 6.
num_chunk_splits: 2602.
num_chunks_enlarged: 1972.
num_inconsistent_stats: 0.

CodeCache: size=49152Kb used=16727Kb max_used=16727Kb free=32424Kb
 bounds [0x0000022c26450000, 0x0000022c274b0000, 0x0000022c29450000]
 total_blobs=9920 nmethods=9223 adapters=621
 compilation: enabled
              stopped_count=0, restarted_count=0
 full_count=0

Compilation events (20 events):
Event: 25.314 Thread 0x0000022c3059e870 nmethod 9213 0x0000022c274a2310 code [0x0000022c274a24c0, 0x0000022c274a2668]
Event: 25.314 Thread 0x0000022c30737f20 nmethod 9214 0x0000022c274a2810 code [0x0000022c274a2a60, 0x0000022c274a2e98]
Event: 25.316 Thread 0x0000022c30737f20 9215       1       org.springframework.cglib.core.ClassInfo::hashCode (8 bytes)
Event: 25.317 Thread 0x0000022c30737f20 nmethod 9215 0x0000022c274a3110 code [0x0000022c274a32c0, 0x0000022c274a33d8]
Event: 25.317 Thread 0x0000022c30737f20 9216       1       org.springframework.cglib.core.EmitUtils$$Lambda$718/0x0000022c323a0880::getParameterTypes (9 bytes)
Event: 25.317 Thread 0x0000022c3053c3c0 9217       1       org.springframework.cglib.core.EmitUtils::lambda$member_switch_helper$4 (34 bytes)
Event: 25.318 Thread 0x0000022c30737f20 nmethod 9216 0x0000022c274a3490 code [0x0000022c274a3660, 0x0000022c274a3838]
Event: 25.318 Thread 0x0000022c3053c3c0 nmethod 9217 0x0000022c274a3990 code [0x0000022c274a3b60, 0x0000022c274a3d18]
Event: 25.326 Thread 0x0000022c30737f20 9218       1       org.springframework.cglib.core.MethodWrapper$MethodWrapperKey::equals (8 bytes)
Event: 25.326 Thread 0x0000022c3053c3c0 9219       1       org.springframework.core.annotation.AnnotationAttributes::getEnum (11 bytes)
Event: 25.326 Thread 0x0000022c3053c3c0 nmethod 9219 0x0000022c274a3e90 code [0x0000022c274a4020, 0x0000022c274a4148]
Event: 25.326 Thread 0x0000022c3053c3c0 9220       1       org.springframework.aop.support.StaticMethodMatcher::isRuntime (2 bytes)
Event: 25.326 Thread 0x0000022c3053c3c0 nmethod 9220 0x0000022c274a4210 code [0x0000022c274a43a0, 0x0000022c274a4478]
Event: 25.327 Thread 0x0000022c30737f20 nmethod 9218 0x0000022c274a4510 code [0x0000022c274a47a0, 0x0000022c274a4f08]
Event: 25.328 Thread 0x0000022c30737f20 9221       1       org.springframework.cglib.core.TypeUtils::isProtected (12 bytes)
Event: 25.328 Thread 0x0000022c30737f20 nmethod 9221 0x0000022c274a5410 code [0x0000022c274a55a0, 0x0000022c274a5658]
Event: 25.331 Thread 0x0000022c3053c3c0 9222       1       org.springframework.dao.annotation.PersistenceExceptionTranslationAdvisor::getPointcut (5 bytes)
Event: 25.331 Thread 0x0000022c3059e870 9223       1       org.springframework.beans.factory.support.DisposableBeanAdapter::hasApplicableProcessors (50 bytes)
Event: 25.331 Thread 0x0000022c3053c3c0 nmethod 9222 0x0000022c274a5710 code [0x0000022c274a58a0, 0x0000022c274a5978]
Event: 25.332 Thread 0x0000022c3059e870 nmethod 9223 0x0000022c274a5a10 code [0x0000022c274a5be0, 0x0000022c274a5e48]

GC Heap History (20 events):
Event: 22.731 GC heap after
{Heap after GC invocations=26 (full 0):
 garbage-first heap   total 80896K, used 39857K [0x000000008ac00000, 0x0000000100000000)
  region size 1024K, 3 young (3072K), 3 survivors (3072K)
 Metaspace       used 68425K, committed 69056K, reserved 1114112K
  class space    used 10018K, committed 10304K, reserved 1048576K
}
Event: 22.733 GC heap before
{Heap before GC invocations=26 (full 0):
 garbage-first heap   total 80896K, used 40881K [0x000000008ac00000, 0x0000000100000000)
  region size 1024K, 4 young (4096K), 3 survivors (3072K)
 Metaspace       used 68425K, committed 69056K, reserved 1114112K
  class space    used 10018K, committed 10304K, reserved 1048576K
}
Event: 22.737 GC heap after
{Heap after GC invocations=27 (full 0):
 garbage-first heap   total 80896K, used 40304K [0x000000008ac00000, 0x0000000100000000)
  region size 1024K, 1 young (1024K), 1 survivors (1024K)
 Metaspace       used 68425K, committed 69056K, reserved 1114112K
  class space    used 10018K, committed 10304K, reserved 1048576K
}
Event: 22.806 GC heap before
{Heap before GC invocations=27 (full 0):
 garbage-first heap   total 80896K, used 66928K [0x000000008ac00000, 0x0000000100000000)
  region size 1024K, 27 young (27648K), 1 survivors (1024K)
 Metaspace       used 68434K, committed 69120K, reserved 1114112K
  class space    used 10018K, committed 10304K, reserved 1048576K
}
Event: 22.810 GC heap after
{Heap after GC invocations=28 (full 0):
 garbage-first heap   total 183296K, used 42900K [0x000000008ac00000, 0x0000000100000000)
  region size 1024K, 4 young (4096K), 4 survivors (4096K)
 Metaspace       used 68434K, committed 69120K, reserved 1114112K
  class space    used 10018K, committed 10304K, reserved 1048576K
}
Event: 23.245 GC heap before
{Heap before GC invocations=29 (full 0):
 garbage-first heap   total 157696K, used 127892K [0x000000008ac00000, 0x0000000100000000)
  region size 1024K, 87 young (89088K), 4 survivors (4096K)
 Metaspace       used 69790K, committed 70464K, reserved 1114112K
  class space    used 10189K, committed 10496K, reserved 1048576K
}
Event: 23.249 GC heap after
{Heap after GC invocations=30 (full 0):
 garbage-first heap   total 157696K, used 46281K [0x000000008ac00000, 0x0000000100000000)
  region size 1024K, 7 young (7168K), 7 survivors (7168K)
 Metaspace       used 69790K, committed 70464K, reserved 1114112K
  class space    used 10189K, committed 10496K, reserved 1048576K
}
Event: 23.252 GC heap before
{Heap before GC invocations=30 (full 0):
 garbage-first heap   total 157696K, used 47305K [0x000000008ac00000, 0x0000000100000000)
  region size 1024K, 8 young (8192K), 7 survivors (7168K)
 Metaspace       used 69790K, committed 70464K, reserved 1114112K
  class space    used 10189K, committed 10496K, reserved 1048576K
}
Event: 23.256 GC heap after
{Heap after GC invocations=31 (full 0):
 garbage-first heap   total 157696K, used 44086K [0x000000008ac00000, 0x0000000100000000)
  region size 1024K, 1 young (1024K), 1 survivors (1024K)
 Metaspace       used 69790K, committed 70464K, reserved 1114112K
  class space    used 10189K, committed 10496K, reserved 1048576K
}
Event: 23.530 GC heap before
{Heap before GC invocations=31 (full 0):
 garbage-first heap   total 157696K, used 126006K [0x000000008ac00000, 0x0000000100000000)
  region size 1024K, 78 young (79872K), 1 survivors (1024K)
 Metaspace       used 69790K, committed 70464K, reserved 1114112K
  class space    used 10189K, committed 10496K, reserved 1048576K
}
Event: 23.552 GC heap after
{Heap after GC invocations=32 (full 0):
 garbage-first heap   total 158720K, used 78089K [0x000000008ac00000, 0x0000000100000000)
  region size 1024K, 10 young (10240K), 10 survivors (10240K)
 Metaspace       used 69790K, committed 70464K, reserved 1114112K
  class space    used 10189K, committed 10496K, reserved 1048576K
}
Event: 23.864 GC heap before
{Heap before GC invocations=32 (full 0):
 garbage-first heap   total 158720K, used 117001K [0x000000008ac00000, 0x0000000100000000)
  region size 1024K, 48 young (49152K), 10 survivors (10240K)
 Metaspace       used 70050K, committed 70656K, reserved 1114112K
  class space    used 10238K, committed 10496K, reserved 1048576K
}
Event: 23.873 GC heap after
{Heap after GC invocations=33 (full 0):
 garbage-first heap   total 158720K, used 82332K [0x000000008ac00000, 0x0000000100000000)
  region size 1024K, 3 young (3072K), 3 survivors (3072K)
 Metaspace       used 70050K, committed 70656K, reserved 1114112K
  class space    used 10238K, committed 10496K, reserved 1048576K
}
Event: 24.295 GC heap before
{Heap before GC invocations=33 (full 0):
 garbage-first heap   total 158720K, used 121244K [0x000000008ac00000, 0x0000000100000000)
  region size 1024K, 41 young (41984K), 3 survivors (3072K)
 Metaspace       used 70565K, committed 71232K, reserved 1114112K
  class space    used 10286K, committed 10560K, reserved 1048576K
}
Event: 24.299 GC heap after
{Heap after GC invocations=34 (full 0):
 garbage-first heap   total 158720K, used 82991K [0x000000008ac00000, 0x0000000100000000)
  region size 1024K, 4 young (4096K), 4 survivors (4096K)
 Metaspace       used 70565K, committed 71232K, reserved 1114112K
  class space    used 10286K, committed 10560K, reserved 1048576K
}
Event: 24.930 GC heap before
{Heap before GC invocations=35 (full 0):
 garbage-first heap   total 158720K, used 120879K [0x000000008ac00000, 0x0000000100000000)
  region size 1024K, 44 young (45056K), 4 survivors (4096K)
 Metaspace       used 71930K, committed 72576K, reserved 1114112K
  class space    used 10432K, committed 10752K, reserved 1048576K
}
Event: 24.934 GC heap after
{Heap after GC invocations=36 (full 0):
 garbage-first heap   total 158720K, used 82034K [0x000000008ac00000, 0x0000000100000000)
  region size 1024K, 6 young (6144K), 6 survivors (6144K)
 Metaspace       used 71930K, committed 72576K, reserved 1114112K
  class space    used 10432K, committed 10752K, reserved 1048576K
}
Event: 24.938 GC heap before
{Heap before GC invocations=36 (full 0):
 garbage-first heap   total 158720K, used 83058K [0x000000008ac00000, 0x0000000100000000)
  region size 1024K, 7 young (7168K), 6 survivors (6144K)
 Metaspace       used 71930K, committed 72576K, reserved 1114112K
  class space    used 10432K, committed 10752K, reserved 1048576K
}
Event: 24.943 GC heap after
{Heap after GC invocations=37 (full 0):
 garbage-first heap   total 158720K, used 81707K [0x000000008ac00000, 0x0000000100000000)
  region size 1024K, 1 young (1024K), 1 survivors (1024K)
 Metaspace       used 71930K, committed 72576K, reserved 1114112K
  class space    used 10432K, committed 10752K, reserved 1048576K
}
Event: 25.333 GC heap before
{Heap before GC invocations=37 (full 0):
 garbage-first heap   total 158720K, used 124715K [0x000000008ac00000, 0x0000000100000000)
  region size 1024K, 43 young (44032K), 1 survivors (1024K)
 Metaspace       used 72394K, committed 73024K, reserved 1114112K
  class space    used 10462K, committed 10752K, reserved 1048576K
}

Deoptimization events (6 events):
Event: 5.166 Thread 0x0000022c30540db0 DEOPT PACKING pc=0x0000022c26cecbb4 sp=0x0000005bcc7fb650
Event: 5.166 Thread 0x0000022c30540db0 DEOPT UNPACKING pc=0x0000022c264a2b43 sp=0x0000005bcc7fabd8 mode 0
Event: 5.166 Thread 0x0000022c30540db0 DEOPT PACKING pc=0x0000022c26c3d76c sp=0x0000005bcc7fb830
Event: 5.166 Thread 0x0000022c30540db0 DEOPT UNPACKING pc=0x0000022c264a2b43 sp=0x0000005bcc7facf0 mode 0
Event: 10.450 Thread 0x0000022c30540db0 DEOPT PACKING pc=0x0000022c26f7fc74 sp=0x0000005bcc7f8720
Event: 10.450 Thread 0x0000022c30540db0 DEOPT UNPACKING pc=0x0000022c264a2b43 sp=0x0000005bcc7f7bb8 mode 0

Classes unloaded (0 events):
No events

Classes redefined (0 events):
No events

Internal exceptions (20 events):
Event: 21.945 Thread 0x0000022c30540db0 Exception <a 'java/lang/NoSuchMethodError'{0x000000008dad1578}: 'long java.lang.invoke.DirectMethodHandle$Holder.invokeVirtual(java.lang.Object, java.lang.Object)'> (0x000000008dad1578) 
thrown [s\open\src\hotspot\share\interpreter\linkResolver.cpp, line 759]
Event: 21.958 Thread 0x0000022c30540db0 Exception <a 'java/io/FileNotFoundException'{0x0000000092107bf8}> (0x0000000092107bf8) 
thrown [s\open\src\hotspot\share\prims\jni.cpp, line 516]
Event: 21.997 Thread 0x0000022c30540db0 Exception <a 'java/lang/NoSuchMethodError'{0x0000000090779580}: 'void java.lang.invoke.DirectMethodHandle$Holder.invokeVirtual(java.lang.Object, java.lang.Object, long)'> (0x0000000090779580) 
thrown [s\open\src\hotspot\share\interpreter\linkResolver.cpp, line 759]
Event: 22.261 Thread 0x0000022c30540db0 Exception <a 'java/lang/reflect/InvocationTargetException'{0x00000000905206c8}> (0x00000000905206c8) 
thrown [s\open\src\hotspot\share\runtime\reflection.cpp, line 1121]
Event: 22.264 Thread 0x0000022c30540db0 Exception <a 'java/lang/reflect/InvocationTargetException'{0x0000000090533548}> (0x0000000090533548) 
thrown [s\open\src\hotspot\share\runtime\reflection.cpp, line 1121]
Event: 22.269 Thread 0x0000022c30540db0 Exception <a 'java/lang/reflect/InvocationTargetException'{0x000000009056ec00}> (0x000000009056ec00) 
thrown [s\open\src\hotspot\share\runtime\reflection.cpp, line 1121]
Event: 22.931 Thread 0x0000022c30540db0 Exception <a 'java/lang/reflect/InvocationTargetException'{0x00000000941eced8}> (0x00000000941eced8) 
thrown [s\open\src\hotspot\share\runtime\reflection.cpp, line 1121]
Event: 23.660 Thread 0x0000022c30540db0 Exception <a 'java/lang/reflect/InvocationTargetException'{0x0000000092dd4aa0}> (0x0000000092dd4aa0) 
thrown [s\open\src\hotspot\share\runtime\reflection.cpp, line 1121]
Event: 23.666 Thread 0x0000022c30540db0 Exception <a 'java/lang/reflect/InvocationTargetException'{0x0000000092c66140}> (0x0000000092c66140) 
thrown [s\open\src\hotspot\share\runtime\reflection.cpp, line 1121]
Event: 23.669 Thread 0x0000022c30540db0 Exception <a 'java/lang/reflect/InvocationTargetException'{0x0000000092c7d988}> (0x0000000092c7d988) 
thrown [s\open\src\hotspot\share\runtime\reflection.cpp, line 1121]
Event: 23.703 Thread 0x0000022c30540db0 Exception <a 'java/lang/reflect/InvocationTargetException'{0x0000000092952898}> (0x0000000092952898) 
thrown [s\open\src\hotspot\share\runtime\reflection.cpp, line 1121]
Event: 23.707 Thread 0x0000022c30540db0 Exception <a 'java/lang/reflect/InvocationTargetException'{0x0000000092960bb0}> (0x0000000092960bb0) 
thrown [s\open\src\hotspot\share\runtime\reflection.cpp, line 1121]
Event: 23.710 Thread 0x0000022c30540db0 Exception <a 'java/lang/reflect/InvocationTargetException'{0x0000000092971488}> (0x0000000092971488) 
thrown [s\open\src\hotspot\share\runtime\reflection.cpp, line 1121]
Event: 23.714 Thread 0x0000022c30540db0 Exception <a 'java/lang/reflect/InvocationTargetException'{0x000000009298f1f8}> (0x000000009298f1f8) 
thrown [s\open\src\hotspot\share\runtime\reflection.cpp, line 1121]
Event: 23.721 Thread 0x0000022c30540db0 Exception <a 'java/lang/reflect/InvocationTargetException'{0x00000000929a9720}> (0x00000000929a9720) 
thrown [s\open\src\hotspot\share\runtime\reflection.cpp, line 1121]
Event: 23.724 Thread 0x0000022c30540db0 Exception <a 'java/lang/reflect/InvocationTargetException'{0x00000000929bf6e8}> (0x00000000929bf6e8) 
thrown [s\open\src\hotspot\share\runtime\reflection.cpp, line 1121]
Event: 23.728 Thread 0x0000022c30540db0 Exception <a 'java/lang/reflect/InvocationTargetException'{0x00000000929d11a8}> (0x00000000929d11a8) 
thrown [s\open\src\hotspot\share\runtime\reflection.cpp, line 1121]
Event: 24.524 Thread 0x0000022c30540db0 Exception <a 'java/lang/NoSuchMethodError'{0x0000000093872dd0}: 'int java.lang.invoke.DirectMethodHandle$Holder.invokeStaticInit(java.lang.Object, int, java.lang.Object, java.lang.Object, java.lang.Object, java.lang.Object)'> (0x0000000093872dd0) 
thrown [s\open\src\hotspot\share\interpreter\linkResolver.cpp, line 759]
Event: 24.582 Thread 0x0000022c30540db0 Exception <a 'java/io/FileNotFoundException'{0x0000000093536c90}> (0x0000000093536c90) 
thrown [s\open\src\hotspot\share\prims\jni.cpp, line 516]
Event: 24.583 Thread 0x0000022c30540db0 Exception <a 'java/io/FileNotFoundException'{0x0000000093542108}> (0x0000000093542108) 
thrown [s\open\src\hotspot\share\prims\jni.cpp, line 516]

VM Operations (20 events):
Event: 23.256 Executing VM operation: G1CollectForAllocation done
Event: 23.530 Executing VM operation: G1CollectForAllocation
Event: 23.552 Executing VM operation: G1CollectForAllocation done
Event: 23.864 Executing VM operation: G1CollectForAllocation
Event: 23.873 Executing VM operation: G1CollectForAllocation done
Event: 24.295 Executing VM operation: G1CollectForAllocation
Event: 24.299 Executing VM operation: G1CollectForAllocation done
Event: 24.400 Executing VM operation: G1Concurrent
Event: 24.405 Executing VM operation: G1Concurrent done
Event: 24.443 Executing VM operation: G1Concurrent
Event: 24.443 Executing VM operation: G1Concurrent done
Event: 24.518 Executing VM operation: HandshakeAllThreads
Event: 24.518 Executing VM operation: HandshakeAllThreads done
Event: 24.695 Executing VM operation: HandshakeAllThreads
Event: 24.695 Executing VM operation: HandshakeAllThreads done
Event: 24.929 Executing VM operation: G1CollectForAllocation
Event: 24.934 Executing VM operation: G1CollectForAllocation done
Event: 24.938 Executing VM operation: G1CollectForAllocation
Event: 24.943 Executing VM operation: G1CollectForAllocation done
Event: 25.333 Executing VM operation: G1CollectForAllocation

Events (20 events):
Event: 22.303 loading class java/util/EmptyStackException
Event: 22.304 loading class java/util/EmptyStackException done
Event: 22.458 loading class java/io/InvalidClassException
Event: 22.458 loading class java/io/InvalidClassException done
Event: 22.474 loading class java/util/ArrayList$ListItr
Event: 22.475 loading class java/util/ArrayList$ListItr done
Event: 23.715 loading class java/lang/invoke/MethodHandleImpl$CountingWrapper$1
Event: 23.715 loading class java/lang/invoke/MethodHandleImpl$CountingWrapper$1 done
Event: 24.558 loading class sun/reflect/ReflectionFactory
Event: 24.558 loading class sun/reflect/ReflectionFactory done
Event: 24.559 loading class sun/reflect/ReflectionFactory$1
Event: 24.559 loading class sun/reflect/ReflectionFactory$1 done
Event: 24.559 loading class java/io/OptionalDataException
Event: 24.559 loading class java/io/OptionalDataException done
Event: 24.864 loading class java/time/DayOfWeek
Event: 24.865 loading class java/time/DayOfWeek done
Event: 24.865 loading class java/time/zone/ZoneOffsetTransitionRule$TimeDefinition
Event: 24.865 loading class java/time/zone/ZoneOffsetTransitionRule$TimeDefinition done
Event: 24.898 loading class jdk/internal/loader/BootLoader$PackageHelper
Event: 24.898 loading class jdk/internal/loader/BootLoader$PackageHelper done


Dynamic libraries:
0x00007ff616cc0000 - 0x00007ff616cd0000 	C:\Program Files\Java\jdk-17\bin\javaw.exe
0x00007ff9e3610000 - 0x00007ff9e3827000 	C:\WINDOWS\SYSTEM32\ntdll.dll
0x00007ff9e28e0000 - 0x00007ff9e29a4000 	C:\WINDOWS\System32\KERNEL32.DLL
0x00007ff9e0ec0000 - 0x00007ff9e1292000 	C:\WINDOWS\System32\KERNELBASE.dll
0x00007ff9e09e0000 - 0x00007ff9e0af1000 	C:\WINDOWS\System32\ucrtbase.dll
0x00007ff9c8320000 - 0x00007ff9c8339000 	C:\Program Files\Java\jdk-17\bin\jli.dll
0x00007ff9b9f40000 - 0x00007ff9b9f5b000 	C:\Program Files\Java\jdk-17\bin\VCRUNTIME140.dll
0x00007ff9e3350000 - 0x00007ff9e3401000 	C:\WINDOWS\System32\ADVAPI32.dll
0x00007ff9e12a0000 - 0x00007ff9e1347000 	C:\WINDOWS\System32\msvcrt.dll
0x00007ff9e14e0000 - 0x00007ff9e1588000 	C:\WINDOWS\System32\sechost.dll
0x00007ff9e0cd0000 - 0x00007ff9e0cf8000 	C:\WINDOWS\System32\bcrypt.dll
0x00007ff9e2e90000 - 0x00007ff9e2fa7000 	C:\WINDOWS\System32\RPCRT4.dll
0x00007ff9e2c60000 - 0x00007ff9e2e11000 	C:\WINDOWS\System32\USER32.dll
0x00007ff9e0700000 - 0x00007ff9e0726000 	C:\WINDOWS\System32\win32u.dll
0x00007ff9cbd20000 - 0x00007ff9cbfbb000 	C:\WINDOWS\WinSxS\amd64_microsoft.windows.common-controls_6595b64144ccf1df_6.0.22621.5697_none_27154c497380d676\COMCTL32.dll
0x00007ff9e2c30000 - 0x00007ff9e2c59000 	C:\WINDOWS\System32\GDI32.dll
0x00007ff9e0b00000 - 0x00007ff9e0c23000 	C:\WINDOWS\System32\gdi32full.dll
0x00007ff9e0c30000 - 0x00007ff9e0cca000 	C:\WINDOWS\System32\msvcp_win.dll
0x00007ff9d8b70000 - 0x00007ff9d8b7a000 	C:\WINDOWS\SYSTEM32\VERSION.dll
0x00007ff9e1350000 - 0x00007ff9e1381000 	C:\WINDOWS\System32\IMM32.DLL
0x00007ff9caea0000 - 0x00007ff9caeac000 	C:\Program Files\Java\jdk-17\bin\vcruntime140_1.dll
0x00007ff999d10000 - 0x00007ff999d9e000 	C:\Program Files\Java\jdk-17\bin\msvcp140.dll
0x00007ff9988c0000 - 0x00007ff9994a0000 	C:\Program Files\Java\jdk-17\bin\server\jvm.dll
0x00007ff9e1590000 - 0x00007ff9e1598000 	C:\WINDOWS\System32\PSAPI.DLL
0x00007ff9dc3a0000 - 0x00007ff9dc3d4000 	C:\WINDOWS\SYSTEM32\WINMM.dll
0x00007ff9c1720000 - 0x00007ff9c1729000 	C:\WINDOWS\SYSTEM32\WSOCK32.dll
0x00007ff9e29b0000 - 0x00007ff9e2a21000 	C:\WINDOWS\System32\WS2_32.dll
0x00007ff9df6e0000 - 0x00007ff9df6f8000 	C:\WINDOWS\SYSTEM32\kernel.appcore.dll
0x00007ff9cacc0000 - 0x00007ff9cacca000 	C:\Program Files\Java\jdk-17\bin\jimage.dll
0x00007ff9daf40000 - 0x00007ff9db173000 	C:\WINDOWS\SYSTEM32\DBGHELP.DLL
0x00007ff9e2fb0000 - 0x00007ff9e3342000 	C:\WINDOWS\System32\combase.dll
0x00007ff9e1390000 - 0x00007ff9e1468000 	C:\WINDOWS\System32\OLEAUT32.dll
0x00007ff9c29c0000 - 0x00007ff9c29f2000 	C:\WINDOWS\SYSTEM32\dbgcore.DLL
0x00007ff9e0d00000 - 0x00007ff9e0d7b000 	C:\WINDOWS\System32\bcryptPrimitives.dll
0x00007ff99aae0000 - 0x00007ff99ab05000 	C:\Program Files\Java\jdk-17\bin\java.dll
0x00007ff9987e0000 - 0x00007ff9988b7000 	C:\Program Files\Java\jdk-17\bin\jsvml.dll
0x00007ff9e1fb0000 - 0x00007ff9e2851000 	C:\WINDOWS\System32\SHELL32.dll
0x00007ff9e0d80000 - 0x00007ff9e0ebf000 	C:\WINDOWS\System32\wintypes.dll
0x00007ff9de5e0000 - 0x00007ff9deefa000 	C:\WINDOWS\SYSTEM32\windows.storage.dll
0x00007ff9e34c0000 - 0x00007ff9e35cb000 	C:\WINDOWS\System32\SHCORE.dll
0x00007ff9e2e20000 - 0x00007ff9e2e89000 	C:\WINDOWS\System32\shlwapi.dll
0x00007ff9e0630000 - 0x00007ff9e065b000 	C:\WINDOWS\SYSTEM32\profapi.dll
0x00007ff9b9f20000 - 0x00007ff9b9f39000 	C:\Program Files\Java\jdk-17\bin\net.dll
0x00007ff9dc270000 - 0x00007ff9dc39c000 	C:\WINDOWS\SYSTEM32\WINHTTP.dll
0x00007ff9dfbb0000 - 0x00007ff9dfc19000 	C:\WINDOWS\system32\mswsock.dll
0x00007ff99b490000 - 0x00007ff99b4a6000 	C:\Program Files\Java\jdk-17\bin\nio.dll
0x00007ff99a830000 - 0x00007ff99a848000 	C:\Program Files\Java\jdk-17\bin\zip.dll
0x00007ff9cab90000 - 0x00007ff9cab9a000 	C:\Program Files\Java\jdk-17\bin\management.dll
0x00007ff9cab70000 - 0x00007ff9cab7b000 	C:\Program Files\Java\jdk-17\bin\management_ext.dll
0x00007ff9bf670000 - 0x00007ff9bf687000 	C:\WINDOWS\system32\napinsp.dll
0x00007ff9bf650000 - 0x00007ff9bf66b000 	C:\WINDOWS\system32\pnrpnsp.dll
0x00007ff9df1d0000 - 0x00007ff9df2c8000 	C:\WINDOWS\SYSTEM32\DNSAPI.dll
0x00007ff9df160000 - 0x00007ff9df18d000 	C:\WINDOWS\SYSTEM32\IPHLPAPI.DLL
0x00007ff9e2a30000 - 0x00007ff9e2a39000 	C:\WINDOWS\System32\NSI.dll
0x00007ff9bf630000 - 0x00007ff9bf641000 	C:\WINDOWS\System32\winrnr.dll
0x00007ff9bf610000 - 0x00007ff9bf62f000 	C:\WINDOWS\system32\wshbth.dll
0x00007ff9bf5e0000 - 0x00007ff9bf601000 	C:\WINDOWS\system32\nlansp_c.dll
0x00007ff9dc3e0000 - 0x00007ff9dc3ea000 	C:\Windows\System32\rasadhlp.dll
0x00007ff9d8fc0000 - 0x00007ff9d9044000 	C:\WINDOWS\System32\fwpuclnt.dll
0x00007ff9dfe00000 - 0x00007ff9dfe1b000 	C:\WINDOWS\SYSTEM32\CRYPTSP.dll
0x00007ff9df640000 - 0x00007ff9df677000 	C:\WINDOWS\system32\rsaenh.dll
0x00007ff9dfca0000 - 0x00007ff9dfcc8000 	C:\WINDOWS\SYSTEM32\USERENV.dll
0x00007ff9dfe20000 - 0x00007ff9dfe2c000 	C:\WINDOWS\SYSTEM32\CRYPTBASE.dll
0x00007ff9dc3f0000 - 0x00007ff9dc409000 	C:\WINDOWS\SYSTEM32\dhcpcsvc6.DLL
0x00007ff9dc250000 - 0x00007ff9dc26f000 	C:\WINDOWS\SYSTEM32\dhcpcsvc.DLL
0x00007ff9a2090000 - 0x00007ff9a209e000 	C:\Program Files\Java\jdk-17\bin\sunmscapi.dll
0x00007ff9e07b0000 - 0x00007ff9e0918000 	C:\WINDOWS\System32\CRYPT32.dll
0x00007ff9dffc0000 - 0x00007ff9dffed000 	C:\WINDOWS\SYSTEM32\ncrypt.dll
0x00007ff9dff80000 - 0x00007ff9dffb7000 	C:\WINDOWS\SYSTEM32\NTASN1.dll
0x00007ff9cac40000 - 0x00007ff9cac50000 	C:\Program Files\Java\jdk-17\bin\verify.dll

dbghelp: loaded successfully - version: 4.0.5 - missing functions: none
symbol engine: initialized successfully - sym options: 0x614 - pdb path: .;C:\Program Files\Java\jdk-17\bin;C:\WINDOWS\SYSTEM32;C:\WINDOWS\WinSxS\amd64_microsoft.windows.common-controls_6595b64144ccf1df_6.0.22621.5697_none_27154c497380d676;C:\Program Files\Java\jdk-17\bin\server

VM Arguments:
jvm_args: -Dcom.sun.management.jmxremote -Dcom.sun.management.jmxremote.port=51692 -Dcom.sun.management.jmxremote.authenticate=false -Dcom.sun.management.jmxremote.ssl=false -Djava.rmi.server.hostname=localhost -Dspring.jmx.enabled=true -Dmanagement.endpoints.jmx.exposure.include=* -Dspring.application.admin.enabled=true -XX:TieredStopAtLevel=1 -Dspring.boot.project.name=Global-events-with-polymers -Dfile.encoding=UTF-8 -Dstdout.encoding=UTF-8 -Dstderr.encoding=UTF-8 -XX:+ShowCodeDetailsInExceptionMessages 
java_command: com.zn.GlobalEventApplication --spring.output.ansi.enabled=always
java_class_path (initial): E:\Zynlogic-back\conference\Global-events-with-polymers\target\classes;C:\Users\NAGARAJU\.m2\repository\org\springframework\boot\spring-boot-starter-web\3.5.3\spring-boot-starter-web-3.5.3.jar;C:\Users\NAGARAJU\.m2\repository\org\springframework\boot\spring-boot-starter\3.5.3\spring-boot-starter-3.5.3.jar;C:\Users\NAGARAJU\.m2\repository\org\springframework\boot\spring-boot-starter-logging\3.5.3\spring-boot-starter-logging-3.5.3.jar;C:\Users\NAGARAJU\.m2\repository\ch\qos\logback\logback-classic\1.5.18\logback-classic-1.5.18.jar;C:\Users\NAGARAJU\.m2\repository\ch\qos\logback\logback-core\1.5.18\logback-core-1.5.18.jar;C:\Users\NAGARAJU\.m2\repository\org\apache\logging\log4j\log4j-to-slf4j\2.24.3\log4j-to-slf4j-2.24.3.jar;C:\Users\NAGARAJU\.m2\repository\org\apache\logging\log4j\log4j-api\2.24.3\log4j-api-2.24.3.jar;C:\Users\NAGARAJU\.m2\repository\org\slf4j\jul-to-slf4j\2.0.17\jul-to-slf4j-2.0.17.jar;C:\Users\NAGARAJU\.m2\repository\org\yaml\snakeyaml\2.4\snakeyaml-2.4.jar;C:\Users\NAGARAJU\.m2\repository\org\springframework\spring-web\6.2.8\spring-web-6.2.8.jar;C:\Users\NAGARAJU\.m2\repository\org\springframework\spring-beans\6.2.8\spring-beans-6.2.8.jar;C:\Users\NAGARAJU\.m2\repository\io\micrometer\micrometer-observation\1.15.1\micrometer-observation-1.15.1.jar;C:\Users\NAGARAJU\.m2\repository\io\micrometer\micrometer-commons\1.15.1\micrometer-commons-1.15.1.jar;C:\Users\NAGARAJU\.m2\repository\org\springframework\spring-webmvc\6.2.8\spring-webmvc-6.2.8.jar;C:\Users\NAGARAJU\.m2\repository\org\springframework\spring-context\6.2.8\spring-context-6.2.8.jar;C:\Users\NAGARAJU\.m2\repository\org\springframework\spring-expression\6.2.8\spring-expression-6.2.8.jar;C:\Users\NAGARAJU\.m2\repository\org\springframework\boot\spring-boot-starter-data-jpa\3.5.3\spring-boot-starter-data-jpa-3.5.3.jar;C:\Users\NAGARAJU\.m2\repository\org\springframework\boot\spring-boot-starter-jdbc\3.5.3\spring-boot-starter-jdbc-3.5.3.jar;C:\Users\NAGARAJU\.m2\re
Launcher Type: SUN_STANDARD

[Global flags]
     intx CICompilerCount                          = 4                                         {product} {ergonomic}
     uint ConcGCThreads                            = 2                                         {product} {ergonomic}
     uint G1ConcRefinementThreads                  = 8                                         {product} {ergonomic}
   size_t G1HeapRegionSize                         = 1048576                                   {product} {ergonomic}
    uintx GCDrainStackTargetSize                   = 64                                        {product} {ergonomic}
   size_t InitialHeapSize                          = 123731968                                 {product} {ergonomic}
     bool ManagementServer                         = true                                      {product} {command line}
   size_t MarkStackSize                            = 4194304                                   {product} {ergonomic}
   size_t MaxHeapSize                              = 1967128576                                {product} {ergonomic}
   size_t MaxNewSize                               = 1179648000                                {product} {ergonomic}
   size_t MinHeapDeltaBytes                        = 1048576                                   {product} {ergonomic}
   size_t MinHeapSize                              = 8388608                                   {product} {ergonomic}
    uintx NonProfiledCodeHeapSize                  = 0                                      {pd product} {ergonomic}
     bool ProfileInterpreter                       = false                                  {pd product} {command line}
    uintx ProfiledCodeHeapSize                     = 0                                      {pd product} {ergonomic}
     bool ShowCodeDetailsInExceptionMessages       = true                                   {manageable} {command line}
   size_t SoftMaxHeapSize                          = 1967128576                             {manageable} {ergonomic}
     intx TieredStopAtLevel                        = 1                                         {product} {command line}
     bool UseCompressedClassPointers               = true                           {product lp64_product} {ergonomic}
     bool UseCompressedOops                        = true                           {product lp64_product} {ergonomic}
     bool UseG1GC                                  = true                                      {product} {ergonomic}
     bool UseLargePagesIndividualAllocation        = false                                  {pd product} {ergonomic}

Logging:
Log output configuration:
 #0: stdout all=warning uptime,level,tags
 #1: stderr all=off uptime,level,tags

Environment Variables:
JAVA_HOME=C:\Program Files\Java\jdk-17
PATH=D:/test01/eclipse//plugins/org.eclipse.justj.openjdk.hotspot.jre.full.win32.x86_64_21.0.5.v20241023-1957/jre/bin/server;D:/test01/eclipse//plugins/org.eclipse.justj.openjdk.hotspot.jre.full.win32.x86_64_21.0.5.v20241023-1957/jre/bin;C:\Program Files\Eclipse Adoptium\jdk-11.0.26.4-hotspot\bin;C:\Program Files\Eclipse Adoptium\jdk-17.0.14.7-hotspot\bin;C:\Program Files\Java\jdk-17\bin;C:\Program Files\nodejs;E:\Android\Sdk\platform-tools;E:\Android\Sdk\emulator;E:\Android\Sdk\cmdline-tools\latest\bin;E:\Android\Sdk\platform-tools;E:\Android\Sdk\emulator;E:\Android\Sdk\cmdline-tools\latest\bin;C:\Users\NAGARAJU\AppData\Local\Android\Sdk\platform-tools;C:\Users\NAGARAJU\AppData\Local\Android\Sdk\emulator;C:\Users\NAGARAJU\AppData\Local\Android\Sdk\cmdline-tools\latest\bin;C:\Users\NAGARAJU\AppData\Local\Android\Sdk\platform-tools;C:\Users\NAGARAJU\AppData\Local\Android\Sdk\platform-tools;C:\Users\NAGARAJU\AppData\Local\Android\Sdk\platform-tools;C:\Users\NAGARAJU\AppData\Local\Android\Sdk\emulator;C:\Users\NAGARAJU\AppData\Local\Android\Sdk\cmdline-tools\latest\bin;C:\Users\NAGARAJU\AppData\Local\Android\Sdk\platform-tools;C:\Users\NAGARAJU\AppData\Local\Android\Sdk\emulator;C:\Users\NAGARAJU\AppData\Local\Android\Sdk\cmdline-tools\latest\bin;C:\Users\NAGARAJU\AppData\Local\Android\Sdk\platform-tools;C:\Users\NAGARAJU\AppData\Local\Android\Sdk\emulator;C:\Users\NAGARAJU\AppData\Local\Android\Sdk\cmdline-tools\latest\bin;C:\Program Files\Eclipse Adoptium\jdk-11.0.26.4-hotspot\bin;C:\Program Files\Eclipse Adoptium\jdk-17.0.14.7-hotspot\bin;C:\Program Files\Java\jdk-17\bin;C:\Program Files\nodejs;E:\Android\Sdk\platform-tools;E:\Android\Sdk\emulator;E:\Android\Sdk\cmdline-tools\latest\bin;E:\Android\Sdk\platform-tools;E:\Android\Sdk\emulator;E:\Android\Sdk\cmdline-tools\latest\bin;C:\Users\NAGARAJU\AppData\Local\Android\Sdk\platform-tools;C:\Users\NAGARAJU\AppData\Local\Android\Sdk\emulator;C:\Users\NAGARAJU\AppData\Local\Android\Sdk\cmdline-tools\latest\bin;C:\Users\NAG
USERNAME=NAGARAJU
OS=Windows_NT
PROCESSOR_IDENTIFIER=AMD64 Family 23 Model 104 Stepping 1, AuthenticAMD



---------------  S Y S T E M  ---------------

OS:
 Windows 11 , 64 bit Build 22621 (10.0.22621.5415)
OS uptime: 0 days 4:40 hours

CPU: total 8 (initial active 8) (8 cores per cpu, 2 threads per core) family 23 model 104 stepping 1 microcode 0x0, cx8, cmov, fxsr, ht, mmx, 3dnowpref, sse, sse2, sse3, ssse3, sse4a, sse4.1, sse4.2, popcnt, lzcnt, tsc, tscinvbit, avx, avx2, aes, clmul, bmi1, bmi2, adx, sha, fma, vzeroupper, clflush, clflushopt

Memory: 4k page, system-wide physical 7502M (360M free)
TotalPageFile size 26068M (AvailPageFile size 26M)
current process WorkingSet (physical memory assigned to process): 322M, peak: 322M
current process commit charge ("private bytes"): 362M, peak: 387M

vm_info: Java HotSpot(TM) 64-Bit Server VM (17.0.12+8-LTS-286) for windows-amd64 JRE (17.0.12+8-LTS-286), built on Jun  5 2024 06:46:59 by "mach5one" with MS VC++ 17.6 (VS2022)

END.
