#
# There is insufficient memory for the Java Runtime Environment to continue.
# Native memory allocation (mmap) failed to map 1933312 bytes for G1 virtual space
# Possible reasons:
#   The system is out of physical RAM or swap space
#   The process is running with CompressedOops enabled, and the Java Heap may be blocking the growth of the native heap
# Possible solutions:
#   Reduce memory load on the system
#   Increase physical memory or swap space
#   Check if swap backing store is full
#   Decrease Java heap size (-Xmx/-Xms)
#   Decrease number of Java threads
#   Decrease Java thread stack sizes (-Xss)
#   Set larger code cache with -XX:ReservedCodeCacheSize=
#   JVM is running with Unscaled Compressed Oops mode in which the Java heap is
#     placed in the first 4GB address space. The Java Heap base address is the
#     maximum limit for the native heap growth. Please use -XX:HeapBaseMinAddress
#     to set the Java Heap base and to place the Java Heap above 4GB virtual address.
# This output file may be truncated or incomplete.
#
#  Out of Memory Error (os_windows.cpp:3548), pid=22676, tid=3156
#
# JRE version:  (17.0.12+8) (build )
# Java VM: Java HotSpot(TM) 64-Bit Server VM (17.0.12+8-LTS-286, mixed mode, sharing, tiered, compressed oops, compressed class ptrs, g1 gc, windows-amd64)
# No core dump will be written. Minidumps are not enabled by default on client versions of Windows
#

---------------  S U M M A R Y ------------

Command Line: C:\Users\NAGARAJU\AppData\Local\Temp\surefire11290091492793199940\surefirebooter-20250905160623884_3.jar C:\Users\NAGARAJU\AppData\Local\Temp\surefire11290091492793199940 2025-09-05T16-06-23_413-jvmRun1 surefire-20250905160623884_1tmp surefire_0-20250905160623884_2tmp

Host: AMD Ryzen 3 5300U with Radeon Graphics         , 8 cores, 7G,  Windows 11 , 64 bit Build 22621 (10.0.22621.5415)
Time: Fri Sep  5 16:06:24 2025 India Standard Time elapsed time: 0.025164 seconds (0d 0h 0m 0s)

---------------  T H R E A D  ---------------

Current thread (0x0000028548410900):  JavaThread "Unknown thread" [_thread_in_vm, id=3156, stack(0x000000fc34f00000,0x000000fc35000000)]

Stack: [0x000000fc34f00000,0x000000fc35000000]
Native frames: (J=compiled Java code, j=interpreted, Vv=VM code, C=native code)
V  [jvm.dll+0x67a04a]
V  [jvm.dll+0x7da4ed]
V  [jvm.dll+0x7dbe33]
V  [jvm.dll+0x7dc4a3]
V  [jvm.dll+0x24508f]
V  [jvm.dll+0x677089]
V  [jvm.dll+0x66bd32]
V  [jvm.dll+0x301fa6]
V  [jvm.dll+0x309546]
V  [jvm.dll+0x359d43]
V  [jvm.dll+0x359f5f]
V  [jvm.dll+0x2d9078]
V  [jvm.dll+0x2d9fe4]
V  [jvm.dll+0x7aca21]
V  [jvm.dll+0x367591]
V  [jvm.dll+0x78b999]
V  [jvm.dll+0x3ec83f]
V  [jvm.dll+0x3ee471]
C  [jli.dll+0x5297]
C  [ucrtbase.dll+0x29333]
C  [KERNEL32.DLL+0x1259d]
C  [ntdll.dll+0x5af78]


---------------  P R O C E S S  ---------------

Threads class SMR info:
_java_thread_list=0x00007ff999377a18, length=0, elements={
}

Java Threads: ( => current thread )

Other Threads:
  0x0000028548466790 GCTaskThread "GC Thread#0" [stack: 0x000000fc35000000,0x000000fc35100000] [id=20856]
  0x0000028548476160 ConcurrentGCThread "G1 Main Marker" [stack: 0x000000fc35100000,0x000000fc35200000] [id=19200]
  0x0000028548477b80 ConcurrentGCThread "G1 Conc#0" [stack: 0x000000fc35200000,0x000000fc35300000] [id=5792]

[error occurred during error reporting (printing all threads), id 0xc0000005, EXCEPTION_ACCESS_VIOLATION (0xc0000005) at pc=0x00007ff998ba9b67]

VM state: not at safepoint (not fully initialized)

VM Mutex/Monitor currently owned by a thread:  ([mutex/lock_event])
[0x000002854840ba90] Heap_lock - owner thread: 0x0000028548410900

Heap address: 0x000000008ac00000, size: 1876 MB, Compressed Oops mode: 32-bit

CDS archive(s) mapped at: [0x0000000000000000-0x0000000000000000-0x0000000000000000), size 0, SharedBaseAddress: 0x0000000800000000, ArchiveRelocationMode: 1.
Narrow klass base: 0x0000000000000000, Narrow klass shift: 0, Narrow klass range: 0x0

GC Precious Log:
<Empty>

Heap:
 garbage-first heap   total 0K, used 0K [0x000000008ac00000, 0x0000000100000000)
  region size 1024K, 0 young (0K), 0 survivors (0K)

[error occurred during error reporting (printing heap information), id 0xc0000005, EXCEPTION_ACCESS_VIOLATION (0xc0000005) at pc=0x00007ff998f93859]

GC Heap History (0 events):
No events

Deoptimization events (0 events):
No events

Classes unloaded (0 events):
No events

Classes redefined (0 events):
No events

Internal exceptions (0 events):
No events

VM Operations (0 events):
No events

Events (1 events):
Event: 0.014 Loaded shared library C:\Program Files\Java\jdk-17\bin\java.dll


Dynamic libraries:
0x00007ff6860d0000 - 0x00007ff6860e0000 	C:\Program Files\Java\jdk-17\bin\java.exe
0x00007ff9e3610000 - 0x00007ff9e3827000 	C:\WINDOWS\SYSTEM32\ntdll.dll
0x00007ff9e28e0000 - 0x00007ff9e29a4000 	C:\WINDOWS\System32\KERNEL32.DLL
0x00007ff9e0ec0000 - 0x00007ff9e1292000 	C:\WINDOWS\System32\KERNELBASE.dll
0x00007ff9e09e0000 - 0x00007ff9e0af1000 	C:\WINDOWS\System32\ucrtbase.dll
0x00007ff9c8320000 - 0x00007ff9c8339000 	C:\Program Files\Java\jdk-17\bin\jli.dll
0x00007ff9e3350000 - 0x00007ff9e3401000 	C:\WINDOWS\System32\ADVAPI32.dll
0x00007ff9e12a0000 - 0x00007ff9e1347000 	C:\WINDOWS\System32\msvcrt.dll
0x00007ff9e14e0000 - 0x00007ff9e1588000 	C:\WINDOWS\System32\sechost.dll
0x00007ff9e0cd0000 - 0x00007ff9e0cf8000 	C:\WINDOWS\System32\bcrypt.dll
0x00007ff9e2e90000 - 0x00007ff9e2fa7000 	C:\WINDOWS\System32\RPCRT4.dll
0x00007ff9b9f40000 - 0x00007ff9b9f5b000 	C:\Program Files\Java\jdk-17\bin\VCRUNTIME140.dll
0x00007ff9e2c60000 - 0x00007ff9e2e11000 	C:\WINDOWS\System32\USER32.dll
0x00007ff9cbd20000 - 0x00007ff9cbfbb000 	C:\WINDOWS\WinSxS\amd64_microsoft.windows.common-controls_6595b64144ccf1df_6.0.22621.5697_none_27154c497380d676\COMCTL32.dll
0x00007ff9e2c30000 - 0x00007ff9e2c59000 	C:\WINDOWS\System32\GDI32.dll
0x00007ff9e0700000 - 0x00007ff9e0726000 	C:\WINDOWS\System32\win32u.dll
0x00007ff9e0b00000 - 0x00007ff9e0c23000 	C:\WINDOWS\System32\gdi32full.dll
0x00007ff9e0c30000 - 0x00007ff9e0cca000 	C:\WINDOWS\System32\msvcp_win.dll
0x00007ff9d8b70000 - 0x00007ff9d8b7a000 	C:\WINDOWS\SYSTEM32\VERSION.dll
0x00007ff9e1350000 - 0x00007ff9e1381000 	C:\WINDOWS\System32\IMM32.DLL
0x00007ff9caea0000 - 0x00007ff9caeac000 	C:\Program Files\Java\jdk-17\bin\vcruntime140_1.dll
0x00007ff999d10000 - 0x00007ff999d9e000 	C:\Program Files\Java\jdk-17\bin\msvcp140.dll
0x00007ff9988c0000 - 0x00007ff9994a0000 	C:\Program Files\Java\jdk-17\bin\server\jvm.dll
0x00007ff9e1590000 - 0x00007ff9e1598000 	C:\WINDOWS\System32\PSAPI.DLL
0x00007ff9c1720000 - 0x00007ff9c1729000 	C:\WINDOWS\SYSTEM32\WSOCK32.dll
0x00007ff9e29b0000 - 0x00007ff9e2a21000 	C:\WINDOWS\System32\WS2_32.dll
0x00007ff9dc3a0000 - 0x00007ff9dc3d4000 	C:\WINDOWS\SYSTEM32\WINMM.dll
0x00007ff9df6e0000 - 0x00007ff9df6f8000 	C:\WINDOWS\SYSTEM32\kernel.appcore.dll
0x00007ff9cacc0000 - 0x00007ff9cacca000 	C:\Program Files\Java\jdk-17\bin\jimage.dll
0x00007ff9daf40000 - 0x00007ff9db173000 	C:\WINDOWS\SYSTEM32\DBGHELP.DLL
0x00007ff9e2fb0000 - 0x00007ff9e3342000 	C:\WINDOWS\System32\combase.dll
0x00007ff9e1390000 - 0x00007ff9e1468000 	C:\WINDOWS\System32\OLEAUT32.dll
0x00007ff9c29c0000 - 0x00007ff9c29f2000 	C:\WINDOWS\SYSTEM32\dbgcore.DLL
0x00007ff9e0d00000 - 0x00007ff9e0d7b000 	C:\WINDOWS\System32\bcryptPrimitives.dll
0x00007ff99aae0000 - 0x00007ff99ab05000 	C:\Program Files\Java\jdk-17\bin\java.dll

dbghelp: loaded successfully - version: 4.0.5 - missing functions: none
symbol engine: initialized successfully - sym options: 0x614 - pdb path: .;C:\Program Files\Java\jdk-17\bin;C:\WINDOWS\SYSTEM32;C:\WINDOWS\WinSxS\amd64_microsoft.windows.common-controls_6595b64144ccf1df_6.0.22621.5697_none_27154c497380d676;C:\Program Files\Java\jdk-17\bin\server

VM Arguments:
java_command: C:\Users\NAGARAJU\AppData\Local\Temp\surefire11290091492793199940\surefirebooter-20250905160623884_3.jar C:\Users\NAGARAJU\AppData\Local\Temp\surefire11290091492793199940 2025-09-05T16-06-23_413-jvmRun1 surefire-20250905160623884_1tmp surefire_0-20250905160623884_2tmp
java_class_path (initial): C:\Users\NAGARAJU\AppData\Local\Temp\surefire11290091492793199940\surefirebooter-20250905160623884_3.jar
Launcher Type: SUN_STANDARD

[Global flags]
     intx CICompilerCount                          = 4                                         {product} {ergonomic}
     uint ConcGCThreads                            = 2                                         {product} {ergonomic}
     uint G1ConcRefinementThreads                  = 8                                         {product} {ergonomic}
   size_t G1HeapRegionSize                         = 1048576                                   {product} {ergonomic}
    uintx GCDrainStackTargetSize                   = 64                                        {product} {ergonomic}
   size_t InitialHeapSize                          = 123731968                                 {product} {ergonomic}
   size_t MarkStackSize                            = 4194304                                   {product} {ergonomic}
   size_t MaxHeapSize                              = 1967128576                                {product} {ergonomic}
   size_t MinHeapDeltaBytes                        = 1048576                                   {product} {ergonomic}
   size_t MinHeapSize                              = 8388608                                   {product} {ergonomic}
    uintx NonNMethodCodeHeapSize                   = 5839372                                {pd product} {ergonomic}
    uintx NonProfiledCodeHeapSize                  = 122909434                              {pd product} {ergonomic}
    uintx ProfiledCodeHeapSize                     = 122909434                              {pd product} {ergonomic}
    uintx ReservedCodeCacheSize                    = 251658240                              {pd product} {ergonomic}
     bool SegmentedCodeCache                       = true                                      {product} {ergonomic}
   size_t SoftMaxHeapSize                          = 1967128576                             {manageable} {ergonomic}
     bool UseCompressedClassPointers               = true                           {product lp64_product} {ergonomic}
     bool UseCompressedOops                        = true                           {product lp64_product} {ergonomic}
     bool UseG1GC                                  = true                                      {product} {ergonomic}
     bool UseLargePagesIndividualAllocation        = false                                  {pd product} {ergonomic}

Logging:
Log output configuration:
 #0: stdout all=warning uptime,level,tags
 #1: stderr all=off uptime,level,tags

Environment Variables:
JAVA_HOME=C:\Program Files\Java\jdk-17
PATH=D:/test01/eclipse//plugins/org.eclipse.justj.openjdk.hotspot.jre.full.win32.x86_64_21.0.5.v20241023-1957/jre/bin/server;D:/test01/eclipse//plugins/org.eclipse.justj.openjdk.hotspot.jre.full.win32.x86_64_21.0.5.v20241023-1957/jre/bin;C:\Program Files\Eclipse Adoptium\jdk-11.0.26.4-hotspot\bin;C:\Program Files\Eclipse Adoptium\jdk-17.0.14.7-hotspot\bin;C:\Program Files\Java\jdk-17\bin;C:\Program Files\nodejs;E:\Android\Sdk\platform-tools;E:\Android\Sdk\emulator;E:\Android\Sdk\cmdline-tools\latest\bin;E:\Android\Sdk\platform-tools;E:\Android\Sdk\emulator;E:\Android\Sdk\cmdline-tools\latest\bin;C:\Users\NAGARAJU\AppData\Local\Android\Sdk\platform-tools;C:\Users\NAGARAJU\AppData\Local\Android\Sdk\emulator;C:\Users\NAGARAJU\AppData\Local\Android\Sdk\cmdline-tools\latest\bin;C:\Users\NAGARAJU\AppData\Local\Android\Sdk\platform-tools;C:\Users\NAGARAJU\AppData\Local\Android\Sdk\platform-tools;C:\Users\NAGARAJU\AppData\Local\Android\Sdk\platform-tools;C:\Users\NAGARAJU\AppData\Local\Android\Sdk\emulator;C:\Users\NAGARAJU\AppData\Local\Android\Sdk\cmdline-tools\latest\bin;C:\Users\NAGARAJU\AppData\Local\Android\Sdk\platform-tools;C:\Users\NAGARAJU\AppData\Local\Android\Sdk\emulator;C:\Users\NAGARAJU\AppData\Local\Android\Sdk\cmdline-tools\latest\bin;C:\Users\NAGARAJU\AppData\Local\Android\Sdk\platform-tools;C:\Users\NAGARAJU\AppData\Local\Android\Sdk\emulator;C:\Users\NAGARAJU\AppData\Local\Android\Sdk\cmdline-tools\latest\bin;C:\Program Files\Eclipse Adoptium\jdk-11.0.26.4-hotspot\bin;C:\Program Files\Eclipse Adoptium\jdk-17.0.14.7-hotspot\bin;C:\Program Files\Java\jdk-17\bin;C:\Program Files\nodejs;E:\Android\Sdk\platform-tools;E:\Android\Sdk\emulator;E:\Android\Sdk\cmdline-tools\latest\bin;E:\Android\Sdk\platform-tools;E:\Android\Sdk\emulator;E:\Android\Sdk\cmdline-tools\latest\bin;C:\Users\NAGARAJU\AppData\Local\Android\Sdk\platform-tools;C:\Users\NAGARAJU\AppData\Local\Android\Sdk\emulator;C:\Users\NAGARAJU\AppData\Local\Android\Sdk\cmdline-tools\latest\bin;C:\Users\NAG
USERNAME=NAGARAJU
OS=Windows_NT
PROCESSOR_IDENTIFIER=AMD64 Family 23 Model 104 Stepping 1, AuthenticAMD



---------------  S Y S T E M  ---------------

OS:
 Windows 11 , 64 bit Build 22621 (10.0.22621.5415)
OS uptime: 0 days 4:23 hours

CPU: total 8 (initial active 8) (8 cores per cpu, 2 threads per core) family 23 model 104 stepping 1 microcode 0x0, cx8, cmov, fxsr, ht, mmx, 3dnowpref, sse, sse2, sse3, ssse3, sse4a, sse4.1, sse4.2, popcnt, lzcnt, tsc, tscinvbit, avx, avx2, aes, clmul, bmi1, bmi2, adx, sha, fma, vzeroupper, clflush, clflushopt

Memory: 4k page, system-wide physical 7502M (261M free)
TotalPageFile size 26061M (AvailPageFile size 4M)
current process WorkingSet (physical memory assigned to process): 11M, peak: 11M
current process commit charge ("private bytes"): 178M, peak: 180M

vm_info: Java HotSpot(TM) 64-Bit Server VM (17.0.12+8-LTS-286) for windows-amd64 JRE (17.0.12+8-LTS-286), built on Jun  5 2024 06:46:59 by "mach5one" with MS VC++ 17.6 (VS2022)

END.
