#
# There is insufficient memory for the Java Runtime Environment to continue.
# Native memory allocation (mmap) failed to map 24117248 bytes for G1 virtual space
# Possible reasons:
#   The system is out of physical RAM or swap space
#   The process is running with CompressedOops enabled, and the Java Heap may be blocking the growth of the native heap
# Possible solutions:
#   Reduce memory load on the system
#   Increase physical memory or swap space
#   Check if swap backing store is full
#   Decrease Java heap size (-Xmx/-Xms)
#   Decrease number of Java threads
#   Decrease Java thread stack sizes (-Xss)
#   Set larger code cache with -XX:ReservedCodeCacheSize=
#   JVM is running with Unscaled Compressed Oops mode in which the Java heap is
#     placed in the first 4GB address space. The Java Heap base address is the
#     maximum limit for the native heap growth. Please use -XX:HeapBaseMinAddress
#     to set the Java Heap base and to place the Java Heap above 4GB virtual address.
# This output file may be truncated or incomplete.
#
#  Out of Memory Error (os_windows.cpp:3548), pid=17212, tid=10064
#
# JRE version: Java(TM) SE Runtime Environment (17.0.12+8) (build 17.0.12+8-LTS-286)
# Java VM: Java HotSpot(TM) 64-Bit Server VM (17.0.12+8-LTS-286, mixed mode, emulated-client, sharing, tiered, compressed oops, compressed class ptrs, g1 gc, windows-amd64)
# No core dump will be written. Minidumps are not enabled by default on client versions of Windows
#

---------------  S U M M A R Y ------------

Command Line: -Dcom.sun.management.jmxremote -Dcom.sun.management.jmxremote.port=59418 -Dcom.sun.management.jmxremote.authenticate=false -Dcom.sun.management.jmxremote.ssl=false -Djava.rmi.server.hostname=localhost -Dspring.jmx.enabled=true -Dmanagement.endpoints.jmx.exposure.include=* -Dspring.application.admin.enabled=true -XX:TieredStopAtLevel=1 -Dspring.boot.project.name=Global-events-with-polymers -Dfile.encoding=UTF-8 -Dstdout.encoding=UTF-8 -Dstderr.encoding=UTF-8 -XX:+ShowCodeDetailsInExceptionMessages com.zn.GlobalEventApplication --spring.output.ansi.enabled=always

Host: AMD Ryzen 3 5300U with Radeon Graphics         , 8 cores, 7G,  Windows 11 , 64 bit Build 22621 (10.0.22621.5415)
Time: Wed Sep  3 18:56:46 2025 India Standard Time elapsed time: 27.611768 seconds (0d 0h 0m 27s)

---------------  T H R E A D  ---------------

Current thread (0x000001ee63ff2c70):  VMThread "VM Thread" [stack: 0x0000004aeee00000,0x0000004aeef00000] [id=10064]

Stack: [0x0000004aeee00000,0x0000004aeef00000]
Native frames: (J=compiled Java code, j=interpreted, Vv=VM code, C=native code)
V  [jvm.dll+0x67a04a]
V  [jvm.dll+0x7da4ed]
V  [jvm.dll+0x7dbe33]
V  [jvm.dll+0x7dc4a3]
V  [jvm.dll+0x24508f]
V  [jvm.dll+0x677089]
V  [jvm.dll+0x66bd32]
V  [jvm.dll+0x301fa6]
V  [jvm.dll+0x309546]
V  [jvm.dll+0x359d2e]
V  [jvm.dll+0x359f5f]
V  [jvm.dll+0x2d9078]
V  [jvm.dll+0x2d74ad]
V  [jvm.dll+0x2d6afc]
V  [jvm.dll+0x31a65b]
V  [jvm.dll+0x7e0d9b]
V  [jvm.dll+0x7e1ad4]
V  [jvm.dll+0x7e1fed]
V  [jvm.dll+0x7e23c4]
V  [jvm.dll+0x7e2490]
V  [jvm.dll+0x78abea]
V  [jvm.dll+0x678f35]
C  [ucrtbase.dll+0x29333]
C  [KERNEL32.DLL+0x1259d]
C  [ntdll.dll+0x5af78]

VM_Operation (0x0000004af0af8d30): G1CollectForAllocation, mode: safepoint, requested by thread 0x000001ee64b00010


---------------  P R O C E S S  ---------------

Threads class SMR info:
_java_thread_list=0x000001ee641e5230, length=25, elements={
0x000001ee50668e70, 0x000001ee63ff7780, 0x000001ee63ffa410, 0x000001ee6400a920,
0x000001ee6400b4b0, 0x000001ee6400cd90, 0x000001ee6400d660, 0x000001ee6400e7f0,
0x000001ee640451f0, 0x000001ee63fe3740, 0x000001ee6424fab0, 0x000001ee647d4150,
0x000001ee647cbb80, 0x000001ee647f33b0, 0x000001ee64828e40, 0x000001ee64867d60,
0x000001ee64afe1b0, 0x000001ee64b00010, 0x000001ee64afcd70, 0x000001ee64afd790,
0x000001ee64afc860, 0x000001ee64affb00, 0x000001ee64afd280, 0x000001ee64afe6c0,
0x000001ee64afebd0
}

Java Threads: ( => current thread )
  0x000001ee50668e70 JavaThread "main" [_thread_blocked, id=9448, stack(0x0000004aee800000,0x0000004aee900000)]
  0x000001ee63ff7780 JavaThread "Reference Handler" daemon [_thread_blocked, id=5304, stack(0x0000004aeef00000,0x0000004aef000000)]
  0x000001ee63ffa410 JavaThread "Finalizer" daemon [_thread_blocked, id=24892, stack(0x0000004aef000000,0x0000004aef100000)]
  0x000001ee6400a920 JavaThread "Signal Dispatcher" daemon [_thread_blocked, id=23924, stack(0x0000004aef100000,0x0000004aef200000)]
  0x000001ee6400b4b0 JavaThread "Attach Listener" daemon [_thread_blocked, id=7944, stack(0x0000004aef200000,0x0000004aef300000)]
  0x000001ee6400cd90 JavaThread "Service Thread" daemon [_thread_blocked, id=29916, stack(0x0000004aef300000,0x0000004aef400000)]
  0x000001ee6400d660 JavaThread "Monitor Deflation Thread" daemon [_thread_blocked, id=9488, stack(0x0000004aef400000,0x0000004aef500000)]
  0x000001ee6400e7f0 JavaThread "C1 CompilerThread0" daemon [_thread_blocked, id=29996, stack(0x0000004aef500000,0x0000004aef600000)]
  0x000001ee640451f0 JavaThread "Sweeper thread" daemon [_thread_blocked, id=20668, stack(0x0000004aef600000,0x0000004aef700000)]
  0x000001ee63fe3740 JavaThread "Common-Cleaner" daemon [_thread_blocked, id=21536, stack(0x0000004aef700000,0x0000004aef800000)]
  0x000001ee6424fab0 JavaThread "Notification Thread" daemon [_thread_blocked, id=4184, stack(0x0000004aef900000,0x0000004aefa00000)]
  0x000001ee647d4150 JavaThread "RMI TCP Accept-0" daemon [_thread_in_native, id=18744, stack(0x0000004aefa00000,0x0000004aefb00000)]
  0x000001ee647cbb80 JavaThread "RMI TCP Accept-59418" daemon [_thread_in_native, id=31648, stack(0x0000004aefb00000,0x0000004aefc00000)]
  0x000001ee647f33b0 JavaThread "RMI TCP Accept-0" daemon [_thread_in_native, id=25380, stack(0x0000004aefc00000,0x0000004aefd00000)]
  0x000001ee64828e40 JavaThread "RMI TCP Connection(1)-127.0.0.1" daemon [_thread_in_native, id=16932, stack(0x0000004aefe00000,0x0000004aeff00000)]
  0x000001ee64867d60 JavaThread "RMI Scheduler(0)" daemon [_thread_blocked, id=30760, stack(0x0000004aeff00000,0x0000004af0000000)]
  0x000001ee64afe1b0 JavaThread "Thread-0" [_thread_blocked, id=21416, stack(0x0000004af0900000,0x0000004af0a00000)]
  0x000001ee64b00010 JavaThread "restartedMain" [_thread_blocked, id=11624, stack(0x0000004af0a00000,0x0000004af0b00000)]
  0x000001ee64afcd70 JavaThread "RMI TCP Connection(2)-127.0.0.1" daemon [_thread_in_native, id=13012, stack(0x0000004af0b00000,0x0000004af0c00000)]
  0x000001ee64afd790 JavaThread "JMX server connection timeout 25" daemon [_thread_blocked, id=21852, stack(0x0000004af0c00000,0x0000004af0d00000)]
  0x000001ee64afc860 JavaThread "mysql-cj-abandoned-connection-cleanup" daemon [_thread_blocked, id=18228, stack(0x0000004af1000000,0x0000004af1100000)]
  0x000001ee64affb00 JavaThread "SupabasePgBouncerPool:housekeeper" daemon [_thread_blocked, id=29424, stack(0x0000004aef800000,0x0000004aef900000)]
  0x000001ee64afd280 JavaThread "Catalina-utility-1" [_thread_blocked, id=25824, stack(0x0000004af0e00000,0x0000004af0f00000)]
  0x000001ee64afe6c0 JavaThread "Catalina-utility-2" [_thread_blocked, id=17648, stack(0x0000004af0f00000,0x0000004af1000000)]
  0x000001ee64afebd0 JavaThread "container-0" [_thread_blocked, id=27144, stack(0x0000004af1200000,0x0000004af1300000)]

Other Threads:
=>0x000001ee63ff2c70 VMThread "VM Thread" [stack: 0x0000004aeee00000,0x0000004aeef00000] [id=10064]
  0x000001ee647f4390 WatcherThread [stack: 0x0000004aefd00000,0x0000004aefe00000] [id=11876]
  0x000001ee506c19a0 GCTaskThread "GC Thread#0" [stack: 0x0000004aee900000,0x0000004aeea00000] [id=33720]
  0x000001ee64af63b0 GCTaskThread "GC Thread#1" [stack: 0x0000004af0000000,0x0000004af0100000] [id=27252]
  0x000001ee64b07a70 GCTaskThread "GC Thread#2" [stack: 0x0000004af0100000,0x0000004af0200000] [id=22144]
  0x000001ee64b6ce20 GCTaskThread "GC Thread#3" [stack: 0x0000004af0200000,0x0000004af0300000] [id=20716]
  0x000001ee64b6d0e0 GCTaskThread "GC Thread#4" [stack: 0x0000004af0300000,0x0000004af0400000] [id=15544]
  0x000001ee64b6d3a0 GCTaskThread "GC Thread#5" [stack: 0x0000004af0400000,0x0000004af0500000] [id=20036]
  0x000001ee64b71a80 GCTaskThread "GC Thread#6" [stack: 0x0000004af0500000,0x0000004af0600000] [id=23684]
  0x000001ee64b72150 GCTaskThread "GC Thread#7" [stack: 0x0000004af0600000,0x0000004af0700000] [id=1476]
  0x000001ee506d1a10 ConcurrentGCThread "G1 Main Marker" [stack: 0x0000004aeea00000,0x0000004aeeb00000] [id=17520]
  0x000001ee506d2320 ConcurrentGCThread "G1 Conc#0" [stack: 0x0000004aeeb00000,0x0000004aeec00000] [id=27576]
  0x000001ee69800040 ConcurrentGCThread "G1 Conc#1" [stack: 0x0000004af0d00000,0x0000004af0e00000] [id=20396]
  0x000001ee50717c70 ConcurrentGCThread "G1 Refine#0" [stack: 0x0000004aeec00000,0x0000004aeed00000] [id=12848]
  0x000001ee64b20860 ConcurrentGCThread "G1 Refine#1" [stack: 0x0000004af0700000,0x0000004af0800000] [id=26612]
  0x000001ee64a6e6f0 ConcurrentGCThread "G1 Refine#2" [stack: 0x0000004af0800000,0x0000004af0900000] [id=5672]
  0x000001ee63eb2b00 ConcurrentGCThread "G1 Service" [stack: 0x0000004aeed00000,0x0000004aeee00000] [id=20100]

Threads with active compile tasks:

VM state: at safepoint (normal execution)

VM Mutex/Monitor currently owned by a thread:  ([mutex/lock_event])
[0x000001ee50665c20] Threads_lock - owner thread: 0x000001ee63ff2c70
[0x000001ee50665ef0] Heap_lock - owner thread: 0x000001ee64b00010

Heap address: 0x000000008ac00000, size: 1876 MB, Compressed Oops mode: 32-bit

CDS archive(s) mapped at: [0x000001ee00000000-0x000001ee00bd0000-0x000001ee00bd0000), size 12386304, SharedBaseAddress: 0x000001ee00000000, ArchiveRelocationMode: 1.
Compressed class space mapped at: 0x000001ee01000000-0x000001ee41000000, reserved size: 1073741824
Narrow klass base: 0x000001ee00000000, Narrow klass shift: 0, Narrow klass range: 0x100000000

GC Precious Log:
 CPUs: 8 total, 8 available
 Memory: 7502M
 Large Page Support: Disabled
 NUMA Support: Disabled
 Compressed Oops: Enabled (32-bit)
 Heap Region Size: 1M
 Heap Min Capacity: 8M
 Heap Initial Capacity: 118M
 Heap Max Capacity: 1876M
 Pre-touch: Disabled
 Parallel Workers: 8
 Concurrent Workers: 2
 Concurrent Refinement Workers: 8
 Periodic GC: Disabled

Heap:
 garbage-first heap   total 76800K, used 54925K [0x000000008ac00000, 0x0000000100000000)
  region size 1024K, 2 young (2048K), 2 survivors (2048K)
 Metaspace       used 68781K, committed 69440K, reserved 1114112K
  class space    used 10114K, committed 10432K, reserved 1048576K

Heap Regions: E=young(eden), S=young(survivor), O=old, HS=humongous(starts), HC=humongous(continues), CS=collection set, F=free, OA=open archive, CA=closed archive, TAMS=top-at-mark-start (previous, next)
|   0|0x000000008ac00000, 0x000000008ad00000, 0x000000008ad00000|100%|HS|  |TAMS 0x000000008ad00000, 0x000000008ad00000| Complete 
|   1|0x000000008ad00000, 0x000000008ae00000, 0x000000008ae00000|100%|HS|  |TAMS 0x000000008ae00000, 0x000000008ae00000| Complete 
|   2|0x000000008ae00000, 0x000000008af00000, 0x000000008af00000|100%|HS|  |TAMS 0x000000008af00000, 0x000000008af00000| Complete 
|   3|0x000000008af00000, 0x000000008b000000, 0x000000008b000000|100%| O|  |TAMS 0x000000008b000000, 0x000000008b000000| Untracked 
|   4|0x000000008b000000, 0x000000008b100000, 0x000000008b100000|100%| O|  |TAMS 0x000000008b100000, 0x000000008b100000| Untracked 
|   5|0x000000008b100000, 0x000000008b200000, 0x000000008b200000|100%| O|  |TAMS 0x000000008b200000, 0x000000008b200000| Untracked 
|   6|0x000000008b200000, 0x000000008b300000, 0x000000008b300000|100%| O|  |TAMS 0x000000008b300000, 0x000000008b300000| Untracked 
|   7|0x000000008b300000, 0x000000008b400000, 0x000000008b400000|100%| O|  |TAMS 0x000000008b400000, 0x000000008b400000| Untracked 
|   8|0x000000008b400000, 0x000000008b500000, 0x000000008b500000|100%| O|  |TAMS 0x000000008b500000, 0x000000008b500000| Untracked 
|   9|0x000000008b500000, 0x000000008b600000, 0x000000008b600000|100%| O|  |TAMS 0x000000008b600000, 0x000000008b600000| Untracked 
|  10|0x000000008b600000, 0x000000008b700000, 0x000000008b700000|100%| O|  |TAMS 0x000000008b700000, 0x000000008b700000| Untracked 
|  11|0x000000008b700000, 0x000000008b7b1c00, 0x000000008b800000| 69%| O|  |TAMS 0x000000008b7b1c00, 0x000000008b7b1c00| Untracked 
|  12|0x000000008b800000, 0x000000008b900000, 0x000000008b900000|100%| O|  |TAMS 0x000000008b900000, 0x000000008b900000| Untracked 
|  13|0x000000008b900000, 0x000000008ba00000, 0x000000008ba00000|100%| O|  |TAMS 0x000000008ba00000, 0x000000008ba00000| Untracked 
|  14|0x000000008ba00000, 0x000000008bb00000, 0x000000008bb00000|100%| O|  |TAMS 0x000000008bb00000, 0x000000008bb00000| Untracked 
|  15|0x000000008bb00000, 0x000000008bc00000, 0x000000008bc00000|100%| O|  |TAMS 0x000000008bc00000, 0x000000008bc00000| Untracked 
|  16|0x000000008bc00000, 0x000000008bd00000, 0x000000008bd00000|100%| O|  |TAMS 0x000000008bd00000, 0x000000008bd00000| Untracked 
|  17|0x000000008bd00000, 0x000000008be00000, 0x000000008be00000|100%| O|  |TAMS 0x000000008be00000, 0x000000008be00000| Untracked 
|  18|0x000000008be00000, 0x000000008bf00000, 0x000000008bf00000|100%| O|  |TAMS 0x000000008bf00000, 0x000000008bf00000| Untracked 
|  19|0x000000008bf00000, 0x000000008c000000, 0x000000008c000000|100%| O|  |TAMS 0x000000008c000000, 0x000000008c000000| Untracked 
|  20|0x000000008c000000, 0x000000008c100000, 0x000000008c100000|100%| O|  |TAMS 0x000000008c100000, 0x000000008c100000| Untracked 
|  21|0x000000008c100000, 0x000000008c200000, 0x000000008c200000|100%| O|  |TAMS 0x000000008c200000, 0x000000008c200000| Untracked 
|  22|0x000000008c200000, 0x000000008c300000, 0x000000008c300000|100%| O|  |TAMS 0x000000008c300000, 0x000000008c300000| Untracked 
|  23|0x000000008c300000, 0x000000008c400000, 0x000000008c400000|100%| O|  |TAMS 0x000000008c400000, 0x000000008c400000| Untracked 
|  24|0x000000008c400000, 0x000000008c500000, 0x000000008c500000|100%| O|  |TAMS 0x000000008c500000, 0x000000008c500000| Untracked 
|  25|0x000000008c500000, 0x000000008c600000, 0x000000008c600000|100%| O|  |TAMS 0x000000008c600000, 0x000000008c600000| Untracked 
|  26|0x000000008c600000, 0x000000008c700000, 0x000000008c700000|100%| O|  |TAMS 0x000000008c700000, 0x000000008c700000| Untracked 
|  27|0x000000008c700000, 0x000000008c800000, 0x000000008c800000|100%| O|  |TAMS 0x000000008c800000, 0x000000008c800000| Untracked 
|  28|0x000000008c800000, 0x000000008c900000, 0x000000008c900000|100%| O|  |TAMS 0x000000008c900000, 0x000000008c900000| Untracked 
|  29|0x000000008c900000, 0x000000008ca00000, 0x000000008ca00000|100%| O|  |TAMS 0x000000008ca00000, 0x000000008ca00000| Untracked 
|  30|0x000000008ca00000, 0x000000008cb00000, 0x000000008cb00000|100%| O|  |TAMS 0x000000008cb00000, 0x000000008cb00000| Untracked 
|  31|0x000000008cb00000, 0x000000008cc00000, 0x000000008cc00000|100%| O|  |TAMS 0x000000008cc00000, 0x000000008cc00000| Untracked 
|  32|0x000000008cc00000, 0x000000008cd00000, 0x000000008cd00000|100%| O|  |TAMS 0x000000008cd00000, 0x000000008cd00000| Untracked 
|  33|0x000000008cd00000, 0x000000008ce00000, 0x000000008ce00000|100%| O|  |TAMS 0x000000008ce00000, 0x000000008ce00000| Untracked 
|  34|0x000000008ce00000, 0x000000008cf00000, 0x000000008cf00000|100%| O|  |TAMS 0x000000008cf00000, 0x000000008cf00000| Untracked 
|  35|0x000000008cf00000, 0x000000008d000000, 0x000000008d000000|100%| O|  |TAMS 0x000000008d000000, 0x000000008d000000| Untracked 
|  36|0x000000008d000000, 0x000000008d100000, 0x000000008d100000|100%| O|  |TAMS 0x000000008d100000, 0x000000008d100000| Untracked 
|  37|0x000000008d100000, 0x000000008d200000, 0x000000008d200000|100%| O|  |TAMS 0x000000008d191800, 0x000000008d200000| Untracked 
|  38|0x000000008d200000, 0x000000008d300000, 0x000000008d300000|100%| O|  |TAMS 0x000000008d200000, 0x000000008d300000| Untracked 
|  39|0x000000008d300000, 0x000000008d400000, 0x000000008d400000|100%| O|  |TAMS 0x000000008d300000, 0x000000008d400000| Untracked 
|  40|0x000000008d400000, 0x000000008d500000, 0x000000008d500000|100%| O|  |TAMS 0x000000008d400000, 0x000000008d500000| Untracked 
|  41|0x000000008d500000, 0x000000008d600000, 0x000000008d600000|100%| O|  |TAMS 0x000000008d500000, 0x000000008d593200| Untracked 
|  42|0x000000008d600000, 0x000000008d700000, 0x000000008d700000|100%| O|  |TAMS 0x000000008d600000, 0x000000008d600000| Untracked 
|  43|0x000000008d700000, 0x000000008d800000, 0x000000008d800000|100%| O|  |TAMS 0x000000008d700000, 0x000000008d700000| Untracked 
|  44|0x000000008d800000, 0x000000008d900000, 0x000000008d900000|100%| O|  |TAMS 0x000000008d800000, 0x000000008d800000| Untracked 
|  45|0x000000008d900000, 0x000000008da00000, 0x000000008da00000|100%| O|  |TAMS 0x000000008d900000, 0x000000008d900000| Untracked 
|  46|0x000000008da00000, 0x000000008db00000, 0x000000008db00000|100%| O|  |TAMS 0x000000008da00000, 0x000000008da00000| Untracked 
|  47|0x000000008db00000, 0x000000008dc00000, 0x000000008dc00000|100%| O|  |TAMS 0x000000008db00000, 0x000000008db00000| Untracked 
|  48|0x000000008dc00000, 0x000000008dd00000, 0x000000008dd00000|100%| O|  |TAMS 0x000000008dc00000, 0x000000008dc00000| Untracked 
|  49|0x000000008dd00000, 0x000000008de00000, 0x000000008de00000|100%| O|  |TAMS 0x000000008dd00000, 0x000000008dd00000| Untracked 
|  50|0x000000008de00000, 0x000000008df00000, 0x000000008df00000|100%| O|  |TAMS 0x000000008de00000, 0x000000008de00000| Untracked 
|  51|0x000000008df00000, 0x000000008dff1800, 0x000000008e000000| 94%| O|  |TAMS 0x000000008df00000, 0x000000008df00000| Untracked 
|  52|0x000000008e000000, 0x000000008e000000, 0x000000008e100000|  0%| F|  |TAMS 0x000000008e000000, 0x000000008e000000| Untracked 
|  53|0x000000008e100000, 0x000000008e100000, 0x000000008e200000|  0%| F|  |TAMS 0x000000008e100000, 0x000000008e100000| Untracked 
|  54|0x000000008e200000, 0x000000008e200000, 0x000000008e300000|  0%| F|  |TAMS 0x000000008e200000, 0x000000008e200000| Untracked 
|  55|0x000000008e300000, 0x000000008e300000, 0x000000008e400000|  0%| F|  |TAMS 0x000000008e300000, 0x000000008e300000| Untracked 
|  56|0x000000008e400000, 0x000000008e400000, 0x000000008e500000|  0%| F|  |TAMS 0x000000008e400000, 0x000000008e400000| Untracked 
|  57|0x000000008e500000, 0x000000008e500000, 0x000000008e600000|  0%| F|  |TAMS 0x000000008e500000, 0x000000008e500000| Untracked 
|  58|0x000000008e600000, 0x000000008e600000, 0x000000008e700000|  0%| F|  |TAMS 0x000000008e600000, 0x000000008e600000| Untracked 
|  59|0x000000008e700000, 0x000000008e700000, 0x000000008e800000|  0%| F|  |TAMS 0x000000008e700000, 0x000000008e700000| Untracked 
|  60|0x000000008e800000, 0x000000008e800000, 0x000000008e900000|  0%| F|  |TAMS 0x000000008e800000, 0x000000008e800000| Untracked 
|  61|0x000000008e900000, 0x000000008e900000, 0x000000008ea00000|  0%| F|  |TAMS 0x000000008e900000, 0x000000008e900000| Untracked 
|  62|0x000000008ea00000, 0x000000008ea00000, 0x000000008eb00000|  0%| F|  |TAMS 0x000000008ea00000, 0x000000008ea00000| Untracked 
|  63|0x000000008eb00000, 0x000000008eb00000, 0x000000008ec00000|  0%| F|  |TAMS 0x000000008eb00000, 0x000000008eb00000| Untracked 
|  64|0x000000008ec00000, 0x000000008ec00000, 0x000000008ed00000|  0%| F|  |TAMS 0x000000008ec00000, 0x000000008ec00000| Untracked 
|  65|0x000000008ed00000, 0x000000008ee00000, 0x000000008ee00000|100%| S|CS|TAMS 0x000000008ed00000, 0x000000008ed00000| Complete 
|  66|0x000000008ee00000, 0x000000008ef00000, 0x000000008ef00000|100%| S|CS|TAMS 0x000000008ee00000, 0x000000008ee00000| Complete 
|  90|0x0000000090600000, 0x0000000090600000, 0x0000000090700000|  0%| F|  |TAMS 0x0000000090600000, 0x0000000090600000| Untracked 
|  91|0x0000000090700000, 0x0000000090700000, 0x0000000090800000|  0%| F|  |TAMS 0x0000000090700000, 0x0000000090700000| Untracked 
|  92|0x0000000090800000, 0x0000000090800000, 0x0000000090900000|  0%| F|  |TAMS 0x0000000090800000, 0x0000000090800000| Untracked 
|  93|0x0000000090900000, 0x0000000090900000, 0x0000000090a00000|  0%| F|  |TAMS 0x0000000090900000, 0x0000000090900000| Untracked 
|  94|0x0000000090a00000, 0x0000000090a00000, 0x0000000090b00000|  0%| F|  |TAMS 0x0000000090a00000, 0x0000000090a00000| Untracked 
|  95|0x0000000090b00000, 0x0000000090b00000, 0x0000000090c00000|  0%| F|  |TAMS 0x0000000090b00000, 0x0000000090b00000| Untracked 
|  96|0x0000000090c00000, 0x0000000090c00000, 0x0000000090d00000|  0%| F|  |TAMS 0x0000000090c00000, 0x0000000090c00000| Untracked 
| 117|0x0000000092100000, 0x0000000092100000, 0x0000000092200000|  0%| F|  |TAMS 0x0000000092100000, 0x0000000092100000| Untracked 

Card table byte_map: [0x000001ee5d380000,0x000001ee5d730000] _byte_map_base: 0x000001ee5cf2a000

Marking Bits (Prev, Next): (CMBitMap*) 0x000001ee506c1f00, (CMBitMap*) 0x000001ee506c1ec0
 Prev Bits: [0x000001ee5f830000, 0x000001ee61580000)
 Next Bits: [0x000001ee5dae0000, 0x000001ee5f830000)

Polling page: 0x000001ee50720000

Metaspace:

Usage:
  Non-class:     57.29 MB used.
      Class:      9.88 MB used.
       Both:     67.17 MB used.

Virtual space:
  Non-class space:       64.00 MB reserved,      57.62 MB ( 90%) committed,  1 nodes.
      Class space:        1.00 GB reserved,      10.19 MB ( <1%) committed,  1 nodes.
             Both:        1.06 GB reserved,      67.81 MB (  6%) committed. 

Chunk freelists:
   Non-Class:  5.84 MB
       Class:  5.73 MB
        Both:  11.58 MB

MaxMetaspaceSize: unlimited
CompressedClassSpaceSize: 1.00 GB
Initial GC threshold: 21.00 MB
Current GC threshold: 111.38 MB
CDS: on
MetaspaceReclaimPolicy: balanced
 - commit_granule_bytes: 65536.
 - commit_granule_words: 8192.
 - virtual_space_node_default_size: 8388608.
 - enlarge_chunks_in_place: 1.
 - new_chunks_are_fully_committed: 0.
 - uncommit_free_chunks: 1.
 - use_allocation_guard: 0.
 - handle_deallocations: 1.


Internal statistics:

num_allocs_failed_limit: 6.
num_arena_births: 892.
num_arena_deaths: 0.
num_vsnodes_births: 2.
num_vsnodes_deaths: 0.
num_space_committed: 1085.
num_space_uncommitted: 0.
num_chunks_returned_to_freelist: 6.
num_chunks_taken_from_freelist: 3351.
num_chunk_merges: 6.
num_chunk_splits: 2415.
num_chunks_enlarged: 1865.
num_inconsistent_stats: 0.

CodeCache: size=49152Kb used=13434Kb max_used=13988Kb free=35717Kb
 bounds [0x000001ee596f0000, 0x000001ee5a4a0000, 0x000001ee5c6f0000]
 total_blobs=8654 nmethods=7970 adapters=610
 compilation: enabled
              stopped_count=0, restarted_count=0
 full_count=0

Compilation events (20 events):
Event: 27.474 Thread 0x000001ee6400e7f0 7961       1       org.antlr.v4.runtime.ParserRuleContext::getChild (42 bytes)
Event: 27.475 Thread 0x000001ee6400e7f0 nmethod 7961 0x000001ee59816890 code [0x000001ee59816a40, 0x000001ee59816bf8]
Event: 27.475 Thread 0x000001ee6400e7f0 7962       1       org.antlr.v4.runtime.ParserRuleContext::getChildCount (21 bytes)
Event: 27.475 Thread 0x000001ee6400e7f0 nmethod 7962 0x000001ee59816510 code [0x000001ee598166c0, 0x000001ee598167e8]
Event: 27.476 Thread 0x000001ee6400e7f0 7963       1       java.util.regex.Pattern$CharPredicate$$Lambda$23/0x80000002d::is (11 bytes)
Event: 27.476 Thread 0x000001ee6400e7f0 nmethod 7963 0x000001ee59816110 code [0x000001ee598162c0, 0x000001ee59816428]
Event: 27.476 Thread 0x000001ee6400e7f0 7964       1       java.util.regex.Pattern$CharPredicate::lambda$negate$3 (16 bytes)
Event: 27.476 Thread 0x000001ee6400e7f0 nmethod 7964 0x000001ee59815e10 code [0x000001ee59815fa0, 0x000001ee598160a8]
Event: 27.476 Thread 0x000001ee6400e7f0 7965       1       org.antlr.v4.runtime.Parser::enterRule (50 bytes)
Event: 27.477 Thread 0x000001ee6400e7f0 nmethod 7965 0x000001ee59815790 code [0x000001ee59815960, 0x000001ee59815c28]
Event: 27.477 Thread 0x000001ee6400e7f0 7966       1       org.antlr.v4.runtime.Parser::addContextToParseTree (25 bytes)
Event: 27.477 Thread 0x000001ee6400e7f0 nmethod 7966 0x000001ee59815210 code [0x000001ee598153c0, 0x000001ee59815648]
Event: 27.477 Thread 0x000001ee6400e7f0 7970       1       org.antlr.v4.runtime.atn.ParserATNSimulator::execATN (584 bytes)
Event: 27.481 Thread 0x000001ee6400e7f0 nmethod 7970 0x000001ee59811d10 code [0x000001ee598122c0, 0x000001ee59813e68]
Event: 27.481 Thread 0x000001ee6400e7f0 7967       1       org.antlr.v4.runtime.Parser::exitRule (81 bytes)
Event: 27.482 Thread 0x000001ee6400e7f0 nmethod 7967 0x000001ee59811690 code [0x000001ee59811860, 0x000001ee59811b68]
Event: 27.482 Thread 0x000001ee6400e7f0 7968       1       org.antlr.v4.runtime.BufferedTokenStream::seek (14 bytes)
Event: 27.482 Thread 0x000001ee6400e7f0 nmethod 7968 0x000001ee59811290 code [0x000001ee59811440, 0x000001ee598115a8]
Event: 27.482 Thread 0x000001ee6400e7f0 7969   !   1       org.antlr.v4.runtime.atn.ParserATNSimulator::adaptivePredict (406 bytes)
Event: 27.485 Thread 0x000001ee6400e7f0 nmethod 7969 0x000001ee59cdda10 code [0x000001ee59cdde80, 0x000001ee59cdf6d8]

GC Heap History (20 events):
Event: 11.450 GC heap after
{Heap after GC invocations=17 (full 0):
 garbage-first heap   total 68608K, used 32321K [0x000000008ac00000, 0x0000000100000000)
  region size 1024K, 2 young (2048K), 2 survivors (2048K)
 Metaspace       used 56217K, committed 56768K, reserved 1114112K
  class space    used 7980K, committed 8256K, reserved 1048576K
}
Event: 11.785 GC heap before
{Heap before GC invocations=17 (full 0):
 garbage-first heap   total 68608K, used 55873K [0x000000008ac00000, 0x0000000100000000)
  region size 1024K, 25 young (25600K), 2 survivors (2048K)
 Metaspace       used 57627K, committed 58176K, reserved 1114112K
  class space    used 8234K, committed 8512K, reserved 1048576K
}
Event: 11.788 GC heap after
{Heap after GC invocations=18 (full 0):
 garbage-first heap   total 68608K, used 33069K [0x000000008ac00000, 0x0000000100000000)
  region size 1024K, 3 young (3072K), 3 survivors (3072K)
 Metaspace       used 57627K, committed 58176K, reserved 1114112K
  class space    used 8234K, committed 8512K, reserved 1048576K
}
Event: 24.833 GC heap before
{Heap before GC invocations=19 (full 0):
 garbage-first heap   total 68608K, used 54573K [0x000000008ac00000, 0x0000000100000000)
  region size 1024K, 25 young (25600K), 3 survivors (3072K)
 Metaspace       used 60166K, committed 60736K, reserved 1114112K
  class space    used 8600K, committed 8896K, reserved 1048576K
}
Event: 24.837 GC heap after
{Heap after GC invocations=20 (full 0):
 garbage-first heap   total 68608K, used 34473K [0x000000008ac00000, 0x0000000100000000)
  region size 1024K, 4 young (4096K), 4 survivors (4096K)
 Metaspace       used 60166K, committed 60736K, reserved 1114112K
  class space    used 8600K, committed 8896K, reserved 1048576K
}
Event: 25.868 GC heap before
{Heap before GC invocations=20 (full 0):
 garbage-first heap   total 68608K, used 54953K [0x000000008ac00000, 0x0000000100000000)
  region size 1024K, 25 young (25600K), 4 survivors (4096K)
 Metaspace       used 63414K, committed 64000K, reserved 1114112K
  class space    used 9080K, committed 9344K, reserved 1048576K
}
Event: 25.874 GC heap after
{Heap after GC invocations=21 (full 0):
 garbage-first heap   total 68608K, used 36362K [0x000000008ac00000, 0x0000000100000000)
  region size 1024K, 4 young (4096K), 4 survivors (4096K)
 Metaspace       used 63414K, committed 64000K, reserved 1114112K
  class space    used 9080K, committed 9344K, reserved 1048576K
}
Event: 26.574 GC heap before
{Heap before GC invocations=22 (full 0):
 garbage-first heap   total 68608K, used 55818K [0x000000008ac00000, 0x0000000100000000)
  region size 1024K, 23 young (23552K), 4 survivors (4096K)
 Metaspace       used 63791K, committed 64384K, reserved 1114112K
  class space    used 9138K, committed 9408K, reserved 1048576K
}
Event: 26.586 GC heap after
{Heap after GC invocations=23 (full 0):
 garbage-first heap   total 68608K, used 36891K [0x000000008ac00000, 0x0000000100000000)
  region size 1024K, 1 young (1024K), 1 survivors (1024K)
 Metaspace       used 63791K, committed 64384K, reserved 1114112K
  class space    used 9138K, committed 9408K, reserved 1048576K
}
Event: 27.038 GC heap before
{Heap before GC invocations=23 (full 0):
 garbage-first heap   total 68608K, used 56347K [0x000000008ac00000, 0x0000000100000000)
  region size 1024K, 20 young (20480K), 1 survivors (1024K)
 Metaspace       used 65601K, committed 66240K, reserved 1114112K
  class space    used 9538K, committed 9856K, reserved 1048576K
}
Event: 27.040 GC heap after
{Heap after GC invocations=24 (full 0):
 garbage-first heap   total 68608K, used 37736K [0x000000008ac00000, 0x0000000100000000)
  region size 1024K, 2 young (2048K), 2 survivors (2048K)
 Metaspace       used 65601K, committed 66240K, reserved 1114112K
  class space    used 9538K, committed 9856K, reserved 1048576K
}
Event: 27.260 GC heap before
{Heap before GC invocations=25 (full 0):
 garbage-first heap   total 75776K, used 56168K [0x000000008ac00000, 0x0000000100000000)
  region size 1024K, 20 young (20480K), 2 survivors (2048K)
 Metaspace       used 67353K, committed 68032K, reserved 1114112K
  class space    used 9918K, committed 10240K, reserved 1048576K
}
Event: 27.264 GC heap after
{Heap after GC invocations=26 (full 0):
 garbage-first heap   total 75776K, used 41229K [0x000000008ac00000, 0x0000000100000000)
  region size 1024K, 3 young (3072K), 3 survivors (3072K)
 Metaspace       used 67353K, committed 68032K, reserved 1114112K
  class space    used 9918K, committed 10240K, reserved 1048576K
}
Event: 27.316 GC heap before
{Heap before GC invocations=26 (full 0):
 garbage-first heap   total 75776K, used 60685K [0x000000008ac00000, 0x0000000100000000)
  region size 1024K, 22 young (22528K), 3 survivors (3072K)
 Metaspace       used 67364K, committed 68032K, reserved 1114112K
  class space    used 9918K, committed 10240K, reserved 1048576K
}
Event: 27.320 GC heap after
{Heap after GC invocations=27 (full 0):
 garbage-first heap   total 75776K, used 41882K [0x000000008ac00000, 0x0000000100000000)
  region size 1024K, 1 young (1024K), 1 survivors (1024K)
 Metaspace       used 67364K, committed 68032K, reserved 1114112K
  class space    used 9918K, committed 10240K, reserved 1048576K
}
Event: 27.501 GC heap before
{Heap before GC invocations=28 (full 0):
 garbage-first heap   total 76800K, used 60314K [0x000000008ac00000, 0x0000000100000000)
  region size 1024K, 20 young (20480K), 1 survivors (1024K)
 Metaspace       used 68781K, committed 69440K, reserved 1114112K
  class space    used 10114K, committed 10432K, reserved 1048576K
}
Event: 27.504 GC heap after
{Heap after GC invocations=29 (full 0):
 garbage-first heap   total 76800K, used 45331K [0x000000008ac00000, 0x0000000100000000)
  region size 1024K, 3 young (3072K), 3 survivors (3072K)
 Metaspace       used 68781K, committed 69440K, reserved 1114112K
  class space    used 10114K, committed 10432K, reserved 1048576K
}
Event: 27.554 GC heap before
{Heap before GC invocations=29 (full 0):
 garbage-first heap   total 76800K, used 60691K [0x000000008ac00000, 0x0000000100000000)
  region size 1024K, 18 young (18432K), 3 survivors (3072K)
 Metaspace       used 68781K, committed 69440K, reserved 1114112K
  class space    used 10114K, committed 10432K, reserved 1048576K
}
Event: 27.561 GC heap after
{Heap after GC invocations=30 (full 0):
 garbage-first heap   total 76800K, used 51077K [0x000000008ac00000, 0x0000000100000000)
  region size 1024K, 3 young (3072K), 3 survivors (3072K)
 Metaspace       used 68781K, committed 69440K, reserved 1114112K
  class space    used 10114K, committed 10432K, reserved 1048576K
}
Event: 27.600 GC heap before
{Heap before GC invocations=30 (full 0):
 garbage-first heap   total 76800K, used 59269K [0x000000008ac00000, 0x0000000100000000)
  region size 1024K, 11 young (11264K), 3 survivors (3072K)
 Metaspace       used 68781K, committed 69440K, reserved 1114112K
  class space    used 10114K, committed 10432K, reserved 1048576K
}

Deoptimization events (6 events):
Event: 4.489 Thread 0x000001ee64b00010 DEOPT PACKING pc=0x000001ee59f85c34 sp=0x0000004af0afb5c0
Event: 4.489 Thread 0x000001ee64b00010 DEOPT UNPACKING pc=0x000001ee59742b43 sp=0x0000004af0afab48 mode 0
Event: 4.489 Thread 0x000001ee64b00010 DEOPT PACKING pc=0x000001ee59ed47ec sp=0x0000004af0afb7a0
Event: 4.489 Thread 0x000001ee64b00010 DEOPT UNPACKING pc=0x000001ee59742b43 sp=0x0000004af0afac60 mode 0
Event: 11.007 Thread 0x000001ee64b00010 DEOPT PACKING pc=0x000001ee5a29ddf4 sp=0x0000004af0af8690
Event: 11.007 Thread 0x000001ee64b00010 DEOPT UNPACKING pc=0x000001ee59742b43 sp=0x0000004af0af7b28 mode 0

Classes unloaded (0 events):
No events

Classes redefined (0 events):
No events

Internal exceptions (20 events):
Event: 11.825 Thread 0x000001ee64b00010 Exception <a 'java/lang/NoSuchMethodError'{0x00000000921eeff0}: 'java.lang.Object java.lang.invoke.DirectMethodHandle$Holder.invokeSpecial(java.lang.Object, java.lang.Object, java.lang.Object, java.lang.Object, java.lang.Object, java.lang.Object, java.lang.Object, java.lang.Object, int)'> (0x00000000921eeff0) 
thrown [s\open\src\hotspot\share\interpreter\linkResolver.cpp, line 759]
Event: 11.825 Thread 0x000001ee64b00010 Exception <a 'java/lang/NoSuchMethodError'{0x00000000921f42b0}: 'java.lang.Object java.lang.invoke.Invokers$Holder.linkToTargetMethod(java.lang.Object, java.lang.Object, java.lang.Object, java.lang.Object, java.lang.Object, java.lang.Object, int, java.lang.Object)'> (0x00000000921f42b0) 
thrown [s\open\src\hotspot\share\interpreter\linkResolver.cpp, line 759]
Event: 11.870 Thread 0x000001ee64b00010 Exception <a 'java/lang/NoSuchMethodError'{0x0000000090b23ab0}: 'java.lang.Object java.lang.invoke.DirectMethodHandle$Holder.newInvokeSpecial(java.lang.Object, java.lang.Object, int, java.lang.Object, int, java.lang.Object, java.lang.Object)'> (0x0000000090b23ab0) 
thrown [s\open\src\hotspot\share\interpreter\linkResolver.cpp, line 759]
Event: 15.653 Thread 0x000001ee64b00010 Exception <a 'java/lang/NoSuchMethodError'{0x000000008e381a60}: 'java.lang.Object java.lang.invoke.DirectMethodHandle$Holder.invokeSpecial(java.lang.Object, java.lang.Object, int, java.lang.Object, int)'> (0x000000008e381a60) 
thrown [s\open\src\hotspot\share\interpreter\linkResolver.cpp, line 759]
Event: 24.744 Thread 0x000001ee64b00010 Exception <a 'java/lang/IncompatibleClassChangeError'{0x000000008dbd8878}: Found class java.lang.Object, but interface was expected> (0x000000008dbd8878) 
thrown [s\open\src\hotspot\share\interpreter\linkResolver.cpp, line 826]
Event: 24.831 Thread 0x000001ee64b00010 Exception <a 'java/lang/IncompatibleClassChangeError'{0x000000008d9f81d0}: Found class java.lang.Object, but interface was expected> (0x000000008d9f81d0) 
thrown [s\open\src\hotspot\share\interpreter\linkResolver.cpp, line 826]
Event: 25.044 Thread 0x000001ee64b00010 Exception <a 'java/lang/IncompatibleClassChangeError'{0x0000000090931e90}: Found class java.lang.Object, but interface was expected> (0x0000000090931e90) 
thrown [s\open\src\hotspot\share\interpreter\linkResolver.cpp, line 826]
Event: 25.309 Thread 0x000001ee64b00010 Exception <a 'java/lang/reflect/InvocationTargetException'{0x000000008e6faff8}> (0x000000008e6faff8) 
thrown [s\open\src\hotspot\share\runtime\reflection.cpp, line 1121]
Event: 25.337 Thread 0x000001ee64b00010 Exception <a 'java/lang/NoSuchMethodError'{0x000000008e57d498}: 'int java.lang.invoke.DirectMethodHandle$Holder.invokeStatic(java.lang.Object, java.lang.Object, int)'> (0x000000008e57d498) 
thrown [s\open\src\hotspot\share\interpreter\linkResolver.cpp, line 759]
Event: 25.354 Thread 0x000001ee64b00010 Exception <a 'java/lang/IncompatibleClassChangeError'{0x000000008e5c3b38}: Found class java.lang.Object, but interface was expected> (0x000000008e5c3b38) 
thrown [s\open\src\hotspot\share\interpreter\linkResolver.cpp, line 826]
Event: 25.355 Thread 0x000001ee64b00010 Exception <a 'java/lang/IncompatibleClassChangeError'{0x000000008e5ca698}: Found class java.lang.Object, but interface was expected> (0x000000008e5ca698) 
thrown [s\open\src\hotspot\share\interpreter\linkResolver.cpp, line 826]
Event: 25.509 Thread 0x000001ee64b00010 Exception <a 'java/lang/NoSuchMethodError'{0x000000008e3a5a60}: 'java.lang.Object java.lang.invoke.DirectMethodHandle$Holder.invokeStatic(java.lang.Object, int, java.lang.Object)'> (0x000000008e3a5a60) 
thrown [s\open\src\hotspot\share\interpreter\linkResolver.cpp, line 759]
Event: 25.527 Thread 0x000001ee64b00010 Exception <a 'java/lang/reflect/InvocationTargetException'{0x000000008e3e2538}> (0x000000008e3e2538) 
thrown [s\open\src\hotspot\share\runtime\reflection.cpp, line 1121]
Event: 25.713 Thread 0x000001ee64b00010 Exception <a 'java/lang/NoSuchMethodError'{0x000000008de4a190}: 'long java.lang.invoke.DirectMethodHandle$Holder.invokeVirtual(java.lang.Object, java.lang.Object)'> (0x000000008de4a190) 
thrown [s\open\src\hotspot\share\interpreter\linkResolver.cpp, line 759]
Event: 25.723 Thread 0x000001ee64b00010 Exception <a 'java/io/FileNotFoundException'{0x000000008de81010}> (0x000000008de81010) 
thrown [s\open\src\hotspot\share\prims\jni.cpp, line 516]
Event: 25.798 Thread 0x000001ee64b00010 Exception <a 'java/lang/NoSuchMethodError'{0x000000008ddf9918}: 'void java.lang.invoke.DirectMethodHandle$Holder.invokeVirtual(java.lang.Object, java.lang.Object, long)'> (0x000000008ddf9918) 
thrown [s\open\src\hotspot\share\interpreter\linkResolver.cpp, line 759]
Event: 26.474 Thread 0x000001ee64b00010 Exception <a 'java/lang/reflect/InvocationTargetException'{0x000000008dda2d20}> (0x000000008dda2d20) 
thrown [s\open\src\hotspot\share\runtime\reflection.cpp, line 1121]
Event: 26.489 Thread 0x000001ee64b00010 Exception <a 'java/lang/reflect/InvocationTargetException'{0x000000008dde52d0}> (0x000000008dde52d0) 
thrown [s\open\src\hotspot\share\runtime\reflection.cpp, line 1121]
Event: 27.444 Thread 0x000001ee64b00010 Exception <a 'java/lang/reflect/InvocationTargetException'{0x0000000090841490}> (0x0000000090841490) 
thrown [s\open\src\hotspot\share\runtime\reflection.cpp, line 1121]
Event: 27.476 Thread 0x000001ee64b00010 Exception <a 'java/lang/reflect/InvocationTargetException'{0x000000008eba7838}> (0x000000008eba7838) 
thrown [s\open\src\hotspot\share\runtime\reflection.cpp, line 1121]

VM Operations (20 events):
Event: 27.040 Executing VM operation: G1CollectForAllocation done
Event: 27.078 Executing VM operation: G1Concurrent
Event: 27.098 Executing VM operation: G1Concurrent done
Event: 27.115 Executing VM operation: G1Concurrent
Event: 27.115 Executing VM operation: G1Concurrent done
Event: 27.260 Executing VM operation: G1CollectForAllocation
Event: 27.264 Executing VM operation: G1CollectForAllocation done
Event: 27.316 Executing VM operation: G1CollectForAllocation
Event: 27.320 Executing VM operation: G1CollectForAllocation done
Event: 27.359 Executing VM operation: G1Concurrent
Event: 27.363 Executing VM operation: G1Concurrent done
Event: 27.375 Executing VM operation: HandshakeAllThreads
Event: 27.375 Executing VM operation: HandshakeAllThreads done
Event: 27.383 Executing VM operation: G1Concurrent
Event: 27.383 Executing VM operation: G1Concurrent done
Event: 27.501 Executing VM operation: G1CollectForAllocation
Event: 27.504 Executing VM operation: G1CollectForAllocation done
Event: 27.554 Executing VM operation: G1CollectForAllocation
Event: 27.561 Executing VM operation: G1CollectForAllocation done
Event: 27.600 Executing VM operation: G1CollectForAllocation

Events (20 events):
Event: 25.653 loading class java/util/stream/SortedOps$SizedRefSortingSink done
Event: 25.675 loading class javax/net/ssl/SSLException
Event: 25.676 loading class javax/net/ssl/SSLException done
Event: 25.712 loading class java/nio/channels/CompletionHandler
Event: 25.712 loading class java/nio/channels/CompletionHandler done
Event: 25.746 Thread 0x000001ee64afd280 Thread added: 0x000001ee64afd280
Event: 25.750 Thread 0x000001ee64afe6c0 Thread added: 0x000001ee64afe6c0
Event: 25.760 Thread 0x000001ee64afebd0 Thread added: 0x000001ee64afebd0
Event: 25.832 loading class sun/reflect/annotation/AnnotationInvocationHandler$1
Event: 25.833 loading class sun/reflect/annotation/AnnotationInvocationHandler$1 done
Event: 26.437 loading class java/util/WeakHashMap$KeyIterator
Event: 26.437 loading class java/util/WeakHashMap$KeyIterator done
Event: 26.588 loading class java/util/EmptyStackException
Event: 26.591 loading class java/util/EmptyStackException done
Event: 26.858 loading class java/io/InvalidClassException
Event: 26.858 loading class java/io/InvalidClassException done
Event: 26.886 loading class java/util/ArrayList$ListItr
Event: 26.886 loading class java/util/ArrayList$ListItr done
Event: 27.443 loading class sun/reflect/generics/tree/IntSignature
Event: 27.443 loading class sun/reflect/generics/tree/IntSignature done


Dynamic libraries:
0x00007ff7c12d0000 - 0x00007ff7c12e0000 	C:\Program Files\Java\jdk-17\bin\javaw.exe
0x00007ff9994d0000 - 0x00007ff9996e7000 	C:\WINDOWS\SYSTEM32\ntdll.dll
0x00007ff997d00000 - 0x00007ff997dc4000 	C:\WINDOWS\System32\KERNEL32.DLL
0x00007ff9969c0000 - 0x00007ff996d92000 	C:\WINDOWS\System32\KERNELBASE.dll
0x00007ff996f10000 - 0x00007ff997021000 	C:\WINDOWS\System32\ucrtbase.dll
0x00007ff9596a0000 - 0x00007ff9596b9000 	C:\Program Files\Java\jdk-17\bin\jli.dll
0x00007ff959580000 - 0x00007ff95959b000 	C:\Program Files\Java\jdk-17\bin\VCRUNTIME140.dll
0x00007ff997330000 - 0x00007ff9973e1000 	C:\WINDOWS\System32\ADVAPI32.dll
0x00007ff9973f0000 - 0x00007ff997497000 	C:\WINDOWS\System32\msvcrt.dll
0x00007ff9979a0000 - 0x00007ff997a48000 	C:\WINDOWS\System32\sechost.dll
0x00007ff996990000 - 0x00007ff9969b8000 	C:\WINDOWS\System32\bcrypt.dll
0x00007ff9986f0000 - 0x00007ff998807000 	C:\WINDOWS\System32\RPCRT4.dll
0x00007ff997af0000 - 0x00007ff997ca1000 	C:\WINDOWS\System32\USER32.dll
0x00007ff997030000 - 0x00007ff997056000 	C:\WINDOWS\System32\win32u.dll
0x00007ff997ab0000 - 0x00007ff997ad9000 	C:\WINDOWS\System32\GDI32.dll
0x00007ff97fcb0000 - 0x00007ff97ff4b000 	C:\WINDOWS\WinSxS\amd64_microsoft.windows.common-controls_6595b64144ccf1df_6.0.22621.5697_none_27154c497380d676\COMCTL32.dll
0x00007ff9967a0000 - 0x00007ff9968c3000 	C:\WINDOWS\System32\gdi32full.dll
0x00007ff996700000 - 0x00007ff99679a000 	C:\WINDOWS\System32\msvcp_win.dll
0x00007ff992400000 - 0x00007ff99240a000 	C:\WINDOWS\SYSTEM32\VERSION.dll
0x00007ff997cc0000 - 0x00007ff997cf1000 	C:\WINDOWS\System32\IMM32.DLL
0x00007ff96da60000 - 0x00007ff96da6c000 	C:\Program Files\Java\jdk-17\bin\vcruntime140_1.dll
0x00007ff94c170000 - 0x00007ff94c1fe000 	C:\Program Files\Java\jdk-17\bin\msvcp140.dll
0x00007ff9455b0000 - 0x00007ff946190000 	C:\Program Files\Java\jdk-17\bin\server\jvm.dll
0x00007ff998810000 - 0x00007ff998818000 	C:\WINDOWS\System32\PSAPI.DLL
0x00007ff991ee0000 - 0x00007ff991f14000 	C:\WINDOWS\SYSTEM32\WINMM.dll
0x00007ff979ef0000 - 0x00007ff979ef9000 	C:\WINDOWS\SYSTEM32\WSOCK32.dll
0x00007ff9983d0000 - 0x00007ff998441000 	C:\WINDOWS\System32\WS2_32.dll
0x00007ff9955a0000 - 0x00007ff9955b8000 	C:\WINDOWS\SYSTEM32\kernel.appcore.dll
0x00007ff96ccb0000 - 0x00007ff96ccba000 	C:\Program Files\Java\jdk-17\bin\jimage.dll
0x00007ff98f370000 - 0x00007ff98f5a3000 	C:\WINDOWS\SYSTEM32\DBGHELP.DLL
0x00007ff9990f0000 - 0x00007ff999482000 	C:\WINDOWS\System32\combase.dll
0x00007ff998610000 - 0x00007ff9986e8000 	C:\WINDOWS\System32\OLEAUT32.dll
0x00007ff978eb0000 - 0x00007ff978ee2000 	C:\WINDOWS\SYSTEM32\dbgcore.DLL
0x00007ff997060000 - 0x00007ff9970db000 	C:\WINDOWS\System32\bcryptPrimitives.dll
0x00007ff950f60000 - 0x00007ff950f85000 	C:\Program Files\Java\jdk-17\bin\java.dll
0x00007ff94c090000 - 0x00007ff94c167000 	C:\Program Files\Java\jdk-17\bin\jsvml.dll
0x00007ff998820000 - 0x00007ff9990c1000 	C:\WINDOWS\System32\SHELL32.dll
0x00007ff9965c0000 - 0x00007ff9966ff000 	C:\WINDOWS\System32\wintypes.dll
0x00007ff9944a0000 - 0x00007ff994dba000 	C:\WINDOWS\SYSTEM32\windows.storage.dll
0x00007ff9976f0000 - 0x00007ff9977fb000 	C:\WINDOWS\System32\SHCORE.dll
0x00007ff998360000 - 0x00007ff9983c9000 	C:\WINDOWS\System32\shlwapi.dll
0x00007ff9964f0000 - 0x00007ff99651b000 	C:\WINDOWS\SYSTEM32\profapi.dll
0x00007ff951720000 - 0x00007ff951739000 	C:\Program Files\Java\jdk-17\bin\net.dll
0x00007ff992e20000 - 0x00007ff992f4c000 	C:\WINDOWS\SYSTEM32\WINHTTP.dll
0x00007ff995a70000 - 0x00007ff995ad9000 	C:\WINDOWS\system32\mswsock.dll
0x00007ff951680000 - 0x00007ff951696000 	C:\Program Files\Java\jdk-17\bin\nio.dll
0x00007ff950c90000 - 0x00007ff950ca8000 	C:\Program Files\Java\jdk-17\bin\zip.dll
0x00007ff95c140000 - 0x00007ff95c14a000 	C:\Program Files\Java\jdk-17\bin\management.dll
0x00007ff959690000 - 0x00007ff95969b000 	C:\Program Files\Java\jdk-17\bin\management_ext.dll
0x00007ff9752c0000 - 0x00007ff9752d7000 	C:\WINDOWS\system32\napinsp.dll
0x00007ff975000000 - 0x00007ff97501b000 	C:\WINDOWS\system32\pnrpnsp.dll
0x00007ff995050000 - 0x00007ff995148000 	C:\WINDOWS\SYSTEM32\DNSAPI.dll
0x00007ff995020000 - 0x00007ff99504d000 	C:\WINDOWS\SYSTEM32\IPHLPAPI.DLL
0x00007ff997ae0000 - 0x00007ff997ae9000 	C:\WINDOWS\System32\NSI.dll
0x00007ff974a60000 - 0x00007ff974a71000 	C:\WINDOWS\System32\winrnr.dll
0x00007ff974a40000 - 0x00007ff974a5f000 	C:\WINDOWS\system32\wshbth.dll
0x00007ff974990000 - 0x00007ff9749b1000 	C:\WINDOWS\system32\nlansp_c.dll
0x00007ff992d70000 - 0x00007ff992d7a000 	C:\Windows\System32\rasadhlp.dll
0x00007ff98f2e0000 - 0x00007ff98f364000 	C:\WINDOWS\System32\fwpuclnt.dll
0x00007ff995cc0000 - 0x00007ff995cdb000 	C:\WINDOWS\SYSTEM32\CRYPTSP.dll
0x00007ff995500000 - 0x00007ff995537000 	C:\WINDOWS\system32\rsaenh.dll
0x00007ff995b60000 - 0x00007ff995b88000 	C:\WINDOWS\SYSTEM32\USERENV.dll
0x00007ff995ce0000 - 0x00007ff995cec000 	C:\WINDOWS\SYSTEM32\CRYPTBASE.dll
0x00007ff992410000 - 0x00007ff992429000 	C:\WINDOWS\SYSTEM32\dhcpcsvc6.DLL
0x00007ff991ec0000 - 0x00007ff991edf000 	C:\WINDOWS\SYSTEM32\dhcpcsvc.DLL
0x00007ff953e80000 - 0x00007ff953e8e000 	C:\Program Files\Java\jdk-17\bin\sunmscapi.dll
0x00007ff996da0000 - 0x00007ff996f08000 	C:\WINDOWS\System32\CRYPT32.dll
0x00007ff995ef0000 - 0x00007ff995f1d000 	C:\WINDOWS\SYSTEM32\ncrypt.dll
0x00007ff995eb0000 - 0x00007ff995ee7000 	C:\WINDOWS\SYSTEM32\NTASN1.dll
0x00007ff950c80000 - 0x00007ff950c90000 	C:\Program Files\Java\jdk-17\bin\verify.dll

dbghelp: loaded successfully - version: 4.0.5 - missing functions: none
symbol engine: initialized successfully - sym options: 0x614 - pdb path: .;C:\Program Files\Java\jdk-17\bin;C:\WINDOWS\SYSTEM32;C:\WINDOWS\WinSxS\amd64_microsoft.windows.common-controls_6595b64144ccf1df_6.0.22621.5697_none_27154c497380d676;C:\Program Files\Java\jdk-17\bin\server

VM Arguments:
jvm_args: -Dcom.sun.management.jmxremote -Dcom.sun.management.jmxremote.port=59418 -Dcom.sun.management.jmxremote.authenticate=false -Dcom.sun.management.jmxremote.ssl=false -Djava.rmi.server.hostname=localhost -Dspring.jmx.enabled=true -Dmanagement.endpoints.jmx.exposure.include=* -Dspring.application.admin.enabled=true -XX:TieredStopAtLevel=1 -Dspring.boot.project.name=Global-events-with-polymers -Dfile.encoding=UTF-8 -Dstdout.encoding=UTF-8 -Dstderr.encoding=UTF-8 -XX:+ShowCodeDetailsInExceptionMessages 
java_command: com.zn.GlobalEventApplication --spring.output.ansi.enabled=always
java_class_path (initial): E:\Zynlogic-back\conference\Global-events-with-polymers\target\classes;C:\Users\NAGARAJU\.m2\repository\org\springframework\boot\spring-boot-starter-web\3.5.3\spring-boot-starter-web-3.5.3.jar;C:\Users\NAGARAJU\.m2\repository\org\springframework\boot\spring-boot-starter\3.5.3\spring-boot-starter-3.5.3.jar;C:\Users\NAGARAJU\.m2\repository\org\springframework\boot\spring-boot-starter-logging\3.5.3\spring-boot-starter-logging-3.5.3.jar;C:\Users\NAGARAJU\.m2\repository\ch\qos\logback\logback-classic\1.5.18\logback-classic-1.5.18.jar;C:\Users\NAGARAJU\.m2\repository\ch\qos\logback\logback-core\1.5.18\logback-core-1.5.18.jar;C:\Users\NAGARAJU\.m2\repository\org\apache\logging\log4j\log4j-to-slf4j\2.24.3\log4j-to-slf4j-2.24.3.jar;C:\Users\NAGARAJU\.m2\repository\org\apache\logging\log4j\log4j-api\2.24.3\log4j-api-2.24.3.jar;C:\Users\NAGARAJU\.m2\repository\org\slf4j\jul-to-slf4j\2.0.17\jul-to-slf4j-2.0.17.jar;C:\Users\NAGARAJU\.m2\repository\org\yaml\snakeyaml\2.4\snakeyaml-2.4.jar;C:\Users\NAGARAJU\.m2\repository\org\springframework\spring-web\6.2.8\spring-web-6.2.8.jar;C:\Users\NAGARAJU\.m2\repository\org\springframework\spring-beans\6.2.8\spring-beans-6.2.8.jar;C:\Users\NAGARAJU\.m2\repository\io\micrometer\micrometer-observation\1.15.1\micrometer-observation-1.15.1.jar;C:\Users\NAGARAJU\.m2\repository\io\micrometer\micrometer-commons\1.15.1\micrometer-commons-1.15.1.jar;C:\Users\NAGARAJU\.m2\repository\org\springframework\spring-webmvc\6.2.8\spring-webmvc-6.2.8.jar;C:\Users\NAGARAJU\.m2\repository\org\springframework\spring-context\6.2.8\spring-context-6.2.8.jar;C:\Users\NAGARAJU\.m2\repository\org\springframework\spring-expression\6.2.8\spring-expression-6.2.8.jar;C:\Users\NAGARAJU\.m2\repository\org\springframework\boot\spring-boot-starter-data-jpa\3.5.3\spring-boot-starter-data-jpa-3.5.3.jar;C:\Users\NAGARAJU\.m2\repository\org\springframework\boot\spring-boot-starter-jdbc\3.5.3\spring-boot-starter-jdbc-3.5.3.jar;C:\Users\NAGARAJU\.m2\re
Launcher Type: SUN_STANDARD

[Global flags]
     intx CICompilerCount                          = 4                                         {product} {ergonomic}
     uint ConcGCThreads                            = 2                                         {product} {ergonomic}
     uint G1ConcRefinementThreads                  = 8                                         {product} {ergonomic}
   size_t G1HeapRegionSize                         = 1048576                                   {product} {ergonomic}
    uintx GCDrainStackTargetSize                   = 64                                        {product} {ergonomic}
   size_t InitialHeapSize                          = 123731968                                 {product} {ergonomic}
     bool ManagementServer                         = true                                      {product} {command line}
   size_t MarkStackSize                            = 4194304                                   {product} {ergonomic}
   size_t MaxHeapSize                              = 1967128576                                {product} {ergonomic}
   size_t MaxNewSize                               = 1179648000                                {product} {ergonomic}
   size_t MinHeapDeltaBytes                        = 1048576                                   {product} {ergonomic}
   size_t MinHeapSize                              = 8388608                                   {product} {ergonomic}
    uintx NonProfiledCodeHeapSize                  = 0                                      {pd product} {ergonomic}
     bool ProfileInterpreter                       = false                                  {pd product} {command line}
    uintx ProfiledCodeHeapSize                     = 0                                      {pd product} {ergonomic}
     bool ShowCodeDetailsInExceptionMessages       = true                                   {manageable} {command line}
   size_t SoftMaxHeapSize                          = 1967128576                             {manageable} {ergonomic}
     intx TieredStopAtLevel                        = 1                                         {product} {command line}
     bool UseCompressedClassPointers               = true                           {product lp64_product} {ergonomic}
     bool UseCompressedOops                        = true                           {product lp64_product} {ergonomic}
     bool UseG1GC                                  = true                                      {product} {ergonomic}
     bool UseLargePagesIndividualAllocation        = false                                  {pd product} {ergonomic}

Logging:
Log output configuration:
 #0: stdout all=warning uptime,level,tags
 #1: stderr all=off uptime,level,tags

Environment Variables:
JAVA_HOME=C:\Program Files\Java\jdk-17
PATH=D:/test01/eclipse//plugins/org.eclipse.justj.openjdk.hotspot.jre.full.win32.x86_64_21.0.5.v20241023-1957/jre/bin/server;D:/test01/eclipse//plugins/org.eclipse.justj.openjdk.hotspot.jre.full.win32.x86_64_21.0.5.v20241023-1957/jre/bin;C:\Program Files\Eclipse Adoptium\jdk-11.0.26.4-hotspot\bin;C:\Program Files\Eclipse Adoptium\jdk-17.0.14.7-hotspot\bin;C:\Program Files\Java\jdk-17\bin;C:\Program Files\nodejs;E:\Android\Sdk\platform-tools;E:\Android\Sdk\emulator;E:\Android\Sdk\cmdline-tools\latest\bin;E:\Android\Sdk\platform-tools;E:\Android\Sdk\emulator;E:\Android\Sdk\cmdline-tools\latest\bin;C:\Users\NAGARAJU\AppData\Local\Android\Sdk\platform-tools;C:\Users\NAGARAJU\AppData\Local\Android\Sdk\emulator;C:\Users\NAGARAJU\AppData\Local\Android\Sdk\cmdline-tools\latest\bin;C:\Users\NAGARAJU\AppData\Local\Android\Sdk\platform-tools;C:\Users\NAGARAJU\AppData\Local\Android\Sdk\platform-tools;C:\Users\NAGARAJU\AppData\Local\Android\Sdk\platform-tools;C:\Users\NAGARAJU\AppData\Local\Android\Sdk\emulator;C:\Users\NAGARAJU\AppData\Local\Android\Sdk\cmdline-tools\latest\bin;C:\Users\NAGARAJU\AppData\Local\Android\Sdk\platform-tools;C:\Users\NAGARAJU\AppData\Local\Android\Sdk\emulator;C:\Users\NAGARAJU\AppData\Local\Android\Sdk\cmdline-tools\latest\bin;C:\Users\NAGARAJU\AppData\Local\Android\Sdk\platform-tools;C:\Users\NAGARAJU\AppData\Local\Android\Sdk\emulator;C:\Users\NAGARAJU\AppData\Local\Android\Sdk\cmdline-tools\latest\bin;C:\oraclexe\app\oracle\product\11.2.0\server\bin;C:\Users\NAGARAJU\Downloads\WINDOWS.X64_213000_db_home\bin;C:\Python312\Scripts\;C:\Python312\;C:\oraclexe\app\oracle\product\11.2.0\server\bin;D:\oracle\product\10.2.0\db_1\bin;C:\WINDOWS\system32;C:\WINDOWS;C:\WINDOWS\System32\Wbem;C:\WINDOWS\System32\WindowsPowerShell\v1.0\;C:\WINDOWS\System32\OpenSSH\;C:\Program Files\Java\jdk-18.0.2;C:\Program Files\HP\HP One Agent;C:\ProgramData\chocolatey\bin;C:\Program Files\Git\cmd;C:\Program Files\nodejs\;C:\xampp\php;C:\ProgramData\ComposerSetup\bin;C:\Users\N
USERNAME=NAGARAJU
OS=Windows_NT
PROCESSOR_IDENTIFIER=AMD64 Family 23 Model 104 Stepping 1, AuthenticAMD



---------------  S Y S T E M  ---------------

OS:
 Windows 11 , 64 bit Build 22621 (10.0.22621.5415)
OS uptime: 2 days 20:58 hours

CPU: total 8 (initial active 8) (8 cores per cpu, 2 threads per core) family 23 model 104 stepping 1 microcode 0x0, cx8, cmov, fxsr, ht, mmx, 3dnowpref, sse, sse2, sse3, ssse3, sse4a, sse4.1, sse4.2, popcnt, lzcnt, tsc, tscinvbit, avx, avx2, aes, clmul, bmi1, bmi2, adx, sha, fma, vzeroupper, clflush, clflushopt

Memory: 4k page, system-wide physical 7502M (87M free)
TotalPageFile size 30030M (AvailPageFile size 19M)
current process WorkingSet (physical memory assigned to process): 229M, peak: 229M
current process commit charge ("private bytes"): 270M, peak: 293M

vm_info: Java HotSpot(TM) 64-Bit Server VM (17.0.12+8-LTS-286) for windows-amd64 JRE (17.0.12+8-LTS-286), built on Jun  5 2024 06:46:59 by "mach5one" with MS VC++ 17.6 (VS2022)

END.
