#
# There is insufficient memory for the Java Runtime Environment to continue.
# Native memory allocation (malloc) failed to allocate 1676976 bytes for Chunk::new
# Possible reasons:
#   The system is out of physical RAM or swap space
#   The process is running with CompressedOops enabled, and the Java Heap may be blocking the growth of the native heap
# Possible solutions:
#   Reduce memory load on the system
#   Increase physical memory or swap space
#   Check if swap backing store is full
#   Decrease Java heap size (-Xmx/-Xms)
#   Decrease number of Java threads
#   Decrease Java thread stack sizes (-Xss)
#   Set larger code cache with -XX:ReservedCodeCacheSize=
#   JVM is running with Unscaled Compressed Oops mode in which the Java heap is
#     placed in the first 4GB address space. The Java Heap base address is the
#     maximum limit for the native heap growth. Please use -XX:HeapBaseMinAddress
#     to set the Java Heap base and to place the Java Heap above 4GB virtual address.
# This output file may be truncated or incomplete.
#
#  Out of Memory Error (arena.cpp:189), pid=1192, tid=8152
#
# JRE version: Java(TM) SE Runtime Environment (17.0.12+8) (build 17.0.12+8-LTS-286)
# Java VM: Java HotSpot(TM) 64-Bit Server VM (17.0.12+8-LTS-286, mixed mode, sharing, tiered, compressed oops, compressed class ptrs, g1 gc, windows-amd64)
# No core dump will be written. Minidumps are not enabled by default on client versions of Windows
#

---------------  S U M M A R Y ------------

Command Line: -Dmaven.home=EMBEDDED -Dclassworlds.conf=E:\Zynlogic-back\.metadata\.plugins\org.eclipse.m2e.launching\launches\m2conf13704113087137519152.tmp -Dmaven.multiModuleProjectDirectory=E:\Zynlogic-back\conference\Global-events-with-polymers -Dm2e.build.project.data.socket.port=49740 -Dfile.encoding=UTF-8 -Dstdout.encoding=UTF-8 -Dstderr.encoding=UTF-8 -XX:+ShowCodeDetailsInExceptionMessages org.codehaus.plexus.classworlds.launcher.Launcher -B -Dstyle.color=always install

Host: AMD Ryzen 3 5300U with Radeon Graphics         , 8 cores, 7G,  Windows 11 , 64 bit Build 22621 (10.0.22621.5415)
Time: Fri Sep  5 16:06:24 2025 India Standard Time elapsed time: 33.865200 seconds (0d 0h 0m 33s)

---------------  T H R E A D  ---------------

Current thread (0x00000283ed6d8370):  JavaThread "C2 CompilerThread0" daemon [_thread_in_native, id=8152, stack(0x00000089c6500000,0x00000089c6600000)]


Current CompileTask:
C2:  33865 11606   !   4       java.lang.ClassLoader::loadClass (121 bytes)

Stack: [0x00000089c6500000,0x00000089c6600000]
Native frames: (J=compiled Java code, j=interpreted, Vv=VM code, C=native code)
V  [jvm.dll+0x67a04a]
V  [jvm.dll+0x7da4ed]
V  [jvm.dll+0x7dbe33]
V  [jvm.dll+0x7dc4a3]
V  [jvm.dll+0x24508f]
V  [jvm.dll+0xab773]
V  [jvm.dll+0xabd3c]
V  [jvm.dll+0x361b9f]
V  [jvm.dll+0x1ba2d5]
V  [jvm.dll+0x216997]
V  [jvm.dll+0x215c6f]
V  [jvm.dll+0x1a2960]
V  [jvm.dll+0x22610b]
V  [jvm.dll+0x2242ab]
V  [jvm.dll+0x79075c]
V  [jvm.dll+0x78abea]
V  [jvm.dll+0x678f35]
C  [ucrtbase.dll+0x29333]
C  [KERNEL32.DLL+0x1259d]
C  [ntdll.dll+0x5af78]


---------------  P R O C E S S  ---------------

Threads class SMR info:
_java_thread_list=0x00000283f2e88740, length=18, elements={
0x00000283cfb2fc00, 0x00000283ed6bc9c0, 0x00000283ed6bdde0, 0x00000283ed6d32b0,
0x00000283ed6d4410, 0x00000283ed6d4dd0, 0x00000283ed6d5790, 0x00000283ed6d8370,
0x00000283ed6df4d0, 0x00000283ed6e1ee0, 0x00000283ed9551c0, 0x00000283ed960120,
0x00000283f3d597a0, 0x00000283f4488780, 0x00000283f4488c90, 0x00000283f4487340,
0x00000283f4487850, 0x00000283f540df10
}

Java Threads: ( => current thread )
  0x00000283cfb2fc00 JavaThread "main" [_thread_in_native, id=22536, stack(0x00000089c5800000,0x00000089c5900000)]
  0x00000283ed6bc9c0 JavaThread "Reference Handler" daemon [_thread_blocked, id=17148, stack(0x00000089c5f00000,0x00000089c6000000)]
  0x00000283ed6bdde0 JavaThread "Finalizer" daemon [_thread_blocked, id=7912, stack(0x00000089c6000000,0x00000089c6100000)]
  0x00000283ed6d32b0 JavaThread "Signal Dispatcher" daemon [_thread_blocked, id=22788, stack(0x00000089c6100000,0x00000089c6200000)]
  0x00000283ed6d4410 JavaThread "Attach Listener" daemon [_thread_blocked, id=21556, stack(0x00000089c6200000,0x00000089c6300000)]
  0x00000283ed6d4dd0 JavaThread "Service Thread" daemon [_thread_blocked, id=25216, stack(0x00000089c6300000,0x00000089c6400000)]
  0x00000283ed6d5790 JavaThread "Monitor Deflation Thread" daemon [_thread_blocked, id=4228, stack(0x00000089c6400000,0x00000089c6500000)]
=>0x00000283ed6d8370 JavaThread "C2 CompilerThread0" daemon [_thread_in_native, id=8152, stack(0x00000089c6500000,0x00000089c6600000)]
  0x00000283ed6df4d0 JavaThread "C1 CompilerThread0" daemon [_thread_blocked, id=25988, stack(0x00000089c6600000,0x00000089c6700000)]
  0x00000283ed6e1ee0 JavaThread "Sweeper thread" daemon [_thread_blocked, id=25028, stack(0x00000089c6700000,0x00000089c6800000)]
  0x00000283ed9551c0 JavaThread "Notification Thread" daemon [_thread_blocked, id=10948, stack(0x00000089c6800000,0x00000089c6900000)]
  0x00000283ed960120 JavaThread "Common-Cleaner" daemon [_thread_blocked, id=11980, stack(0x00000089c6a00000,0x00000089c6b00000)]
  0x00000283f3d597a0 JavaThread "timeout-check-timer" daemon [_thread_blocked, id=12148, stack(0x00000089c7b00000,0x00000089c7c00000)]
  0x00000283f4488780 JavaThread "ping-timer-10s" daemon [_thread_blocked, id=4560, stack(0x00000089c7c00000,0x00000089c7d00000)]
  0x00000283f4488c90 JavaThread "ThreadedStreamConsumer" daemon [_thread_blocked, id=22764, stack(0x00000089c7d00000,0x00000089c7e00000)]
  0x00000283f4487340 Thread [stack: 0x00000089c7e00000,0x00000089c7f00000] [id=11788]
  0x00000283f4487850 JavaThread "commands-fork-1" daemon [_thread_blocked, id=6892, stack(0x00000089c7f00000,0x00000089c8000000)]
  0x00000283f540df10 JavaThread "fork-1-event-thread" daemon [_thread_in_native, id=3076, stack(0x00000089c8000000,0x00000089c8100000)]

Other Threads:
  0x00000283ed6b72e0 VMThread "VM Thread" [stack: 0x00000089c5e00000,0x00000089c5f00000] [id=9888]
  0x00000283ed9576b0 WatcherThread [stack: 0x00000089c6900000,0x00000089c6a00000] [id=12324]
  0x00000283cfb86680 GCTaskThread "GC Thread#0" [stack: 0x00000089c5900000,0x00000089c5a00000] [id=24436]
  0x00000283f2792040 GCTaskThread "GC Thread#1" [stack: 0x00000089c6d00000,0x00000089c6e00000] [id=24496]
  0x00000283f2445070 GCTaskThread "GC Thread#2" [stack: 0x00000089c6e00000,0x00000089c6f00000] [id=23308]
  0x00000283f2626b00 GCTaskThread "GC Thread#3" [stack: 0x00000089c6f00000,0x00000089c7000000] [id=18900]
  0x00000283f27d8430 GCTaskThread "GC Thread#4" [stack: 0x00000089c7000000,0x00000089c7100000] [id=4032]
  0x00000283f2828060 GCTaskThread "GC Thread#5" [stack: 0x00000089c7100000,0x00000089c7200000] [id=5788]
  0x00000283f2828320 GCTaskThread "GC Thread#6" [stack: 0x00000089c7200000,0x00000089c7300000] [id=11288]
  0x00000283f28285e0 GCTaskThread "GC Thread#7" [stack: 0x00000089c7300000,0x00000089c7400000] [id=3140]
  0x00000283cfb96050 ConcurrentGCThread "G1 Main Marker" [stack: 0x00000089c5a00000,0x00000089c5b00000] [id=22360]
  0x00000283cfb98610 ConcurrentGCThread "G1 Conc#0" [stack: 0x00000089c5b00000,0x00000089c5c00000] [id=18772]
  0x00000283f29accb0 ConcurrentGCThread "G1 Conc#1" [stack: 0x00000089c6b00000,0x00000089c6c00000] [id=26400]
  0x00000283ed5724b0 ConcurrentGCThread "G1 Refine#0" [stack: 0x00000089c5c00000,0x00000089c5d00000] [id=17784]
  0x00000283f2cbbbe0 ConcurrentGCThread "G1 Refine#1" [stack: 0x00000089c7500000,0x00000089c7600000] [id=16728]
  0x00000283f2e25920 ConcurrentGCThread "G1 Refine#2" [stack: 0x00000089c7600000,0x00000089c7700000] [id=14172]
  0x00000283edc08a00 ConcurrentGCThread "G1 Refine#3" [stack: 0x00000089c7700000,0x00000089c7800000] [id=13724]
  0x00000283f26837f0 ConcurrentGCThread "G1 Refine#4" [stack: 0x00000089c7800000,0x00000089c7900000] [id=22848]
  0x00000283f673f890 ConcurrentGCThread "G1 Refine#5" [stack: 0x00000089c7900000,0x00000089c7a00000] [id=16220]
  0x00000283f4c6e810 ConcurrentGCThread "G1 Refine#6" [stack: 0x00000089c7400000,0x00000089c7500000] [id=14616]
  0x00000283f37a10c0 ConcurrentGCThread "G1 Refine#7" [stack: 0x00000089c7a00000,0x00000089c7b00000] [id=21104]
  0x00000283cfbee9a0 ConcurrentGCThread "G1 Service" [stack: 0x00000089c5d00000,0x00000089c5e00000] [id=22660]

Threads with active compile tasks:
C2 CompilerThread0    33893 11606   !   4       java.lang.ClassLoader::loadClass (121 bytes)

VM state: not at safepoint (normal execution)

VM Mutex/Monitor currently owned by a thread: None

Heap address: 0x000000008ac00000, size: 1876 MB, Compressed Oops mode: 32-bit

CDS archive(s) mapped at: [0x0000028380000000-0x0000028380bd0000-0x0000028380bd0000), size 12386304, SharedBaseAddress: 0x0000028380000000, ArchiveRelocationMode: 1.
Compressed class space mapped at: 0x0000028381000000-0x00000283c1000000, reserved size: 1073741824
Narrow klass base: 0x0000028380000000, Narrow klass shift: 0, Narrow klass range: 0x100000000

GC Precious Log:
 CPUs: 8 total, 8 available
 Memory: 7502M
 Large Page Support: Disabled
 NUMA Support: Disabled
 Compressed Oops: Enabled (32-bit)
 Heap Region Size: 1M
 Heap Min Capacity: 8M
 Heap Initial Capacity: 118M
 Heap Max Capacity: 1876M
 Pre-touch: Disabled
 Parallel Workers: 8
 Concurrent Workers: 2
 Concurrent Refinement Workers: 8
 Periodic GC: Disabled

Heap:
 garbage-first heap   total 238592K, used 166684K [0x000000008ac00000, 0x0000000100000000)
  region size 1024K, 77 young (78848K), 16 survivors (16384K)
 Metaspace       used 39074K, committed 39424K, reserved 1114112K
  class space    used 4246K, committed 4416K, reserved 1048576K

Heap Regions: E=young(eden), S=young(survivor), O=old, HS=humongous(starts), HC=humongous(continues), CS=collection set, F=free, OA=open archive, CA=closed archive, TAMS=top-at-mark-start (previous, next)
|   0|0x000000008ac00000, 0x000000008ad00000, 0x000000008ad00000|100%| O|  |TAMS 0x000000008ad00000, 0x000000008ac00000| Untracked 
|   1|0x000000008ad00000, 0x000000008ae00000, 0x000000008ae00000|100%| O|  |TAMS 0x000000008ae00000, 0x000000008ad00000| Untracked 
|   2|0x000000008ae00000, 0x000000008af00000, 0x000000008af00000|100%| O|  |TAMS 0x000000008af00000, 0x000000008ae00000| Untracked 
|   3|0x000000008af00000, 0x000000008b000000, 0x000000008b000000|100%| O|  |TAMS 0x000000008b000000, 0x000000008af00000| Untracked 
|   4|0x000000008b000000, 0x000000008b100000, 0x000000008b100000|100%| O|  |TAMS 0x000000008b100000, 0x000000008b000000| Untracked 
|   5|0x000000008b100000, 0x000000008b200000, 0x000000008b200000|100%| O|  |TAMS 0x000000008b200000, 0x000000008b100000| Untracked 
|   6|0x000000008b200000, 0x000000008b300000, 0x000000008b300000|100%| O|  |TAMS 0x000000008b300000, 0x000000008b200000| Untracked 
|   7|0x000000008b300000, 0x000000008b400000, 0x000000008b400000|100%|HS|  |TAMS 0x000000008b400000, 0x000000008b300000| Complete 
|   8|0x000000008b400000, 0x000000008b500000, 0x000000008b500000|100%|HC|  |TAMS 0x000000008b500000, 0x000000008b400000| Complete 
|   9|0x000000008b500000, 0x000000008b600000, 0x000000008b600000|100%| O|  |TAMS 0x000000008b600000, 0x000000008b500000| Untracked 
|  10|0x000000008b600000, 0x000000008b700000, 0x000000008b700000|100%| O|  |TAMS 0x000000008b700000, 0x000000008b600000| Untracked 
|  11|0x000000008b700000, 0x000000008b800000, 0x000000008b800000|100%| O|  |TAMS 0x000000008b800000, 0x000000008b700000| Untracked 
|  12|0x000000008b800000, 0x000000008b900000, 0x000000008b900000|100%| O|  |TAMS 0x000000008b900000, 0x000000008b800000| Untracked 
|  13|0x000000008b900000, 0x000000008ba00000, 0x000000008ba00000|100%| O|  |TAMS 0x000000008ba00000, 0x000000008b900000| Untracked 
|  14|0x000000008ba00000, 0x000000008bb00000, 0x000000008bb00000|100%| O|  |TAMS 0x000000008bb00000, 0x000000008ba00000| Untracked 
|  15|0x000000008bb00000, 0x000000008bc00000, 0x000000008bc00000|100%| O|  |TAMS 0x000000008bc00000, 0x000000008bb00000| Untracked 
|  16|0x000000008bc00000, 0x000000008bd00000, 0x000000008bd00000|100%| O|  |TAMS 0x000000008bd00000, 0x000000008bc00000| Untracked 
|  17|0x000000008bd00000, 0x000000008be00000, 0x000000008be00000|100%| O|  |TAMS 0x000000008be00000, 0x000000008bd00000| Untracked 
|  18|0x000000008be00000, 0x000000008bf00000, 0x000000008bf00000|100%| O|  |TAMS 0x000000008bf00000, 0x000000008be00000| Untracked 
|  19|0x000000008bf00000, 0x000000008c000000, 0x000000008c000000|100%| O|  |TAMS 0x000000008c000000, 0x000000008bf00000| Untracked 
|  20|0x000000008c000000, 0x000000008c100000, 0x000000008c100000|100%| O|  |TAMS 0x000000008c100000, 0x000000008c000000| Untracked 
|  21|0x000000008c100000, 0x000000008c200000, 0x000000008c200000|100%| O|  |TAMS 0x000000008c200000, 0x000000008c100000| Untracked 
|  22|0x000000008c200000, 0x000000008c300000, 0x000000008c300000|100%| O|  |TAMS 0x000000008c300000, 0x000000008c200000| Untracked 
|  23|0x000000008c300000, 0x000000008c400000, 0x000000008c400000|100%| O|  |TAMS 0x000000008c400000, 0x000000008c300000| Untracked 
|  24|0x000000008c400000, 0x000000008c500000, 0x000000008c500000|100%| O|  |TAMS 0x000000008c500000, 0x000000008c400000| Untracked 
|  25|0x000000008c500000, 0x000000008c600000, 0x000000008c600000|100%| O|  |TAMS 0x000000008c600000, 0x000000008c500000| Untracked 
|  26|0x000000008c600000, 0x000000008c700000, 0x000000008c700000|100%|HS|  |TAMS 0x000000008c700000, 0x000000008c600000| Complete 
|  27|0x000000008c700000, 0x000000008c800000, 0x000000008c800000|100%|HS|  |TAMS 0x000000008c800000, 0x000000008c700000| Complete 
|  28|0x000000008c800000, 0x000000008c900000, 0x000000008c900000|100%| O|  |TAMS 0x000000008c900000, 0x000000008c800000| Untracked 
|  29|0x000000008c900000, 0x000000008ca00000, 0x000000008ca00000|100%| O|  |TAMS 0x000000008ca00000, 0x000000008c900000| Untracked 
|  30|0x000000008ca00000, 0x000000008cb00000, 0x000000008cb00000|100%| O|  |TAMS 0x000000008cb00000, 0x000000008ca00000| Untracked 
|  31|0x000000008cb00000, 0x000000008cc00000, 0x000000008cc00000|100%| O|  |TAMS 0x000000008cc00000, 0x000000008cb00000| Untracked 
|  32|0x000000008cc00000, 0x000000008cd00000, 0x000000008cd00000|100%| O|  |TAMS 0x000000008cc66a00, 0x000000008cc00000| Untracked 
|  33|0x000000008cd00000, 0x000000008ce00000, 0x000000008ce00000|100%| O|  |TAMS 0x000000008cd00000, 0x000000008cd00000| Untracked 
|  34|0x000000008ce00000, 0x000000008cf00000, 0x000000008cf00000|100%| O|  |TAMS 0x000000008ce00000, 0x000000008ce00000| Untracked 
|  35|0x000000008cf00000, 0x000000008d000000, 0x000000008d000000|100%| O|  |TAMS 0x000000008cf00000, 0x000000008cf00000| Untracked 
|  36|0x000000008d000000, 0x000000008d100000, 0x000000008d100000|100%| O|  |TAMS 0x000000008d000000, 0x000000008d000000| Untracked 
|  37|0x000000008d100000, 0x000000008d200000, 0x000000008d200000|100%| O|  |TAMS 0x000000008d200000, 0x000000008d100000| Untracked 
|  38|0x000000008d200000, 0x000000008d300000, 0x000000008d300000|100%| O|  |TAMS 0x000000008d300000, 0x000000008d200000| Untracked 
|  39|0x000000008d300000, 0x000000008d400000, 0x000000008d400000|100%| O|  |TAMS 0x000000008d300000, 0x000000008d300000| Untracked 
|  40|0x000000008d400000, 0x000000008d500000, 0x000000008d500000|100%| O|  |TAMS 0x000000008d400000, 0x000000008d400000| Untracked 
|  41|0x000000008d500000, 0x000000008d600000, 0x000000008d600000|100%| O|  |TAMS 0x000000008d500000, 0x000000008d500000| Untracked 
|  42|0x000000008d600000, 0x000000008d700000, 0x000000008d700000|100%| O|  |TAMS 0x000000008d600000, 0x000000008d600000| Untracked 
|  43|0x000000008d700000, 0x000000008d800000, 0x000000008d800000|100%| O|  |TAMS 0x000000008d700000, 0x000000008d700000| Untracked 
|  44|0x000000008d800000, 0x000000008d900000, 0x000000008d900000|100%| O|  |TAMS 0x000000008d800000, 0x000000008d800000| Untracked 
|  45|0x000000008d900000, 0x000000008da00000, 0x000000008da00000|100%| O|  |TAMS 0x000000008d900000, 0x000000008d900000| Untracked 
|  46|0x000000008da00000, 0x000000008db00000, 0x000000008db00000|100%| O|  |TAMS 0x000000008da00000, 0x000000008da00000| Untracked 
|  47|0x000000008db00000, 0x000000008dc00000, 0x000000008dc00000|100%| O|  |TAMS 0x000000008db00000, 0x000000008db00000| Untracked 
|  48|0x000000008dc00000, 0x000000008dd00000, 0x000000008dd00000|100%| O|  |TAMS 0x000000008dd00000, 0x000000008dc00000| Untracked 
|  49|0x000000008dd00000, 0x000000008de00000, 0x000000008de00000|100%| O|  |TAMS 0x000000008de00000, 0x000000008dd00000| Untracked 
|  50|0x000000008de00000, 0x000000008df00000, 0x000000008df00000|100%| O|  |TAMS 0x000000008df00000, 0x000000008de00000| Untracked 
|  51|0x000000008df00000, 0x000000008e000000, 0x000000008e000000|100%| O|  |TAMS 0x000000008e000000, 0x000000008df00000| Untracked 
|  52|0x000000008e000000, 0x000000008e100000, 0x000000008e100000|100%| O|  |TAMS 0x000000008e100000, 0x000000008e000000| Untracked 
|  53|0x000000008e100000, 0x000000008e200000, 0x000000008e200000|100%| O|  |TAMS 0x000000008e100000, 0x000000008e100000| Untracked 
|  54|0x000000008e200000, 0x000000008e300000, 0x000000008e300000|100%| O|  |TAMS 0x000000008e200000, 0x000000008e200000| Untracked 
|  55|0x000000008e300000, 0x000000008e400000, 0x000000008e400000|100%| O|  |TAMS 0x000000008e300000, 0x000000008e300000| Untracked 
|  56|0x000000008e400000, 0x000000008e500000, 0x000000008e500000|100%| O|  |TAMS 0x000000008e400000, 0x000000008e400000| Untracked 
|  57|0x000000008e500000, 0x000000008e600000, 0x000000008e600000|100%| O|  |TAMS 0x000000008e500000, 0x000000008e500000| Untracked 
|  58|0x000000008e600000, 0x000000008e700000, 0x000000008e700000|100%|HS|  |TAMS 0x000000008e600000, 0x000000008e600000| Complete 
|  59|0x000000008e700000, 0x000000008e800000, 0x000000008e800000|100%| O|  |TAMS 0x000000008e700000, 0x000000008e700000| Untracked 
|  60|0x000000008e800000, 0x000000008e900000, 0x000000008e900000|100%| O|  |TAMS 0x000000008e800000, 0x000000008e800000| Untracked 
|  61|0x000000008e900000, 0x000000008ea00000, 0x000000008ea00000|100%| O|  |TAMS 0x000000008e900000, 0x000000008e900000| Untracked 
|  62|0x000000008ea00000, 0x000000008eb00000, 0x000000008eb00000|100%| O|  |TAMS 0x000000008ea00000, 0x000000008ea00000| Untracked 
|  63|0x000000008eb00000, 0x000000008ec00000, 0x000000008ec00000|100%| O|  |TAMS 0x000000008eb00000, 0x000000008eb00000| Untracked 
|  64|0x000000008ec00000, 0x000000008ed00000, 0x000000008ed00000|100%| O|  |TAMS 0x000000008ec00000, 0x000000008ec00000| Untracked 
|  65|0x000000008ed00000, 0x000000008ee00000, 0x000000008ee00000|100%| O|  |TAMS 0x000000008ed00000, 0x000000008ed00000| Untracked 
|  66|0x000000008ee00000, 0x000000008ef00000, 0x000000008ef00000|100%| O|  |TAMS 0x000000008ee00000, 0x000000008ee00000| Untracked 
|  67|0x000000008ef00000, 0x000000008f000000, 0x000000008f000000|100%| O|  |TAMS 0x000000008ef00000, 0x000000008ef00000| Untracked 
|  68|0x000000008f000000, 0x000000008f100000, 0x000000008f100000|100%| O|  |TAMS 0x000000008f000000, 0x000000008f000000| Untracked 
|  69|0x000000008f100000, 0x000000008f200000, 0x000000008f200000|100%|HS|  |TAMS 0x000000008f100000, 0x000000008f100000| Complete 
|  70|0x000000008f200000, 0x000000008f300000, 0x000000008f300000|100%|HC|  |TAMS 0x000000008f200000, 0x000000008f200000| Complete 
|  71|0x000000008f300000, 0x000000008f400000, 0x000000008f400000|100%|HS|  |TAMS 0x000000008f300000, 0x000000008f300000| Complete 
|  72|0x000000008f400000, 0x000000008f500000, 0x000000008f500000|100%|HS|  |TAMS 0x000000008f400000, 0x000000008f400000| Complete 
|  73|0x000000008f500000, 0x000000008f600000, 0x000000008f600000|100%|HS|  |TAMS 0x000000008f500000, 0x000000008f500000| Complete 
|  74|0x000000008f600000, 0x000000008f700000, 0x000000008f700000|100%| O|  |TAMS 0x000000008f600000, 0x000000008f600000| Untracked 
|  75|0x000000008f700000, 0x000000008f800000, 0x000000008f800000|100%| O|  |TAMS 0x000000008f700000, 0x000000008f700000| Untracked 
|  76|0x000000008f800000, 0x000000008f900000, 0x000000008f900000|100%| O|  |TAMS 0x000000008f800000, 0x000000008f800000| Untracked 
|  77|0x000000008f900000, 0x000000008fa00000, 0x000000008fa00000|100%| O|  |TAMS 0x000000008f900000, 0x000000008f900000| Untracked 
|  78|0x000000008fa00000, 0x000000008fb00000, 0x000000008fb00000|100%| O|  |TAMS 0x000000008fa00000, 0x000000008fa00000| Untracked 
|  79|0x000000008fb00000, 0x000000008fc00000, 0x000000008fc00000|100%| O|  |TAMS 0x000000008fb00000, 0x000000008fb00000| Untracked 
|  80|0x000000008fc00000, 0x000000008fd00000, 0x000000008fd00000|100%| O|  |TAMS 0x000000008fc00000, 0x000000008fc00000| Untracked 
|  81|0x000000008fd00000, 0x000000008fe00000, 0x000000008fe00000|100%| O|  |TAMS 0x000000008fd00000, 0x000000008fd00000| Untracked 
|  82|0x000000008fe00000, 0x000000008ff00000, 0x000000008ff00000|100%| O|  |TAMS 0x000000008fe00000, 0x000000008fe00000| Untracked 
|  83|0x000000008ff00000, 0x0000000090000000, 0x0000000090000000|100%| O|  |TAMS 0x000000008ff00000, 0x000000008ff00000| Untracked 
|  84|0x0000000090000000, 0x00000000900c7200, 0x0000000090100000| 77%| O|  |TAMS 0x0000000090000000, 0x0000000090000000| Untracked 
|  85|0x0000000090100000, 0x0000000090100000, 0x0000000090200000|  0%| F|  |TAMS 0x0000000090100000, 0x0000000090100000| Untracked 
|  86|0x0000000090200000, 0x0000000090200000, 0x0000000090300000|  0%| F|  |TAMS 0x0000000090200000, 0x0000000090200000| Untracked 
|  87|0x0000000090300000, 0x0000000090300000, 0x0000000090400000|  0%| F|  |TAMS 0x0000000090300000, 0x0000000090300000| Untracked 
|  88|0x0000000090400000, 0x0000000090400000, 0x0000000090500000|  0%| F|  |TAMS 0x0000000090400000, 0x0000000090400000| Untracked 
|  89|0x0000000090500000, 0x0000000090500000, 0x0000000090600000|  0%| F|  |TAMS 0x0000000090500000, 0x0000000090500000| Untracked 
|  90|0x0000000090600000, 0x0000000090600000, 0x0000000090700000|  0%| F|  |TAMS 0x0000000090600000, 0x0000000090600000| Untracked 
|  91|0x0000000090700000, 0x0000000090800000, 0x0000000090800000|100%| S|CS|TAMS 0x0000000090700000, 0x0000000090700000| Complete 
|  92|0x0000000090800000, 0x0000000090900000, 0x0000000090900000|100%| S|CS|TAMS 0x0000000090800000, 0x0000000090800000| Complete 
|  93|0x0000000090900000, 0x0000000090a00000, 0x0000000090a00000|100%| S|CS|TAMS 0x0000000090900000, 0x0000000090900000| Complete 
|  94|0x0000000090a00000, 0x0000000090b00000, 0x0000000090b00000|100%| S|CS|TAMS 0x0000000090a00000, 0x0000000090a00000| Complete 
|  95|0x0000000090b00000, 0x0000000090c00000, 0x0000000090c00000|100%| S|CS|TAMS 0x0000000090b00000, 0x0000000090b00000| Complete 
|  96|0x0000000090c00000, 0x0000000090d00000, 0x0000000090d00000|100%| S|CS|TAMS 0x0000000090c00000, 0x0000000090c00000| Complete 
|  97|0x0000000090d00000, 0x0000000090e00000, 0x0000000090e00000|100%| S|CS|TAMS 0x0000000090d00000, 0x0000000090d00000| Complete 
|  98|0x0000000090e00000, 0x0000000090f00000, 0x0000000090f00000|100%| S|CS|TAMS 0x0000000090e00000, 0x0000000090e00000| Complete 
|  99|0x0000000090f00000, 0x0000000090f00000, 0x0000000091000000|  0%| F|  |TAMS 0x0000000090f00000, 0x0000000090f00000| Untracked 
| 100|0x0000000091000000, 0x0000000091100000, 0x0000000091100000|100%| S|CS|TAMS 0x0000000091000000, 0x0000000091000000| Complete 
| 101|0x0000000091100000, 0x0000000091200000, 0x0000000091200000|100%| S|CS|TAMS 0x0000000091100000, 0x0000000091100000| Complete 
| 102|0x0000000091200000, 0x0000000091300000, 0x0000000091300000|100%| S|CS|TAMS 0x0000000091200000, 0x0000000091200000| Complete 
| 103|0x0000000091300000, 0x0000000091400000, 0x0000000091400000|100%| S|CS|TAMS 0x0000000091300000, 0x0000000091300000| Complete 
| 104|0x0000000091400000, 0x0000000091500000, 0x0000000091500000|100%| S|CS|TAMS 0x0000000091400000, 0x0000000091400000| Complete 
| 105|0x0000000091500000, 0x0000000091600000, 0x0000000091600000|100%| S|CS|TAMS 0x0000000091500000, 0x0000000091500000| Complete 
| 106|0x0000000091600000, 0x0000000091600000, 0x0000000091700000|  0%| F|  |TAMS 0x0000000091600000, 0x0000000091600000| Untracked 
| 107|0x0000000091700000, 0x0000000091700000, 0x0000000091800000|  0%| F|  |TAMS 0x0000000091700000, 0x0000000091700000| Untracked 
| 108|0x0000000091800000, 0x0000000091800000, 0x0000000091900000|  0%| F|  |TAMS 0x0000000091800000, 0x0000000091800000| Untracked 
| 109|0x0000000091900000, 0x0000000091900000, 0x0000000091a00000|  0%| F|  |TAMS 0x0000000091900000, 0x0000000091900000| Untracked 
| 110|0x0000000091a00000, 0x0000000091a00000, 0x0000000091b00000|  0%| F|  |TAMS 0x0000000091a00000, 0x0000000091a00000| Untracked 
| 111|0x0000000091b00000, 0x0000000091b00000, 0x0000000091c00000|  0%| F|  |TAMS 0x0000000091b00000, 0x0000000091b00000| Untracked 
| 112|0x0000000091c00000, 0x0000000091c00000, 0x0000000091d00000|  0%| F|  |TAMS 0x0000000091c00000, 0x0000000091c00000| Untracked 
| 113|0x0000000091d00000, 0x0000000091d00000, 0x0000000091e00000|  0%| F|  |TAMS 0x0000000091d00000, 0x0000000091d00000| Untracked 
| 114|0x0000000091e00000, 0x0000000091f00000, 0x0000000091f00000|100%| S|CS|TAMS 0x0000000091e00000, 0x0000000091e00000| Complete 
| 115|0x0000000091f00000, 0x0000000092000000, 0x0000000092000000|100%| S|CS|TAMS 0x0000000091f00000, 0x0000000091f00000| Complete 
| 116|0x0000000092000000, 0x0000000092000000, 0x0000000092100000|  0%| F|  |TAMS 0x0000000092000000, 0x0000000092000000| Untracked 
| 117|0x0000000092100000, 0x0000000092100000, 0x0000000092200000|  0%| F|  |TAMS 0x0000000092100000, 0x0000000092100000| Untracked 
| 118|0x0000000092200000, 0x0000000092200000, 0x0000000092300000|  0%| F|  |TAMS 0x0000000092200000, 0x0000000092200000| Untracked 
| 119|0x0000000092300000, 0x0000000092300000, 0x0000000092400000|  0%| F|  |TAMS 0x0000000092300000, 0x0000000092300000| Untracked 
| 120|0x0000000092400000, 0x0000000092400000, 0x0000000092500000|  0%| F|  |TAMS 0x0000000092400000, 0x0000000092400000| Untracked 
| 121|0x0000000092500000, 0x0000000092500000, 0x0000000092600000|  0%| F|  |TAMS 0x0000000092500000, 0x0000000092500000| Untracked 
| 122|0x0000000092600000, 0x0000000092600000, 0x0000000092700000|  0%| F|  |TAMS 0x0000000092600000, 0x0000000092600000| Untracked 
| 123|0x0000000092700000, 0x0000000092700000, 0x0000000092800000|  0%| F|  |TAMS 0x0000000092700000, 0x0000000092700000| Untracked 
| 124|0x0000000092800000, 0x0000000092800000, 0x0000000092900000|  0%| F|  |TAMS 0x0000000092800000, 0x0000000092800000| Untracked 
| 125|0x0000000092900000, 0x0000000092900000, 0x0000000092a00000|  0%| F|  |TAMS 0x0000000092900000, 0x0000000092900000| Untracked 
| 126|0x0000000092a00000, 0x0000000092a00000, 0x0000000092b00000|  0%| F|  |TAMS 0x0000000092a00000, 0x0000000092a00000| Untracked 
| 127|0x0000000092b00000, 0x0000000092b00000, 0x0000000092c00000|  0%| F|  |TAMS 0x0000000092b00000, 0x0000000092b00000| Untracked 
| 128|0x0000000092c00000, 0x0000000092c00000, 0x0000000092d00000|  0%| F|  |TAMS 0x0000000092c00000, 0x0000000092c00000| Untracked 
| 129|0x0000000092d00000, 0x0000000092d00000, 0x0000000092e00000|  0%| F|  |TAMS 0x0000000092d00000, 0x0000000092d00000| Untracked 
| 130|0x0000000092e00000, 0x0000000092e00000, 0x0000000092f00000|  0%| F|  |TAMS 0x0000000092e00000, 0x0000000092e00000| Untracked 
| 131|0x0000000092f00000, 0x0000000092f00000, 0x0000000093000000|  0%| F|  |TAMS 0x0000000092f00000, 0x0000000092f00000| Untracked 
| 132|0x0000000093000000, 0x0000000093000000, 0x0000000093100000|  0%| F|  |TAMS 0x0000000093000000, 0x0000000093000000| Untracked 
| 133|0x0000000093100000, 0x0000000093100000, 0x0000000093200000|  0%| F|  |TAMS 0x0000000093100000, 0x0000000093100000| Untracked 
| 134|0x0000000093200000, 0x0000000093200000, 0x0000000093300000|  0%| F|  |TAMS 0x0000000093200000, 0x0000000093200000| Untracked 
| 135|0x0000000093300000, 0x0000000093300000, 0x0000000093400000|  0%| F|  |TAMS 0x0000000093300000, 0x0000000093300000| Untracked 
| 136|0x0000000093400000, 0x0000000093400000, 0x0000000093500000|  0%| F|  |TAMS 0x0000000093400000, 0x0000000093400000| Untracked 
| 137|0x0000000093500000, 0x0000000093500000, 0x0000000093600000|  0%| F|  |TAMS 0x0000000093500000, 0x0000000093500000| Untracked 
| 138|0x0000000093600000, 0x0000000093600000, 0x0000000093700000|  0%| F|  |TAMS 0x0000000093600000, 0x0000000093600000| Untracked 
| 139|0x0000000093700000, 0x0000000093700000, 0x0000000093800000|  0%| F|  |TAMS 0x0000000093700000, 0x0000000093700000| Untracked 
| 140|0x0000000093800000, 0x0000000093800000, 0x0000000093900000|  0%| F|  |TAMS 0x0000000093800000, 0x0000000093800000| Untracked 
| 141|0x0000000093900000, 0x0000000093900000, 0x0000000093a00000|  0%| F|  |TAMS 0x0000000093900000, 0x0000000093900000| Untracked 
| 142|0x0000000093a00000, 0x0000000093a00000, 0x0000000093b00000|  0%| F|  |TAMS 0x0000000093a00000, 0x0000000093a00000| Untracked 
| 143|0x0000000093b00000, 0x0000000093b00000, 0x0000000093c00000|  0%| F|  |TAMS 0x0000000093b00000, 0x0000000093b00000| Untracked 
| 144|0x0000000093c00000, 0x0000000093c00000, 0x0000000093d00000|  0%| F|  |TAMS 0x0000000093c00000, 0x0000000093c00000| Untracked 
| 145|0x0000000093d00000, 0x0000000093d00000, 0x0000000093e00000|  0%| F|  |TAMS 0x0000000093d00000, 0x0000000093d00000| Untracked 
| 146|0x0000000093e00000, 0x0000000093e00000, 0x0000000093f00000|  0%| F|  |TAMS 0x0000000093e00000, 0x0000000093e00000| Untracked 
| 147|0x0000000093f00000, 0x0000000093f00000, 0x0000000094000000|  0%| F|  |TAMS 0x0000000093f00000, 0x0000000093f00000| Untracked 
| 148|0x0000000094000000, 0x0000000094000000, 0x0000000094100000|  0%| F|  |TAMS 0x0000000094000000, 0x0000000094000000| Untracked 
| 149|0x0000000094100000, 0x0000000094100000, 0x0000000094200000|  0%| F|  |TAMS 0x0000000094100000, 0x0000000094100000| Untracked 
| 150|0x0000000094200000, 0x0000000094200000, 0x0000000094300000|  0%| F|  |TAMS 0x0000000094200000, 0x0000000094200000| Untracked 
| 151|0x0000000094300000, 0x0000000094300000, 0x0000000094400000|  0%| F|  |TAMS 0x0000000094300000, 0x0000000094300000| Untracked 
| 152|0x0000000094400000, 0x0000000094400000, 0x0000000094500000|  0%| F|  |TAMS 0x0000000094400000, 0x0000000094400000| Untracked 
| 153|0x0000000094500000, 0x0000000094500000, 0x0000000094600000|  0%| F|  |TAMS 0x0000000094500000, 0x0000000094500000| Untracked 
| 154|0x0000000094600000, 0x0000000094600000, 0x0000000094700000|  0%| F|  |TAMS 0x0000000094600000, 0x0000000094600000| Untracked 
| 155|0x0000000094700000, 0x0000000094700000, 0x0000000094800000|  0%| F|  |TAMS 0x0000000094700000, 0x0000000094700000| Untracked 
| 156|0x0000000094800000, 0x0000000094800000, 0x0000000094900000|  0%| F|  |TAMS 0x0000000094800000, 0x0000000094800000| Untracked 
| 157|0x0000000094900000, 0x0000000094900000, 0x0000000094a00000|  0%| F|  |TAMS 0x0000000094900000, 0x0000000094900000| Untracked 
| 158|0x0000000094a00000, 0x0000000094a00000, 0x0000000094b00000|  0%| F|  |TAMS 0x0000000094a00000, 0x0000000094a00000| Untracked 
| 159|0x0000000094b00000, 0x0000000094b00000, 0x0000000094c00000|  0%| F|  |TAMS 0x0000000094b00000, 0x0000000094b00000| Untracked 
| 160|0x0000000094c00000, 0x0000000094c00000, 0x0000000094d00000|  0%| F|  |TAMS 0x0000000094c00000, 0x0000000094c00000| Untracked 
| 161|0x0000000094d00000, 0x0000000094d00000, 0x0000000094e00000|  0%| F|  |TAMS 0x0000000094d00000, 0x0000000094d00000| Untracked 
| 162|0x0000000094e00000, 0x0000000094e00000, 0x0000000094f00000|  0%| F|  |TAMS 0x0000000094e00000, 0x0000000094e00000| Untracked 
| 163|0x0000000094f00000, 0x0000000094f00000, 0x0000000095000000|  0%| F|  |TAMS 0x0000000094f00000, 0x0000000094f00000| Untracked 
| 164|0x0000000095000000, 0x0000000095000000, 0x0000000095100000|  0%| F|  |TAMS 0x0000000095000000, 0x0000000095000000| Untracked 
| 165|0x0000000095100000, 0x0000000095100000, 0x0000000095200000|  0%| F|  |TAMS 0x0000000095100000, 0x0000000095100000| Untracked 
| 166|0x0000000095200000, 0x0000000095200000, 0x0000000095300000|  0%| F|  |TAMS 0x0000000095200000, 0x0000000095200000| Untracked 
| 167|0x0000000095300000, 0x0000000095300000, 0x0000000095400000|  0%| F|  |TAMS 0x0000000095300000, 0x0000000095300000| Untracked 
| 168|0x0000000095400000, 0x0000000095400000, 0x0000000095500000|  0%| F|  |TAMS 0x0000000095400000, 0x0000000095400000| Untracked 
| 169|0x0000000095500000, 0x0000000095580800, 0x0000000095600000| 50%| E|  |TAMS 0x0000000095500000, 0x0000000095500000| Complete 
| 170|0x0000000095600000, 0x0000000095700000, 0x0000000095700000|100%| E|CS|TAMS 0x0000000095600000, 0x0000000095600000| Complete 
| 171|0x0000000095700000, 0x0000000095800000, 0x0000000095800000|100%| E|CS|TAMS 0x0000000095700000, 0x0000000095700000| Complete 
| 172|0x0000000095800000, 0x0000000095900000, 0x0000000095900000|100%| E|CS|TAMS 0x0000000095800000, 0x0000000095800000| Complete 
| 173|0x0000000095900000, 0x0000000095a00000, 0x0000000095a00000|100%| E|CS|TAMS 0x0000000095900000, 0x0000000095900000| Complete 
| 174|0x0000000095a00000, 0x0000000095b00000, 0x0000000095b00000|100%| E|CS|TAMS 0x0000000095a00000, 0x0000000095a00000| Complete 
| 175|0x0000000095b00000, 0x0000000095c00000, 0x0000000095c00000|100%| E|CS|TAMS 0x0000000095b00000, 0x0000000095b00000| Complete 
| 176|0x0000000095c00000, 0x0000000095d00000, 0x0000000095d00000|100%| E|CS|TAMS 0x0000000095c00000, 0x0000000095c00000| Complete 
| 177|0x0000000095d00000, 0x0000000095e00000, 0x0000000095e00000|100%| E|CS|TAMS 0x0000000095d00000, 0x0000000095d00000| Complete 
| 178|0x0000000095e00000, 0x0000000095f00000, 0x0000000095f00000|100%| E|CS|TAMS 0x0000000095e00000, 0x0000000095e00000| Complete 
| 179|0x0000000095f00000, 0x0000000096000000, 0x0000000096000000|100%| E|CS|TAMS 0x0000000095f00000, 0x0000000095f00000| Complete 
| 180|0x0000000096000000, 0x0000000096100000, 0x0000000096100000|100%| E|CS|TAMS 0x0000000096000000, 0x0000000096000000| Complete 
| 181|0x0000000096100000, 0x0000000096200000, 0x0000000096200000|100%| E|CS|TAMS 0x0000000096100000, 0x0000000096100000| Complete 
| 182|0x0000000096200000, 0x0000000096300000, 0x0000000096300000|100%| E|CS|TAMS 0x0000000096200000, 0x0000000096200000| Complete 
| 183|0x0000000096300000, 0x0000000096400000, 0x0000000096400000|100%| E|CS|TAMS 0x0000000096300000, 0x0000000096300000| Complete 
| 184|0x0000000096400000, 0x0000000096500000, 0x0000000096500000|100%| E|CS|TAMS 0x0000000096400000, 0x0000000096400000| Complete 
| 185|0x0000000096500000, 0x0000000096600000, 0x0000000096600000|100%| E|CS|TAMS 0x0000000096500000, 0x0000000096500000| Complete 
| 186|0x0000000096600000, 0x0000000096700000, 0x0000000096700000|100%| E|CS|TAMS 0x0000000096600000, 0x0000000096600000| Complete 
| 187|0x0000000096700000, 0x0000000096800000, 0x0000000096800000|100%| E|CS|TAMS 0x0000000096700000, 0x0000000096700000| Complete 
| 188|0x0000000096800000, 0x0000000096900000, 0x0000000096900000|100%| E|CS|TAMS 0x0000000096800000, 0x0000000096800000| Complete 
| 189|0x0000000096900000, 0x0000000096a00000, 0x0000000096a00000|100%| E|CS|TAMS 0x0000000096900000, 0x0000000096900000| Complete 
| 190|0x0000000096a00000, 0x0000000096b00000, 0x0000000096b00000|100%| E|CS|TAMS 0x0000000096a00000, 0x0000000096a00000| Complete 
| 191|0x0000000096b00000, 0x0000000096c00000, 0x0000000096c00000|100%| E|CS|TAMS 0x0000000096b00000, 0x0000000096b00000| Complete 
| 192|0x0000000096c00000, 0x0000000096d00000, 0x0000000096d00000|100%| E|CS|TAMS 0x0000000096c00000, 0x0000000096c00000| Complete 
| 193|0x0000000096d00000, 0x0000000096e00000, 0x0000000096e00000|100%| E|CS|TAMS 0x0000000096d00000, 0x0000000096d00000| Complete 
| 194|0x0000000096e00000, 0x0000000096f00000, 0x0000000096f00000|100%| E|CS|TAMS 0x0000000096e00000, 0x0000000096e00000| Complete 
| 195|0x0000000096f00000, 0x0000000097000000, 0x0000000097000000|100%| E|CS|TAMS 0x0000000096f00000, 0x0000000096f00000| Complete 
| 196|0x0000000097000000, 0x0000000097100000, 0x0000000097100000|100%| E|CS|TAMS 0x0000000097000000, 0x0000000097000000| Complete 
| 197|0x0000000097100000, 0x0000000097200000, 0x0000000097200000|100%| E|CS|TAMS 0x0000000097100000, 0x0000000097100000| Complete 
| 198|0x0000000097200000, 0x0000000097300000, 0x0000000097300000|100%| E|CS|TAMS 0x0000000097200000, 0x0000000097200000| Complete 
| 199|0x0000000097300000, 0x0000000097400000, 0x0000000097400000|100%| E|CS|TAMS 0x0000000097300000, 0x0000000097300000| Complete 
| 200|0x0000000097400000, 0x0000000097500000, 0x0000000097500000|100%| E|CS|TAMS 0x0000000097400000, 0x0000000097400000| Complete 
| 201|0x0000000097500000, 0x0000000097600000, 0x0000000097600000|100%| E|CS|TAMS 0x0000000097500000, 0x0000000097500000| Complete 
| 202|0x0000000097600000, 0x0000000097700000, 0x0000000097700000|100%| E|CS|TAMS 0x0000000097600000, 0x0000000097600000| Complete 
| 203|0x0000000097700000, 0x0000000097800000, 0x0000000097800000|100%| E|CS|TAMS 0x0000000097700000, 0x0000000097700000| Complete 
| 204|0x0000000097800000, 0x0000000097900000, 0x0000000097900000|100%| E|CS|TAMS 0x0000000097800000, 0x0000000097800000| Complete 
| 205|0x0000000097900000, 0x0000000097a00000, 0x0000000097a00000|100%| E|CS|TAMS 0x0000000097900000, 0x0000000097900000| Complete 
| 206|0x0000000097a00000, 0x0000000097b00000, 0x0000000097b00000|100%| E|CS|TAMS 0x0000000097a00000, 0x0000000097a00000| Complete 
| 207|0x0000000097b00000, 0x0000000097c00000, 0x0000000097c00000|100%| E|CS|TAMS 0x0000000097b00000, 0x0000000097b00000| Complete 
| 208|0x0000000097c00000, 0x0000000097d00000, 0x0000000097d00000|100%| E|CS|TAMS 0x0000000097c00000, 0x0000000097c00000| Complete 
| 209|0x0000000097d00000, 0x0000000097e00000, 0x0000000097e00000|100%| E|CS|TAMS 0x0000000097d00000, 0x0000000097d00000| Complete 
| 210|0x0000000097e00000, 0x0000000097f00000, 0x0000000097f00000|100%| E|CS|TAMS 0x0000000097e00000, 0x0000000097e00000| Complete 
| 211|0x0000000097f00000, 0x0000000098000000, 0x0000000098000000|100%| E|CS|TAMS 0x0000000097f00000, 0x0000000097f00000| Complete 
| 212|0x0000000098000000, 0x0000000098100000, 0x0000000098100000|100%| E|CS|TAMS 0x0000000098000000, 0x0000000098000000| Complete 
| 213|0x0000000098100000, 0x0000000098200000, 0x0000000098200000|100%| E|CS|TAMS 0x0000000098100000, 0x0000000098100000| Complete 
| 214|0x0000000098200000, 0x0000000098300000, 0x0000000098300000|100%| E|CS|TAMS 0x0000000098200000, 0x0000000098200000| Complete 
| 215|0x0000000098300000, 0x0000000098400000, 0x0000000098400000|100%| E|CS|TAMS 0x0000000098300000, 0x0000000098300000| Complete 
| 216|0x0000000098400000, 0x0000000098500000, 0x0000000098500000|100%| E|CS|TAMS 0x0000000098400000, 0x0000000098400000| Complete 
| 217|0x0000000098500000, 0x0000000098600000, 0x0000000098600000|100%| E|CS|TAMS 0x0000000098500000, 0x0000000098500000| Complete 
| 218|0x0000000098600000, 0x0000000098700000, 0x0000000098700000|100%| E|CS|TAMS 0x0000000098600000, 0x0000000098600000| Complete 
| 219|0x0000000098700000, 0x0000000098800000, 0x0000000098800000|100%| E|CS|TAMS 0x0000000098700000, 0x0000000098700000| Complete 
| 220|0x0000000098800000, 0x0000000098900000, 0x0000000098900000|100%| E|CS|TAMS 0x0000000098800000, 0x0000000098800000| Complete 
| 221|0x0000000098900000, 0x0000000098a00000, 0x0000000098a00000|100%| E|CS|TAMS 0x0000000098900000, 0x0000000098900000| Complete 
| 222|0x0000000098a00000, 0x0000000098b00000, 0x0000000098b00000|100%| E|CS|TAMS 0x0000000098a00000, 0x0000000098a00000| Complete 
| 223|0x0000000098b00000, 0x0000000098c00000, 0x0000000098c00000|100%| E|  |TAMS 0x0000000098b00000, 0x0000000098b00000| Complete 
| 224|0x0000000098c00000, 0x0000000098d00000, 0x0000000098d00000|100%| E|CS|TAMS 0x0000000098c00000, 0x0000000098c00000| Complete 
| 225|0x0000000098d00000, 0x0000000098e00000, 0x0000000098e00000|100%| E|CS|TAMS 0x0000000098d00000, 0x0000000098d00000| Complete 
| 226|0x0000000098e00000, 0x0000000098f00000, 0x0000000098f00000|100%| E|CS|TAMS 0x0000000098e00000, 0x0000000098e00000| Complete 
| 227|0x0000000098f00000, 0x0000000099000000, 0x0000000099000000|100%| E|CS|TAMS 0x0000000098f00000, 0x0000000098f00000| Complete 
| 228|0x0000000099000000, 0x0000000099100000, 0x0000000099100000|100%| E|CS|TAMS 0x0000000099000000, 0x0000000099000000| Complete 
| 229|0x0000000099100000, 0x0000000099200000, 0x0000000099200000|100%| E|CS|TAMS 0x0000000099100000, 0x0000000099100000| Complete 
|1873|0x00000000ffd00000, 0x00000000ffe00000, 0x00000000ffe00000|100%| O|  |TAMS 0x00000000ffe00000, 0x00000000ffd00000| Untracked 
|1874|0x00000000ffe00000, 0x00000000fff00000, 0x00000000fff00000|100%| O|  |TAMS 0x00000000fff00000, 0x00000000ffe00000| Untracked 
|1875|0x00000000fff00000, 0x0000000100000000, 0x0000000100000000|100%| O|  |TAMS 0x0000000100000000, 0x00000000fff00000| Untracked 

Card table byte_map: [0x00000283e6ac0000,0x00000283e6e70000] _byte_map_base: 0x00000283e666a000

Marking Bits (Prev, Next): (CMBitMap*) 0x00000283cfb86ca0, (CMBitMap*) 0x00000283cfb86ce0
 Prev Bits: [0x00000283e7220000, 0x00000283e8f70000)
 Next Bits: [0x00000283e8f70000, 0x00000283eacc0000)

Polling page: 0x00000283cda70000

Metaspace:

Usage:
  Non-class:     34.03 MB used.
      Class:      4.15 MB used.
       Both:     38.18 MB used.

Virtual space:
  Non-class space:       64.00 MB reserved,      34.19 MB ( 53%) committed,  1 nodes.
      Class space:        1.00 GB reserved,       4.31 MB ( <1%) committed,  1 nodes.
             Both:        1.06 GB reserved,      38.50 MB (  4%) committed. 

Chunk freelists:
   Non-Class:  13.50 MB
       Class:  11.56 MB
        Both:  25.06 MB

MaxMetaspaceSize: unlimited
CompressedClassSpaceSize: 1.00 GB
Initial GC threshold: 21.00 MB
Current GC threshold: 46.56 MB
CDS: on
MetaspaceReclaimPolicy: balanced
 - commit_granule_bytes: 65536.
 - commit_granule_words: 8192.
 - virtual_space_node_default_size: 8388608.
 - enlarge_chunks_in_place: 1.
 - new_chunks_are_fully_committed: 0.
 - uncommit_free_chunks: 1.
 - use_allocation_guard: 0.
 - handle_deallocations: 1.


Internal statistics:

num_allocs_failed_limit: 3.
num_arena_births: 306.
num_arena_deaths: 0.
num_vsnodes_births: 2.
num_vsnodes_deaths: 0.
num_space_committed: 616.
num_space_uncommitted: 0.
num_chunks_returned_to_freelist: 3.
num_chunks_taken_from_freelist: 1747.
num_chunk_merges: 3.
num_chunk_splits: 1183.
num_chunks_enlarged: 892.
num_inconsistent_stats: 0.

CodeHeap 'non-profiled nmethods': size=120000Kb used=8122Kb max_used=8122Kb free=111877Kb
 bounds [0x00000283deeb0000, 0x00000283df6a0000, 0x00000283e63e0000]
CodeHeap 'profiled nmethods': size=120000Kb used=21268Kb max_used=21268Kb free=98731Kb
 bounds [0x00000283d73e0000, 0x00000283d88b0000, 0x00000283de910000]
CodeHeap 'non-nmethods': size=5760Kb used=1256Kb max_used=1335Kb free=4503Kb
 bounds [0x00000283de910000, 0x00000283deb80000, 0x00000283deeb0000]
 total_blobs=9912 nmethods=9341 adapters=482
 compilation: enabled
              stopped_count=0, restarted_count=0
 full_count=0

Compilation events (20 events):
Event: 33.814 Thread 0x00000283ed6df4d0 11713       1       org.apache.maven.surefire.api.stream.AbstractStreamDecoder$MalformedFrameException::readFrom (5 bytes)
Event: 33.814 Thread 0x00000283ed6df4d0 nmethod 11713 0x00000283df4e4010 code [0x00000283df4e41a0, 0x00000283df4e4278]
Event: 33.815 Thread 0x00000283ed6df4d0 11714  s    1       java.lang.StringBuffer::length (5 bytes)
Event: 33.815 Thread 0x00000283ed6df4d0 nmethod 11714 0x00000283df4e3c90 code [0x00000283df4e3e20, 0x00000283df4e3f98]
Event: 33.815 Thread 0x00000283ed6df4d0 11715       3       java.nio.ByteBuffer::clear (7 bytes)
Event: 33.815 Thread 0x00000283ed6df4d0 nmethod 11715 0x00000283d889fd90 code [0x00000283d889ff20, 0x00000283d88a0098]
Event: 33.816 Thread 0x00000283ed6df4d0 11717       1       org.apache.maven.surefire.api.stream.AbstractStreamDecoder$BufferedStream::getPositionByteBuffer (5 bytes)
Event: 33.816 Thread 0x00000283ed6df4d0 nmethod 11717 0x00000283df4e3710 code [0x00000283df4e38a0, 0x00000283df4e3978]
Event: 33.816 Thread 0x00000283ed6df4d0 11718       1       org.apache.maven.surefire.api.stream.AbstractStreamDecoder$MalformedFrameException::readTo (5 bytes)
Event: 33.816 Thread 0x00000283ed6df4d0 nmethod 11718 0x00000283df69e710 code [0x00000283df69e8a0, 0x00000283df69e978]
Event: 33.817 Thread 0x00000283ed6df4d0 11719       3       java.util.Calendar::internalGet (7 bytes)
Event: 33.817 Thread 0x00000283ed6df4d0 nmethod 11719 0x00000283d88a0190 code [0x00000283d88a0320, 0x00000283d88a0458]
Event: 33.819 Thread 0x00000283ed6df4d0 11720       3       java.lang.StringCoding::implEncodeAsciiArray (47 bytes)
Event: 33.819 Thread 0x00000283ed6df4d0 nmethod 11720 0x00000283d88a0510 code [0x00000283d88a06c0, 0x00000283d88a0918]
Event: 33.820 Thread 0x00000283ed6df4d0 11721       3       org.apache.maven.surefire.stream.EventDecoder::getEncodedMagicNumber (4 bytes)
Event: 33.820 Thread 0x00000283ed6df4d0 nmethod 11721 0x00000283d88a0a90 code [0x00000283d88a0c20, 0x00000283d88a0d38]
Event: 33.820 Thread 0x00000283ed6df4d0 11722   !   3       org.apache.maven.surefire.stream.EventDecoder::decode (399 bytes)
Event: 33.824 Thread 0x00000283ed6df4d0 nmethod 11722 0x00000283d88a0e10 code [0x00000283d88a13c0, 0x00000283d88a42c8]
Event: 33.824 Thread 0x00000283ed6df4d0 11723       3       org.apache.maven.surefire.api.stream.AbstractStreamDecoder::readMessageType (46 bytes)
Event: 33.824 Thread 0x00000283ed6df4d0 nmethod 11723 0x00000283d88a6290 code [0x00000283d88a6460, 0x00000283d88a6958]

GC Heap History (20 events):
Event: 16.337 GC heap before
{Heap before GC invocations=21 (full 0):
 garbage-first heap   total 161792K, used 117760K [0x000000008ac00000, 0x0000000100000000)
  region size 1024K, 55 young (56320K), 3 survivors (3072K)
 Metaspace       used 31539K, committed 31872K, reserved 1114112K
  class space    used 3512K, committed 3648K, reserved 1048576K
}
Event: 16.348 GC heap after
{Heap after GC invocations=22 (full 0):
 garbage-first heap   total 161792K, used 66004K [0x000000008ac00000, 0x0000000100000000)
  region size 1024K, 5 young (5120K), 5 survivors (5120K)
 Metaspace       used 31539K, committed 31872K, reserved 1114112K
  class space    used 3512K, committed 3648K, reserved 1048576K
}
Event: 16.924 GC heap before
{Heap before GC invocations=22 (full 0):
 garbage-first heap   total 161792K, used 121300K [0x000000008ac00000, 0x0000000100000000)
  region size 1024K, 59 young (60416K), 5 survivors (5120K)
 Metaspace       used 31589K, committed 31872K, reserved 1114112K
  class space    used 3516K, committed 3648K, reserved 1048576K
}
Event: 16.940 GC heap after
{Heap after GC invocations=23 (full 0):
 garbage-first heap   total 194560K, used 68974K [0x000000008ac00000, 0x0000000100000000)
  region size 1024K, 7 young (7168K), 7 survivors (7168K)
 Metaspace       used 31589K, committed 31872K, reserved 1114112K
  class space    used 3516K, committed 3648K, reserved 1048576K
}
Event: 17.569 GC heap before
{Heap before GC invocations=23 (full 0):
 garbage-first heap   total 194560K, used 146798K [0x000000008ac00000, 0x0000000100000000)
  region size 1024K, 82 young (83968K), 7 survivors (7168K)
 Metaspace       used 31632K, committed 31936K, reserved 1114112K
  class space    used 3517K, committed 3648K, reserved 1048576K
}
Event: 17.587 GC heap after
{Heap after GC invocations=24 (full 0):
 garbage-first heap   total 194560K, used 73527K [0x000000008ac00000, 0x0000000100000000)
  region size 1024K, 9 young (9216K), 9 survivors (9216K)
 Metaspace       used 31632K, committed 31936K, reserved 1114112K
  class space    used 3517K, committed 3648K, reserved 1048576K
}
Event: 17.860 GC heap before
{Heap before GC invocations=24 (full 0):
 garbage-first heap   total 194560K, used 149303K [0x000000008ac00000, 0x0000000100000000)
  region size 1024K, 83 young (84992K), 9 survivors (9216K)
 Metaspace       used 31632K, committed 31936K, reserved 1114112K
  class space    used 3517K, committed 3648K, reserved 1048576K
}
Event: 17.874 GC heap after
{Heap after GC invocations=25 (full 0):
 garbage-first heap   total 194560K, used 73714K [0x000000008ac00000, 0x0000000100000000)
  region size 1024K, 5 young (5120K), 5 survivors (5120K)
 Metaspace       used 31632K, committed 31936K, reserved 1114112K
  class space    used 3517K, committed 3648K, reserved 1048576K
}
Event: 18.346 GC heap before
{Heap before GC invocations=25 (full 0):
 garbage-first heap   total 194560K, used 154610K [0x000000008ac00000, 0x0000000100000000)
  region size 1024K, 84 young (86016K), 5 survivors (5120K)
 Metaspace       used 31704K, committed 32000K, reserved 1114112K
  class space    used 3520K, committed 3648K, reserved 1048576K
}
Event: 18.358 GC heap after
{Heap after GC invocations=26 (full 0):
 garbage-first heap   total 194560K, used 75400K [0x000000008ac00000, 0x0000000100000000)
  region size 1024K, 6 young (6144K), 6 survivors (6144K)
 Metaspace       used 31704K, committed 32000K, reserved 1114112K
  class space    used 3520K, committed 3648K, reserved 1048576K
}
Event: 18.781 GC heap before
{Heap before GC invocations=26 (full 0):
 garbage-first heap   total 194560K, used 158344K [0x000000008ac00000, 0x0000000100000000)
  region size 1024K, 87 young (89088K), 6 survivors (6144K)
 Metaspace       used 31779K, committed 32064K, reserved 1114112K
  class space    used 3520K, committed 3648K, reserved 1048576K
}
Event: 18.793 GC heap after
{Heap after GC invocations=27 (full 0):
 garbage-first heap   total 238592K, used 75975K [0x000000008ac00000, 0x0000000100000000)
  region size 1024K, 3 young (3072K), 3 survivors (3072K)
 Metaspace       used 31779K, committed 32064K, reserved 1114112K
  class space    used 3520K, committed 3648K, reserved 1048576K
}
Event: 19.589 GC heap before
{Heap before GC invocations=27 (full 0):
 garbage-first heap   total 238592K, used 198855K [0x000000008ac00000, 0x0000000100000000)
  region size 1024K, 123 young (125952K), 3 survivors (3072K)
 Metaspace       used 31817K, committed 32064K, reserved 1114112K
  class space    used 3520K, committed 3648K, reserved 1048576K
}
Event: 19.597 GC heap after
{Heap after GC invocations=28 (full 0):
 garbage-first heap   total 238592K, used 76237K [0x000000008ac00000, 0x0000000100000000)
  region size 1024K, 4 young (4096K), 4 survivors (4096K)
 Metaspace       used 31817K, committed 32064K, reserved 1114112K
  class space    used 3520K, committed 3648K, reserved 1048576K
}
Event: 23.928 GC heap before
{Heap before GC invocations=28 (full 0):
 garbage-first heap   total 238592K, used 199117K [0x000000008ac00000, 0x0000000100000000)
  region size 1024K, 124 young (126976K), 4 survivors (4096K)
 Metaspace       used 34153K, committed 34496K, reserved 1114112K
  class space    used 3740K, committed 3904K, reserved 1048576K
}
Event: 23.941 GC heap after
{Heap after GC invocations=29 (full 0):
 garbage-first heap   total 238592K, used 78386K [0x000000008ac00000, 0x0000000100000000)
  region size 1024K, 6 young (6144K), 6 survivors (6144K)
 Metaspace       used 34153K, committed 34496K, reserved 1114112K
  class space    used 3740K, committed 3904K, reserved 1048576K
}
Event: 27.447 GC heap before
{Heap before GC invocations=29 (full 0):
 garbage-first heap   total 238592K, used 197170K [0x000000008ac00000, 0x0000000100000000)
  region size 1024K, 122 young (124928K), 6 survivors (6144K)
 Metaspace       used 34619K, committed 34944K, reserved 1114112K
  class space    used 3756K, committed 3904K, reserved 1048576K
}
Event: 27.463 GC heap after
{Heap after GC invocations=30 (full 0):
 garbage-first heap   total 238592K, used 81467K [0x000000008ac00000, 0x0000000100000000)
  region size 1024K, 9 young (9216K), 9 survivors (9216K)
 Metaspace       used 34619K, committed 34944K, reserved 1114112K
  class space    used 3756K, committed 3904K, reserved 1048576K
}
Event: 30.482 GC heap before
{Heap before GC invocations=30 (full 0):
 garbage-first heap   total 238592K, used 203323K [0x000000008ac00000, 0x0000000100000000)
  region size 1024K, 123 young (125952K), 9 survivors (9216K)
 Metaspace       used 35041K, committed 35392K, reserved 1114112K
  class space    used 3793K, committed 3968K, reserved 1048576K
}
Event: 30.512 GC heap after
{Heap after GC invocations=31 (full 0):
 garbage-first heap   total 238592K, used 106268K [0x000000008ac00000, 0x0000000100000000)
  region size 1024K, 16 young (16384K), 16 survivors (16384K)
 Metaspace       used 35041K, committed 35392K, reserved 1114112K
  class space    used 3793K, committed 3968K, reserved 1048576K
}

Deoptimization events (20 events):
Event: 33.804 Thread 0x00000283f4487340 Uncommon trap: trap_request=0xffffffc6 fr.pc=0x00000283df182fd8 relative=0x0000000000000138
Event: 33.804 Thread 0x00000283f4487340 Uncommon trap: reason=bimorphic_or_optimized_type_check action=maybe_recompile pc=0x00000283df182fd8 method=java.lang.Character.codePointBefore(Ljava/lang/CharSequence;I)I @ 5 c2
Event: 33.804 Thread 0x00000283f4487340 DEOPT PACKING pc=0x00000283df182fd8 sp=0x00000089c7efec70
Event: 33.804 Thread 0x00000283f4487340 DEOPT UNPACKING pc=0x00000283de9623a3 sp=0x00000089c7efec08 mode 2
Event: 33.804 Thread 0x00000283f4487340 Uncommon trap: trap_request=0xffffffc6 fr.pc=0x00000283df084bb8 relative=0x0000000000000278
Event: 33.804 Thread 0x00000283f4487340 Uncommon trap: reason=bimorphic_or_optimized_type_check action=maybe_recompile pc=0x00000283df084bb8 method=java.util.regex.Pattern$Slice.match(Ljava/util/regex/Matcher;ILjava/lang/CharSequence;)Z @ 49 c2
Event: 33.804 Thread 0x00000283f4487340 DEOPT PACKING pc=0x00000283df084bb8 sp=0x00000089c7efeb90
Event: 33.804 Thread 0x00000283f4487340 DEOPT UNPACKING pc=0x00000283de9623a3 sp=0x00000089c7efeb18 mode 2
Event: 33.804 Thread 0x00000283f4487340 Uncommon trap: trap_request=0xffffffc6 fr.pc=0x00000283df01e3c8 relative=0x0000000000000208
Event: 33.804 Thread 0x00000283f4487340 Uncommon trap: reason=bimorphic_or_optimized_type_check action=maybe_recompile pc=0x00000283df01e3c8 method=java.util.regex.Pattern$BmpCharProperty.match(Ljava/util/regex/Matcher;ILjava/lang/CharSequence;)Z @ 14 c2
Event: 33.804 Thread 0x00000283f4487340 DEOPT PACKING pc=0x00000283df01e3c8 sp=0x00000089c7efeb90
Event: 33.804 Thread 0x00000283f4487340 DEOPT UNPACKING pc=0x00000283de9623a3 sp=0x00000089c7efeb30 mode 2
Event: 33.805 Thread 0x00000283f4487340 Uncommon trap: trap_request=0xffffffc6 fr.pc=0x00000283df0cb3c8 relative=0x0000000000000288
Event: 33.805 Thread 0x00000283f4487340 Uncommon trap: reason=bimorphic_or_optimized_type_check action=maybe_recompile pc=0x00000283df0cb3c8 method=java.util.regex.Matcher.getTextLength()I @ 4 c2
Event: 33.805 Thread 0x00000283f4487340 DEOPT PACKING pc=0x00000283df0cb3c8 sp=0x00000089c7efee00
Event: 33.805 Thread 0x00000283f4487340 DEOPT UNPACKING pc=0x00000283de9623a3 sp=0x00000089c7efed30 mode 2
Event: 33.805 Thread 0x00000283f4487340 Uncommon trap: trap_request=0xffffff45 fr.pc=0x00000283df03dff8 relative=0x0000000000000078
Event: 33.805 Thread 0x00000283f4487340 Uncommon trap: reason=unstable_if action=reinterpret pc=0x00000283df03dff8 method=java.util.regex.Pattern.lambda$DOT$4(I)Z @ 3 c2
Event: 33.805 Thread 0x00000283f4487340 DEOPT PACKING pc=0x00000283df03dff8 sp=0x00000089c7efec80
Event: 33.805 Thread 0x00000283f4487340 DEOPT UNPACKING pc=0x00000283de9623a3 sp=0x00000089c7efebb8 mode 2

Classes unloaded (0 events):
No events

Classes redefined (0 events):
No events

Internal exceptions (20 events):
Event: 31.821 Thread 0x00000283cfb2fc00 Exception <a 'sun/nio/fs/WindowsException'{0x0000000097aecd60}> (0x0000000097aecd60) 
thrown [s\open\src\hotspot\share\prims\jni.cpp, line 516]
Event: 31.825 Thread 0x00000283cfb2fc00 Exception <a 'sun/nio/fs/WindowsException'{0x0000000097920998}> (0x0000000097920998) 
thrown [s\open\src\hotspot\share\prims\jni.cpp, line 516]
Event: 31.825 Thread 0x00000283cfb2fc00 Exception <a 'sun/nio/fs/WindowsException'{0x0000000097920cc8}> (0x0000000097920cc8) 
thrown [s\open\src\hotspot\share\prims\jni.cpp, line 516]
Event: 31.825 Thread 0x00000283cfb2fc00 Exception <a 'sun/nio/fs/WindowsException'{0x0000000097921c50}> (0x0000000097921c50) 
thrown [s\open\src\hotspot\share\prims\jni.cpp, line 516]
Event: 31.825 Thread 0x00000283cfb2fc00 Exception <a 'sun/nio/fs/WindowsException'{0x0000000097922050}> (0x0000000097922050) 
thrown [s\open\src\hotspot\share\prims\jni.cpp, line 516]
Event: 31.825 Thread 0x00000283cfb2fc00 Exception <a 'sun/nio/fs/WindowsException'{0x00000000979230a8}> (0x00000000979230a8) 
thrown [s\open\src\hotspot\share\prims\jni.cpp, line 516]
Event: 31.826 Thread 0x00000283cfb2fc00 Exception <a 'sun/nio/fs/WindowsException'{0x0000000097923408}> (0x0000000097923408) 
thrown [s\open\src\hotspot\share\prims\jni.cpp, line 516]
Event: 31.827 Thread 0x00000283cfb2fc00 Exception <a 'sun/nio/fs/WindowsException'{0x0000000097944dd8}> (0x0000000097944dd8) 
thrown [s\open\src\hotspot\share\prims\jni.cpp, line 516]
Event: 31.827 Thread 0x00000283cfb2fc00 Exception <a 'sun/nio/fs/WindowsException'{0x0000000097945108}> (0x0000000097945108) 
thrown [s\open\src\hotspot\share\prims\jni.cpp, line 516]
Event: 31.827 Thread 0x00000283cfb2fc00 Exception <a 'sun/nio/fs/WindowsException'{0x0000000097946090}> (0x0000000097946090) 
thrown [s\open\src\hotspot\share\prims\jni.cpp, line 516]
Event: 31.828 Thread 0x00000283cfb2fc00 Exception <a 'sun/nio/fs/WindowsException'{0x0000000097946490}> (0x0000000097946490) 
thrown [s\open\src\hotspot\share\prims\jni.cpp, line 516]
Event: 31.828 Thread 0x00000283cfb2fc00 Exception <a 'sun/nio/fs/WindowsException'{0x00000000979474e8}> (0x00000000979474e8) 
thrown [s\open\src\hotspot\share\prims\jni.cpp, line 516]
Event: 31.828 Thread 0x00000283cfb2fc00 Exception <a 'sun/nio/fs/WindowsException'{0x0000000097947848}> (0x0000000097947848) 
thrown [s\open\src\hotspot\share\prims\jni.cpp, line 516]
Event: 32.494 Thread 0x00000283f3d59290 Implicit null exception at 0x00000283df08406c to 0x00000283df084104
Event: 32.508 Thread 0x00000283f3d59290 Exception <a 'java/lang/NoSuchMethodError'{0x0000000096590218}: 'java.lang.Object java.lang.invoke.DirectMethodHandle$Holder.invokeStaticInit(java.lang.Object, java.lang.Object, long, java.lang.Object)'> (0x0000000096590218) 
thrown [s\open\src\hotspot\share\interpreter\linkResolver.cpp, line 759]
Event: 32.510 Thread 0x00000283f3d59290 Exception <a 'java/lang/NoSuchMethodError'{0x0000000096596958}: 'java.lang.Object java.lang.invoke.DirectMethodHandle$Holder.newInvokeSpecial(java.lang.Object, java.lang.Object, long)'> (0x0000000096596958) 
thrown [s\open\src\hotspot\share\interpreter\linkResolver.cpp, line 759]
Event: 32.510 Thread 0x00000283f3d59290 Exception <a 'java/lang/NoSuchMethodError'{0x000000009659a4c8}: 'java.lang.Object java.lang.invoke.Invokers$Holder.linkToTargetMethod(java.lang.Object, long, java.lang.Object)'> (0x000000009659a4c8) 
thrown [s\open\src\hotspot\share\interpreter\linkResolver.cpp, line 759]
Event: 32.648 Thread 0x00000283cfb2fc00 Exception <a 'java/lang/NoSuchMethodError'{0x0000000096336dc8}: 'java.lang.Object java.lang.invoke.DirectMethodHandle$Holder.invokeStaticInit(java.lang.Object, java.lang.Object, int, int, int, int)'> (0x0000000096336dc8) 
thrown [s\open\src\hotspot\share\interpreter\linkResolver.cpp, line 759]
Event: 33.417 Thread 0x00000283cfb2fc00 Exception <a 'java/lang/NoSuchMethodError'{0x0000000095836730}: 'void java.lang.invoke.DirectMethodHandle$Holder.invokeStatic(java.lang.Object, long)'> (0x0000000095836730) 
thrown [s\open\src\hotspot\share\interpreter\linkResolver.cpp, line 759]
Event: 33.418 Thread 0x00000283cfb2fc00 Exception <a 'java/lang/NoSuchMethodError'{0x000000009583bd80}: 'java.lang.Object java.lang.invoke.DirectMethodHandle$Holder.newInvokeSpecial(java.lang.Object, long)'> (0x000000009583bd80) 
thrown [s\open\src\hotspot\share\interpreter\linkResolver.cpp, line 759]

VM Operations (20 events):
Event: 31.519 Executing VM operation: Cleanup
Event: 31.519 Executing VM operation: Cleanup done
Event: 32.457 Executing VM operation: HandshakeAllThreads
Event: 32.458 Executing VM operation: HandshakeAllThreads done
Event: 32.470 Executing VM operation: HandshakeAllThreads
Event: 32.470 Executing VM operation: HandshakeAllThreads done
Event: 32.499 Executing VM operation: HandshakeAllThreads
Event: 32.499 Executing VM operation: HandshakeAllThreads done
Event: 32.664 Executing VM operation: ICBufferFull
Event: 32.664 Executing VM operation: ICBufferFull done
Event: 32.960 Executing VM operation: HandshakeAllThreads
Event: 32.960 Executing VM operation: HandshakeAllThreads done
Event: 32.994 Executing VM operation: HandshakeAllThreads
Event: 32.994 Executing VM operation: HandshakeAllThreads done
Event: 33.042 Executing VM operation: HandshakeAllThreads
Event: 33.042 Executing VM operation: HandshakeAllThreads done
Event: 33.058 Executing VM operation: HandshakeAllThreads
Event: 33.058 Executing VM operation: HandshakeAllThreads done
Event: 33.422 Executing VM operation: HandshakeAllThreads
Event: 33.422 Executing VM operation: HandshakeAllThreads done

Events (20 events):
Event: 33.422 loading class jdk/internal/event/ProcessStartEvent
Event: 33.423 loading class jdk/internal/event/ProcessStartEvent done
Event: 33.424 loading class java/nio/channels/ClosedChannelException
Event: 33.424 loading class java/nio/channels/ClosedChannelException done
Event: 33.428 loading class java/nio/channels/NonReadableChannelException
Event: 33.428 loading class java/nio/channels/NonReadableChannelException done
Event: 33.430 loading class java/nio/channels/NonWritableChannelException
Event: 33.431 loading class java/nio/channels/NonWritableChannelException done
Event: 33.457 Thread 0x00000283f4487340 Thread added: 0x00000283f4487340
Event: 33.458 loading class java/util/Scanner
Event: 33.458 Thread 0x00000283f4487850 Thread added: 0x00000283f4487850
Event: 33.459 loading class java/util/Scanner done
Event: 33.461 loading class java/util/Scanner$PatternLRUCache
Event: 33.461 loading class java/util/Scanner$PatternLRUCache done
Event: 33.477 Thread 0x00000283f540df10 Thread added: 0x00000283f540df10
Event: 33.804 Thread 0x00000283f765e680 Thread exited: 0x00000283f765e680
Event: 33.806 loading class java/util/regex/Matcher$ImmutableMatchResult
Event: 33.806 loading class java/util/regex/Matcher$ImmutableMatchResult done
Event: 33.811 loading class java/util/concurrent/atomic/Striped64$1
Event: 33.812 loading class java/util/concurrent/atomic/Striped64$1 done


Dynamic libraries:
0x00007ff6291d0000 - 0x00007ff6291e0000 	C:\Program Files\Java\jdk-17\bin\javaw.exe
0x00007ff9e3610000 - 0x00007ff9e3827000 	C:\WINDOWS\SYSTEM32\ntdll.dll
0x00007ff9e28e0000 - 0x00007ff9e29a4000 	C:\WINDOWS\System32\KERNEL32.DLL
0x00007ff9e0ec0000 - 0x00007ff9e1292000 	C:\WINDOWS\System32\KERNELBASE.dll
0x00007ff9e09e0000 - 0x00007ff9e0af1000 	C:\WINDOWS\System32\ucrtbase.dll
0x00007ff9b9f40000 - 0x00007ff9b9f5b000 	C:\Program Files\Java\jdk-17\bin\VCRUNTIME140.dll
0x00007ff9c8320000 - 0x00007ff9c8339000 	C:\Program Files\Java\jdk-17\bin\jli.dll
0x00007ff9e3350000 - 0x00007ff9e3401000 	C:\WINDOWS\System32\ADVAPI32.dll
0x00007ff9e12a0000 - 0x00007ff9e1347000 	C:\WINDOWS\System32\msvcrt.dll
0x00007ff9e14e0000 - 0x00007ff9e1588000 	C:\WINDOWS\System32\sechost.dll
0x00007ff9e0cd0000 - 0x00007ff9e0cf8000 	C:\WINDOWS\System32\bcrypt.dll
0x00007ff9e2e90000 - 0x00007ff9e2fa7000 	C:\WINDOWS\System32\RPCRT4.dll
0x00007ff9e2c60000 - 0x00007ff9e2e11000 	C:\WINDOWS\System32\USER32.dll
0x00007ff9e0700000 - 0x00007ff9e0726000 	C:\WINDOWS\System32\win32u.dll
0x00007ff9e2c30000 - 0x00007ff9e2c59000 	C:\WINDOWS\System32\GDI32.dll
0x00007ff9cbd20000 - 0x00007ff9cbfbb000 	C:\WINDOWS\WinSxS\amd64_microsoft.windows.common-controls_6595b64144ccf1df_6.0.22621.5697_none_27154c497380d676\COMCTL32.dll
0x00007ff9e0b00000 - 0x00007ff9e0c23000 	C:\WINDOWS\System32\gdi32full.dll
0x00007ff9e0c30000 - 0x00007ff9e0cca000 	C:\WINDOWS\System32\msvcp_win.dll
0x00007ff9d8b70000 - 0x00007ff9d8b7a000 	C:\WINDOWS\SYSTEM32\VERSION.dll
0x00007ff9e1350000 - 0x00007ff9e1381000 	C:\WINDOWS\System32\IMM32.DLL
0x00007ff9caea0000 - 0x00007ff9caeac000 	C:\Program Files\Java\jdk-17\bin\vcruntime140_1.dll
0x00007ff999d10000 - 0x00007ff999d9e000 	C:\Program Files\Java\jdk-17\bin\msvcp140.dll
0x00007ff9988c0000 - 0x00007ff9994a0000 	C:\Program Files\Java\jdk-17\bin\server\jvm.dll
0x00007ff9e1590000 - 0x00007ff9e1598000 	C:\WINDOWS\System32\PSAPI.DLL
0x00007ff9c1720000 - 0x00007ff9c1729000 	C:\WINDOWS\SYSTEM32\WSOCK32.dll
0x00007ff9dc3a0000 - 0x00007ff9dc3d4000 	C:\WINDOWS\SYSTEM32\WINMM.dll
0x00007ff9e29b0000 - 0x00007ff9e2a21000 	C:\WINDOWS\System32\WS2_32.dll
0x00007ff9df6e0000 - 0x00007ff9df6f8000 	C:\WINDOWS\SYSTEM32\kernel.appcore.dll
0x00007ff9cacc0000 - 0x00007ff9cacca000 	C:\Program Files\Java\jdk-17\bin\jimage.dll
0x00007ff9daf40000 - 0x00007ff9db173000 	C:\WINDOWS\SYSTEM32\DBGHELP.DLL
0x00007ff9e2fb0000 - 0x00007ff9e3342000 	C:\WINDOWS\System32\combase.dll
0x00007ff9e1390000 - 0x00007ff9e1468000 	C:\WINDOWS\System32\OLEAUT32.dll
0x00007ff9c29c0000 - 0x00007ff9c29f2000 	C:\WINDOWS\SYSTEM32\dbgcore.DLL
0x00007ff9e0d00000 - 0x00007ff9e0d7b000 	C:\WINDOWS\System32\bcryptPrimitives.dll
0x00007ff99aae0000 - 0x00007ff99ab05000 	C:\Program Files\Java\jdk-17\bin\java.dll
0x00007ff9987e0000 - 0x00007ff9988b7000 	C:\Program Files\Java\jdk-17\bin\jsvml.dll
0x00007ff9e1fb0000 - 0x00007ff9e2851000 	C:\WINDOWS\System32\SHELL32.dll
0x00007ff9e0d80000 - 0x00007ff9e0ebf000 	C:\WINDOWS\System32\wintypes.dll
0x00007ff9de5e0000 - 0x00007ff9deefa000 	C:\WINDOWS\SYSTEM32\windows.storage.dll
0x00007ff9e34c0000 - 0x00007ff9e35cb000 	C:\WINDOWS\System32\SHCORE.dll
0x00007ff9e2e20000 - 0x00007ff9e2e89000 	C:\WINDOWS\System32\shlwapi.dll
0x00007ff9e0630000 - 0x00007ff9e065b000 	C:\WINDOWS\SYSTEM32\profapi.dll
0x00007ff9b9f20000 - 0x00007ff9b9f39000 	C:\Program Files\Java\jdk-17\bin\net.dll
0x00007ff9dc270000 - 0x00007ff9dc39c000 	C:\WINDOWS\SYSTEM32\WINHTTP.dll
0x00007ff9dfbb0000 - 0x00007ff9dfc19000 	C:\WINDOWS\system32\mswsock.dll
0x00007ff99b490000 - 0x00007ff99b4a6000 	C:\Program Files\Java\jdk-17\bin\nio.dll
0x00007ff99a830000 - 0x00007ff99a848000 	C:\Program Files\Java\jdk-17\bin\zip.dll
0x00007ff9d68e0000 - 0x00007ff9d6904000 	C:\Users\NAGARAJU\AppData\Local\Temp\jansi-2.4.1-7113b09854e6ac7a-jansi.dll
0x00007ff9cac40000 - 0x00007ff9cac50000 	C:\Program Files\Java\jdk-17\bin\verify.dll
0x00007ff9df160000 - 0x00007ff9df18d000 	C:\WINDOWS\SYSTEM32\IPHLPAPI.DLL
0x00007ff9e2a30000 - 0x00007ff9e2a39000 	C:\WINDOWS\System32\NSI.dll
0x00007ff9dc3f0000 - 0x00007ff9dc409000 	C:\WINDOWS\SYSTEM32\dhcpcsvc6.DLL
0x00007ff9dc250000 - 0x00007ff9dc26f000 	C:\WINDOWS\SYSTEM32\dhcpcsvc.DLL
0x00007ff9df1d0000 - 0x00007ff9df2c8000 	C:\WINDOWS\SYSTEM32\DNSAPI.dll
0x00007ff9dfe00000 - 0x00007ff9dfe1b000 	C:\WINDOWS\SYSTEM32\CRYPTSP.dll
0x00007ff9df640000 - 0x00007ff9df677000 	C:\WINDOWS\system32\rsaenh.dll
0x00007ff9dfca0000 - 0x00007ff9dfcc8000 	C:\WINDOWS\SYSTEM32\USERENV.dll
0x00007ff9dfe20000 - 0x00007ff9dfe2c000 	C:\WINDOWS\SYSTEM32\CRYPTBASE.dll

dbghelp: loaded successfully - version: 4.0.5 - missing functions: none
symbol engine: initialized successfully - sym options: 0x614 - pdb path: .;C:\Program Files\Java\jdk-17\bin;C:\WINDOWS\SYSTEM32;C:\WINDOWS\WinSxS\amd64_microsoft.windows.common-controls_6595b64144ccf1df_6.0.22621.5697_none_27154c497380d676;C:\Program Files\Java\jdk-17\bin\server;C:\Users\NAGARAJU\AppData\Local\Temp

VM Arguments:
jvm_args: -Dmaven.home=EMBEDDED -Dclassworlds.conf=E:\Zynlogic-back\.metadata\.plugins\org.eclipse.m2e.launching\launches\m2conf13704113087137519152.tmp -Dmaven.multiModuleProjectDirectory=E:\Zynlogic-back\conference\Global-events-with-polymers -Dm2e.build.project.data.socket.port=49740 -Dfile.encoding=UTF-8 -Dstdout.encoding=UTF-8 -Dstderr.encoding=UTF-8 -XX:+ShowCodeDetailsInExceptionMessages 
java_command: org.codehaus.plexus.classworlds.launcher.Launcher -B -Dstyle.color=always install
java_class_path (initial): D:\test01\eclipse\plugins\org.eclipse.m2e.maven.runtime_3.9.700.20240602-2313\jars\plexus-classworlds-2.8.0.jar
Launcher Type: SUN_STANDARD

[Global flags]
     intx CICompilerCount                          = 4                                         {product} {ergonomic}
     uint ConcGCThreads                            = 2                                         {product} {ergonomic}
     uint G1ConcRefinementThreads                  = 8                                         {product} {ergonomic}
   size_t G1HeapRegionSize                         = 1048576                                   {product} {ergonomic}
    uintx GCDrainStackTargetSize                   = 64                                        {product} {ergonomic}
   size_t InitialHeapSize                          = 123731968                                 {product} {ergonomic}
   size_t MarkStackSize                            = 4194304                                   {product} {ergonomic}
   size_t MaxHeapSize                              = 1967128576                                {product} {ergonomic}
   size_t MaxNewSize                               = 1179648000                                {product} {ergonomic}
   size_t MinHeapDeltaBytes                        = 1048576                                   {product} {ergonomic}
   size_t MinHeapSize                              = 8388608                                   {product} {ergonomic}
    uintx NonNMethodCodeHeapSize                   = 5839372                                {pd product} {ergonomic}
    uintx NonProfiledCodeHeapSize                  = 122909434                              {pd product} {ergonomic}
    uintx ProfiledCodeHeapSize                     = 122909434                              {pd product} {ergonomic}
    uintx ReservedCodeCacheSize                    = 251658240                              {pd product} {ergonomic}
     bool SegmentedCodeCache                       = true                                      {product} {ergonomic}
     bool ShowCodeDetailsInExceptionMessages       = true                                   {manageable} {command line}
   size_t SoftMaxHeapSize                          = 1967128576                             {manageable} {ergonomic}
     bool UseCompressedClassPointers               = true                           {product lp64_product} {ergonomic}
     bool UseCompressedOops                        = true                           {product lp64_product} {ergonomic}
     bool UseG1GC                                  = true                                      {product} {ergonomic}
     bool UseLargePagesIndividualAllocation        = false                                  {pd product} {ergonomic}

Logging:
Log output configuration:
 #0: stdout all=warning uptime,level,tags
 #1: stderr all=off uptime,level,tags

Environment Variables:
JAVA_HOME=C:\Program Files\Java\jdk-17
PATH=D:/test01/eclipse//plugins/org.eclipse.justj.openjdk.hotspot.jre.full.win32.x86_64_21.0.5.v20241023-1957/jre/bin/server;D:/test01/eclipse//plugins/org.eclipse.justj.openjdk.hotspot.jre.full.win32.x86_64_21.0.5.v20241023-1957/jre/bin;C:\Program Files\Eclipse Adoptium\jdk-11.0.26.4-hotspot\bin;C:\Program Files\Eclipse Adoptium\jdk-17.0.14.7-hotspot\bin;C:\Program Files\Java\jdk-17\bin;C:\Program Files\nodejs;E:\Android\Sdk\platform-tools;E:\Android\Sdk\emulator;E:\Android\Sdk\cmdline-tools\latest\bin;E:\Android\Sdk\platform-tools;E:\Android\Sdk\emulator;E:\Android\Sdk\cmdline-tools\latest\bin;C:\Users\NAGARAJU\AppData\Local\Android\Sdk\platform-tools;C:\Users\NAGARAJU\AppData\Local\Android\Sdk\emulator;C:\Users\NAGARAJU\AppData\Local\Android\Sdk\cmdline-tools\latest\bin;C:\Users\NAGARAJU\AppData\Local\Android\Sdk\platform-tools;C:\Users\NAGARAJU\AppData\Local\Android\Sdk\platform-tools;C:\Users\NAGARAJU\AppData\Local\Android\Sdk\platform-tools;C:\Users\NAGARAJU\AppData\Local\Android\Sdk\emulator;C:\Users\NAGARAJU\AppData\Local\Android\Sdk\cmdline-tools\latest\bin;C:\Users\NAGARAJU\AppData\Local\Android\Sdk\platform-tools;C:\Users\NAGARAJU\AppData\Local\Android\Sdk\emulator;C:\Users\NAGARAJU\AppData\Local\Android\Sdk\cmdline-tools\latest\bin;C:\Users\NAGARAJU\AppData\Local\Android\Sdk\platform-tools;C:\Users\NAGARAJU\AppData\Local\Android\Sdk\emulator;C:\Users\NAGARAJU\AppData\Local\Android\Sdk\cmdline-tools\latest\bin;C:\Program Files\Eclipse Adoptium\jdk-11.0.26.4-hotspot\bin;C:\Program Files\Eclipse Adoptium\jdk-17.0.14.7-hotspot\bin;C:\Program Files\Java\jdk-17\bin;C:\Program Files\nodejs;E:\Android\Sdk\platform-tools;E:\Android\Sdk\emulator;E:\Android\Sdk\cmdline-tools\latest\bin;E:\Android\Sdk\platform-tools;E:\Android\Sdk\emulator;E:\Android\Sdk\cmdline-tools\latest\bin;C:\Users\NAGARAJU\AppData\Local\Android\Sdk\platform-tools;C:\Users\NAGARAJU\AppData\Local\Android\Sdk\emulator;C:\Users\NAGARAJU\AppData\Local\Android\Sdk\cmdline-tools\latest\bin;C:\Users\NAG
USERNAME=NAGARAJU
OS=Windows_NT
PROCESSOR_IDENTIFIER=AMD64 Family 23 Model 104 Stepping 1, AuthenticAMD



---------------  S Y S T E M  ---------------

OS:
 Windows 11 , 64 bit Build 22621 (10.0.22621.5415)
OS uptime: 0 days 4:23 hours

CPU: total 8 (initial active 8) (8 cores per cpu, 2 threads per core) family 23 model 104 stepping 1 microcode 0x0, cx8, cmov, fxsr, ht, mmx, 3dnowpref, sse, sse2, sse3, ssse3, sse4a, sse4.1, sse4.2, popcnt, lzcnt, tsc, tscinvbit, avx, avx2, aes, clmul, bmi1, bmi2, adx, sha, fma, vzeroupper, clflush, clflushopt

Memory: 4k page, system-wide physical 7502M (264M free)
TotalPageFile size 26061M (AvailPageFile size 188M)
current process WorkingSet (physical memory assigned to process): 419M, peak: 423M
current process commit charge ("private bytes"): 458M, peak: 464M

vm_info: Java HotSpot(TM) 64-Bit Server VM (17.0.12+8-LTS-286) for windows-amd64 JRE (17.0.12+8-LTS-286), built on Jun  5 2024 06:46:59 by "mach5one" with MS VC++ 17.6 (VS2022)

END.
