#
# There is insufficient memory for the Java Runtime Environment to continue.
# Native memory allocation (mmap) failed to map 78643200 bytes for G1 virtual space
# Possible reasons:
#   The system is out of physical RAM or swap space
#   The process is running with CompressedOops enabled, and the Java Heap may be blocking the growth of the native heap
# Possible solutions:
#   Reduce memory load on the system
#   Increase physical memory or swap space
#   Check if swap backing store is full
#   Decrease Java heap size (-Xmx/-Xms)
#   Decrease number of Java threads
#   Decrease Java thread stack sizes (-Xss)
#   Set larger code cache with -XX:ReservedCodeCacheSize=
#   JVM is running with Unscaled Compressed Oops mode in which the Java heap is
#     placed in the first 4GB address space. The Java Heap base address is the
#     maximum limit for the native heap growth. Please use -XX:HeapBaseMinAddress
#     to set the Java Heap base and to place the Java Heap above 4GB virtual address.
# This output file may be truncated or incomplete.
#
#  Out of Memory Error (os_windows.cpp:3548), pid=25420, tid=27436
#
# JRE version: Java(TM) SE Runtime Environment (17.0.12+8) (build 17.0.12+8-LTS-286)
# Java VM: Java HotSpot(TM) 64-Bit Server VM (17.0.12+8-LTS-286, mixed mode, emulated-client, sharing, tiered, compressed oops, compressed class ptrs, g1 gc, windows-amd64)
# No core dump will be written. Minidumps are not enabled by default on client versions of Windows
#

---------------  S U M M A R Y ------------

Command Line: -Dcom.sun.management.jmxremote -Dcom.sun.management.jmxremote.port=62082 -Dcom.sun.management.jmxremote.authenticate=false -Dcom.sun.management.jmxremote.ssl=false -Djava.rmi.server.hostname=localhost -Dspring.jmx.enabled=true -Dmanagement.endpoints.jmx.exposure.include=* -Dspring.application.admin.enabled=true -XX:TieredStopAtLevel=1 -Dspring.boot.project.name=Global-events-with-polymers -Dfile.encoding=UTF-8 -Dstdout.encoding=UTF-8 -Dstderr.encoding=UTF-8 -XX:+ShowCodeDetailsInExceptionMessages com.zn.GlobalEventApplication --spring.output.ansi.enabled=always

Host: AMD Ryzen 3 5300U with Radeon Graphics         , 8 cores, 7G,  Windows 11 , 64 bit Build 22621 (10.0.22621.5415)
Time: Fri Sep  5 16:22:11 2025 India Standard Time elapsed time: 25.195907 seconds (0d 0h 0m 25s)

---------------  T H R E A D  ---------------

Current thread (0x000001a30228adb0):  VMThread "VM Thread" [stack: 0x00000062b7900000,0x00000062b7a00000] [id=27436]

Stack: [0x00000062b7900000,0x00000062b7a00000]
Native frames: (J=compiled Java code, j=interpreted, Vv=VM code, C=native code)
V  [jvm.dll+0x67a04a]
V  [jvm.dll+0x7da4ed]
V  [jvm.dll+0x7dbe33]
V  [jvm.dll+0x7dc4a3]
V  [jvm.dll+0x24508f]
V  [jvm.dll+0x677089]
V  [jvm.dll+0x66bd32]
V  [jvm.dll+0x301fa6]
V  [jvm.dll+0x309546]
V  [jvm.dll+0x359d2e]
V  [jvm.dll+0x359f5f]
V  [jvm.dll+0x2d9078]
V  [jvm.dll+0x2d74ad]
V  [jvm.dll+0x2d6afc]
V  [jvm.dll+0x31a65b]
V  [jvm.dll+0x7e0d9b]
V  [jvm.dll+0x7e1ad4]
V  [jvm.dll+0x7e1fed]
V  [jvm.dll+0x7e23c4]
V  [jvm.dll+0x7e2490]
V  [jvm.dll+0x78abea]
V  [jvm.dll+0x678f35]
C  [ucrtbase.dll+0x29333]
C  [KERNEL32.DLL+0x1259d]
C  [ntdll.dll+0x5af78]

VM_Operation (0x00000062b97fa5f0): G1CollectForAllocation, mode: safepoint, requested by thread 0x000001a3485b96b0


---------------  P R O C E S S  ---------------

Threads class SMR info:
_java_thread_list=0x000001a349604180, length=27, elements={
0x000001a36e8343d0, 0x000001a302291420, 0x000001a3022929d0, 0x000001a3022a2510,
0x000001a3022a30a0, 0x000001a3022a3970, 0x000001a3022ac460, 0x000001a3022b26f0,
0x000001a3022b9440, 0x000001a302279590, 0x000001a3024f80c0, 0x000001a34822d460,
0x000001a34821beb0, 0x000001a348247250, 0x000001a34855d4a0, 0x000001a34858de50,
0x000001a3485bc950, 0x000001a3485bb000, 0x000001a3485bba20, 0x000001a3485b96b0,
0x000001a3485bb510, 0x000001a3485b9bc0, 0x000001a348492470, 0x000001a302279c40,
0x000001a3485bce60, 0x000001a3485baaf0, 0x000001a34a13cfb0
}

Java Threads: ( => current thread )
  0x000001a36e8343d0 JavaThread "main" [_thread_blocked, id=2360, stack(0x00000062b7300000,0x00000062b7400000)]
  0x000001a302291420 JavaThread "Reference Handler" daemon [_thread_blocked, id=27236, stack(0x00000062b7a00000,0x00000062b7b00000)]
  0x000001a3022929d0 JavaThread "Finalizer" daemon [_thread_blocked, id=23696, stack(0x00000062b7b00000,0x00000062b7c00000)]
  0x000001a3022a2510 JavaThread "Signal Dispatcher" daemon [_thread_blocked, id=19200, stack(0x00000062b7c00000,0x00000062b7d00000)]
  0x000001a3022a30a0 JavaThread "Attach Listener" daemon [_thread_blocked, id=14528, stack(0x00000062b7d00000,0x00000062b7e00000)]
  0x000001a3022a3970 JavaThread "Service Thread" daemon [_thread_blocked, id=27368, stack(0x00000062b7e00000,0x00000062b7f00000)]
  0x000001a3022ac460 JavaThread "Monitor Deflation Thread" daemon [_thread_blocked, id=12656, stack(0x00000062b7f00000,0x00000062b8000000)]
  0x000001a3022b26f0 JavaThread "C1 CompilerThread0" daemon [_thread_blocked, id=15884, stack(0x00000062b8000000,0x00000062b8100000)]
  0x000001a3022b9440 JavaThread "Sweeper thread" daemon [_thread_blocked, id=26680, stack(0x00000062b8100000,0x00000062b8200000)]
  0x000001a302279590 JavaThread "Common-Cleaner" daemon [_thread_blocked, id=4868, stack(0x00000062b8200000,0x00000062b8300000)]
  0x000001a3024f80c0 JavaThread "Notification Thread" daemon [_thread_blocked, id=27140, stack(0x00000062b8400000,0x00000062b8500000)]
  0x000001a34822d460 JavaThread "RMI TCP Accept-0" daemon [_thread_in_native, id=24256, stack(0x00000062b8500000,0x00000062b8600000)]
  0x000001a34821beb0 JavaThread "RMI TCP Accept-62082" daemon [_thread_in_native, id=26356, stack(0x00000062b8600000,0x00000062b8700000)]
  0x000001a348247250 JavaThread "RMI TCP Accept-0" daemon [_thread_in_native, id=24496, stack(0x00000062b8700000,0x00000062b8800000)]
  0x000001a34855d4a0 JavaThread "RMI TCP Connection(1)-127.0.0.1" daemon [_thread_in_native, id=5792, stack(0x00000062b8900000,0x00000062b8a00000)]
  0x000001a34858de50 JavaThread "RMI Scheduler(0)" daemon [_thread_blocked, id=24332, stack(0x00000062b8a00000,0x00000062b8b00000)]
  0x000001a3485bc950 JavaThread "RMI TCP Connection(2)-127.0.0.1" daemon [_thread_in_native, id=20992, stack(0x00000062b8b00000,0x00000062b8c00000)]
  0x000001a3485bb000 JavaThread "JMX server connection timeout 22" daemon [_thread_blocked, id=24512, stack(0x00000062b9500000,0x00000062b9600000)]
  0x000001a3485bba20 JavaThread "Thread-0" [_thread_blocked, id=19160, stack(0x00000062b9600000,0x00000062b9700000)]
  0x000001a3485b96b0 JavaThread "restartedMain" [_thread_blocked, id=23504, stack(0x00000062b9700000,0x00000062b9800000)]
  0x000001a3485bb510 JavaThread "mysql-cj-abandoned-connection-cleanup" daemon [_thread_blocked, id=23612, stack(0x00000062b9b00000,0x00000062b9c00000)]
  0x000001a3485b9bc0 JavaThread "SupabasePgBouncerPool:housekeeper" daemon [_thread_blocked, id=17808, stack(0x00000062b9900000,0x00000062b9a00000)]
  0x000001a348492470 JavaThread "C1 CompilerThread1" daemon [_thread_blocked, id=24660, stack(0x00000062b8300000,0x00000062b8400000)]
  0x000001a302279c40 JavaThread "C1 CompilerThread2" daemon [_thread_blocked, id=23872, stack(0x00000062b9a00000,0x00000062b9b00000)]
  0x000001a3485bce60 JavaThread "Catalina-utility-1" [_thread_blocked, id=25280, stack(0x00000062b9d00000,0x00000062b9e00000)]
  0x000001a3485baaf0 JavaThread "Catalina-utility-2" [_thread_blocked, id=2816, stack(0x00000062b9e00000,0x00000062b9f00000)]
  0x000001a34a13cfb0 JavaThread "container-0" [_thread_blocked, id=13888, stack(0x00000062b9f00000,0x00000062ba000000)]

Other Threads:
=>0x000001a30228adb0 VMThread "VM Thread" [stack: 0x00000062b7900000,0x00000062b7a00000] [id=27436]
  0x000001a36e8a2de0 WatcherThread [stack: 0x00000062b8800000,0x00000062b8900000] [id=10236]
  0x000001a36e887150 GCTaskThread "GC Thread#0" [stack: 0x00000062b7400000,0x00000062b7500000] [id=11660]
  0x000001a3485cbe70 GCTaskThread "GC Thread#1" [stack: 0x00000062b8c00000,0x00000062b8d00000] [id=19572]
  0x000001a3485f51b0 GCTaskThread "GC Thread#2" [stack: 0x00000062b8d00000,0x00000062b8e00000] [id=16668]
  0x000001a3485f6880 GCTaskThread "GC Thread#3" [stack: 0x00000062b8e00000,0x00000062b8f00000] [id=21616]
  0x000001a3485feb50 GCTaskThread "GC Thread#4" [stack: 0x00000062b8f00000,0x00000062b9000000] [id=1972]
  0x000001a3486002f0 GCTaskThread "GC Thread#5" [stack: 0x00000062b9000000,0x00000062b9100000] [id=25024]
  0x000001a3485ffd70 GCTaskThread "GC Thread#6" [stack: 0x00000062b9100000,0x00000062b9200000] [id=24948]
  0x000001a348600870 GCTaskThread "GC Thread#7" [stack: 0x00000062b9200000,0x00000062b9300000] [id=13180]
  0x000001a36e8979e0 ConcurrentGCThread "G1 Main Marker" [stack: 0x00000062b7500000,0x00000062b7600000] [id=27492]
  0x000001a36e899310 ConcurrentGCThread "G1 Conc#0" [stack: 0x00000062b7600000,0x00000062b7700000] [id=27280]
  0x000001a348600b30 ConcurrentGCThread "G1 Conc#1" [stack: 0x00000062b9800000,0x00000062b9900000] [id=18900]
  0x000001a36e8dd550 ConcurrentGCThread "G1 Refine#0" [stack: 0x00000062b7700000,0x00000062b7800000] [id=25788]
  0x000001a302601b10 ConcurrentGCThread "G1 Refine#1" [stack: 0x00000062b9300000,0x00000062b9400000] [id=19232]
  0x000001a302602210 ConcurrentGCThread "G1 Refine#2" [stack: 0x00000062b9400000,0x00000062b9500000] [id=22556]
  0x000001a36e8dde90 ConcurrentGCThread "G1 Service" [stack: 0x00000062b7800000,0x00000062b7900000] [id=23344]

Threads with active compile tasks:

VM state: at safepoint (normal execution)

VM Mutex/Monitor currently owned by a thread:  ([mutex/lock_event])
[0x000001a36e831c00] Threads_lock - owner thread: 0x000001a30228adb0
[0x000001a36e832500] Heap_lock - owner thread: 0x000001a3485b96b0

Heap address: 0x000000008ac00000, size: 1876 MB, Compressed Oops mode: 32-bit

CDS archive(s) mapped at: [0x000001a303000000-0x000001a303bd0000-0x000001a303bd0000), size 12386304, SharedBaseAddress: 0x000001a303000000, ArchiveRelocationMode: 1.
Compressed class space mapped at: 0x000001a304000000-0x000001a344000000, reserved size: 1073741824
Narrow klass base: 0x000001a303000000, Narrow klass shift: 0, Narrow klass range: 0x100000000

GC Precious Log:
 CPUs: 8 total, 8 available
 Memory: 7502M
 Large Page Support: Disabled
 NUMA Support: Disabled
 Compressed Oops: Enabled (32-bit)
 Heap Region Size: 1M
 Heap Min Capacity: 8M
 Heap Initial Capacity: 118M
 Heap Max Capacity: 1876M
 Pre-touch: Disabled
 Parallel Workers: 8
 Concurrent Workers: 2
 Concurrent Refinement Workers: 8
 Periodic GC: Disabled

Heap:
 garbage-first heap   total 120832K, used 55933K [0x000000008ac00000, 0x0000000100000000)
  region size 1024K, 2 young (2048K), 2 survivors (2048K)
 Metaspace       used 66678K, committed 67328K, reserved 1114112K
  class space    used 9641K, committed 9920K, reserved 1048576K

Heap Regions: E=young(eden), S=young(survivor), O=old, HS=humongous(starts), HC=humongous(continues), CS=collection set, F=free, OA=open archive, CA=closed archive, TAMS=top-at-mark-start (previous, next)
|   0|0x000000008ac00000, 0x000000008ad00000, 0x000000008ad00000|100%|HS|  |TAMS 0x000000008ad00000, 0x000000008ac00000| Complete 
|   1|0x000000008ad00000, 0x000000008ae00000, 0x000000008ae00000|100%|HS|  |TAMS 0x000000008ae00000, 0x000000008ad00000| Complete 
|   2|0x000000008ae00000, 0x000000008af00000, 0x000000008af00000|100%|HS|  |TAMS 0x000000008af00000, 0x000000008ae00000| Complete 
|   3|0x000000008af00000, 0x000000008b000000, 0x000000008b000000|100%| O|  |TAMS 0x000000008b000000, 0x000000008af00000| Untracked 
|   4|0x000000008b000000, 0x000000008b100000, 0x000000008b100000|100%| O|  |TAMS 0x000000008b100000, 0x000000008b000000| Untracked 
|   5|0x000000008b100000, 0x000000008b200000, 0x000000008b200000|100%| O|  |TAMS 0x000000008b200000, 0x000000008b100000| Untracked 
|   6|0x000000008b200000, 0x000000008b300000, 0x000000008b300000|100%| O|  |TAMS 0x000000008b300000, 0x000000008b200000| Untracked 
|   7|0x000000008b300000, 0x000000008b400000, 0x000000008b400000|100%| O|  |TAMS 0x000000008b400000, 0x000000008b300000| Untracked 
|   8|0x000000008b400000, 0x000000008b500000, 0x000000008b500000|100%| O|  |TAMS 0x000000008b500000, 0x000000008b400000| Untracked 
|   9|0x000000008b500000, 0x000000008b600000, 0x000000008b600000|100%| O|  |TAMS 0x000000008b600000, 0x000000008b500000| Untracked 
|  10|0x000000008b600000, 0x000000008b700000, 0x000000008b700000|100%| O|  |TAMS 0x000000008b700000, 0x000000008b600000| Untracked 
|  11|0x000000008b700000, 0x000000008b800000, 0x000000008b800000|100%| O|  |TAMS 0x000000008b800000, 0x000000008b700000| Untracked 
|  12|0x000000008b800000, 0x000000008b900000, 0x000000008b900000|100%| O|  |TAMS 0x000000008b900000, 0x000000008b800000| Untracked 
|  13|0x000000008b900000, 0x000000008ba00000, 0x000000008ba00000|100%| O|  |TAMS 0x000000008ba00000, 0x000000008b900000| Untracked 
|  14|0x000000008ba00000, 0x000000008bb00000, 0x000000008bb00000|100%| O|  |TAMS 0x000000008bb00000, 0x000000008ba00000| Untracked 
|  15|0x000000008bb00000, 0x000000008bc00000, 0x000000008bc00000|100%| O|  |TAMS 0x000000008bc00000, 0x000000008bb00000| Updating 
|  16|0x000000008bc00000, 0x000000008bd00000, 0x000000008bd00000|100%| O|  |TAMS 0x000000008bd00000, 0x000000008bc00000| Untracked 
|  17|0x000000008bd00000, 0x000000008be00000, 0x000000008be00000|100%| O|  |TAMS 0x000000008be00000, 0x000000008bd00000| Untracked 
|  18|0x000000008be00000, 0x000000008bf00000, 0x000000008bf00000|100%| O|  |TAMS 0x000000008bf00000, 0x000000008be00000| Untracked 
|  19|0x000000008bf00000, 0x000000008c000000, 0x000000008c000000|100%| O|  |TAMS 0x000000008c000000, 0x000000008bf00000| Updating 
|  20|0x000000008c000000, 0x000000008c100000, 0x000000008c100000|100%| O|  |TAMS 0x000000008c100000, 0x000000008c000000| Updating 
|  21|0x000000008c100000, 0x000000008c200000, 0x000000008c200000|100%| O|  |TAMS 0x000000008c200000, 0x000000008c100000| Untracked 
|  22|0x000000008c200000, 0x000000008c300000, 0x000000008c300000|100%| O|  |TAMS 0x000000008c300000, 0x000000008c200000| Untracked 
|  23|0x000000008c300000, 0x000000008c400000, 0x000000008c400000|100%| O|  |TAMS 0x000000008c400000, 0x000000008c300000| Untracked 
|  24|0x000000008c400000, 0x000000008c500000, 0x000000008c500000|100%| O|  |TAMS 0x000000008c500000, 0x000000008c400000| Untracked 
|  25|0x000000008c500000, 0x000000008c600000, 0x000000008c600000|100%| O|  |TAMS 0x000000008c600000, 0x000000008c500000| Untracked 
|  26|0x000000008c600000, 0x000000008c700000, 0x000000008c700000|100%| O|  |TAMS 0x000000008c700000, 0x000000008c600000| Untracked 
|  27|0x000000008c700000, 0x000000008c800000, 0x000000008c800000|100%| O|  |TAMS 0x000000008c800000, 0x000000008c700000| Untracked 
|  28|0x000000008c800000, 0x000000008c900000, 0x000000008c900000|100%| O|  |TAMS 0x000000008c900000, 0x000000008c800000| Updating 
|  29|0x000000008c900000, 0x000000008ca00000, 0x000000008ca00000|100%| O|  |TAMS 0x000000008ca00000, 0x000000008c900000| Updating 
|  30|0x000000008ca00000, 0x000000008cb00000, 0x000000008cb00000|100%| O|  |TAMS 0x000000008cb00000, 0x000000008ca00000| Updating 
|  31|0x000000008cb00000, 0x000000008cc00000, 0x000000008cc00000|100%| O|  |TAMS 0x000000008cc00000, 0x000000008cb00000| Untracked 
|  32|0x000000008cc00000, 0x000000008cd00000, 0x000000008cd00000|100%| O|  |TAMS 0x000000008cd00000, 0x000000008cc00000| Untracked 
|  33|0x000000008cd00000, 0x000000008ce00000, 0x000000008ce00000|100%| O|  |TAMS 0x000000008ce00000, 0x000000008cd00000| Untracked 
|  34|0x000000008ce00000, 0x000000008cf00000, 0x000000008cf00000|100%| O|  |TAMS 0x000000008cf00000, 0x000000008ce00000| Untracked 
|  35|0x000000008cf00000, 0x000000008d000000, 0x000000008d000000|100%| O|  |TAMS 0x000000008d000000, 0x000000008cf00000| Untracked 
|  36|0x000000008d000000, 0x000000008d100000, 0x000000008d100000|100%| O|  |TAMS 0x000000008d100000, 0x000000008d000000| Untracked 
|  37|0x000000008d100000, 0x000000008d200000, 0x000000008d200000|100%| O|  |TAMS 0x000000008d200000, 0x000000008d100000| Untracked 
|  38|0x000000008d200000, 0x000000008d300000, 0x000000008d300000|100%| O|  |TAMS 0x000000008d300000, 0x000000008d200000| Untracked 
|  39|0x000000008d300000, 0x000000008d400000, 0x000000008d400000|100%| O|  |TAMS 0x000000008d3bdc00, 0x000000008d300000| Untracked 
|  40|0x000000008d400000, 0x000000008d500000, 0x000000008d500000|100%| O|  |TAMS 0x000000008d400000, 0x000000008d400000| Untracked 
|  41|0x000000008d500000, 0x000000008d600000, 0x000000008d600000|100%| O|  |TAMS 0x000000008d500000, 0x000000008d500000| Untracked 
|  42|0x000000008d600000, 0x000000008d700000, 0x000000008d700000|100%| O|  |TAMS 0x000000008d600000, 0x000000008d600000| Untracked 
|  43|0x000000008d700000, 0x000000008d800000, 0x000000008d800000|100%| O|  |TAMS 0x000000008d700000, 0x000000008d700000| Untracked 
|  44|0x000000008d800000, 0x000000008d900000, 0x000000008d900000|100%| O|  |TAMS 0x000000008d800000, 0x000000008d800000| Untracked 
|  45|0x000000008d900000, 0x000000008da00000, 0x000000008da00000|100%| O|  |TAMS 0x000000008d900000, 0x000000008d900000| Untracked 
|  46|0x000000008da00000, 0x000000008db00000, 0x000000008db00000|100%| O|  |TAMS 0x000000008da00000, 0x000000008da00000| Untracked 
|  47|0x000000008db00000, 0x000000008dc00000, 0x000000008dc00000|100%| O|  |TAMS 0x000000008db00000, 0x000000008db00000| Updating 
|  48|0x000000008dc00000, 0x000000008dd00000, 0x000000008dd00000|100%| O|  |TAMS 0x000000008dc00000, 0x000000008dc00000| Untracked 
|  49|0x000000008dd00000, 0x000000008de00000, 0x000000008de00000|100%| O|  |TAMS 0x000000008dd00000, 0x000000008dd00000| Untracked 
|  50|0x000000008de00000, 0x000000008df00000, 0x000000008df00000|100%| O|  |TAMS 0x000000008de00000, 0x000000008de00000| Untracked 
|  51|0x000000008df00000, 0x000000008e000000, 0x000000008e000000|100%| O|  |TAMS 0x000000008df00000, 0x000000008df00000| Untracked 
|  52|0x000000008e000000, 0x000000008e09f400, 0x000000008e100000| 62%| O|  |TAMS 0x000000008e000000, 0x000000008e000000| Untracked 
|  53|0x000000008e100000, 0x000000008e100000, 0x000000008e200000|  0%| F|  |TAMS 0x000000008e100000, 0x000000008e100000| Untracked 
|  54|0x000000008e200000, 0x000000008e200000, 0x000000008e300000|  0%| F|  |TAMS 0x000000008e200000, 0x000000008e200000| Untracked 
|  55|0x000000008e300000, 0x000000008e300000, 0x000000008e400000|  0%| F|  |TAMS 0x000000008e300000, 0x000000008e300000| Untracked 
|  56|0x000000008e400000, 0x000000008e400000, 0x000000008e500000|  0%| F|  |TAMS 0x000000008e400000, 0x000000008e400000| Untracked 
|  57|0x000000008e500000, 0x000000008e500000, 0x000000008e600000|  0%| F|  |TAMS 0x000000008e500000, 0x000000008e500000| Untracked 
|  58|0x000000008e600000, 0x000000008e600000, 0x000000008e700000|  0%| F|  |TAMS 0x000000008e600000, 0x000000008e600000| Untracked 
|  59|0x000000008e700000, 0x000000008e700000, 0x000000008e800000|  0%| F|  |TAMS 0x000000008e700000, 0x000000008e700000| Untracked 
|  60|0x000000008e800000, 0x000000008e800000, 0x000000008e900000|  0%| F|  |TAMS 0x000000008e800000, 0x000000008e800000| Untracked 
|  61|0x000000008e900000, 0x000000008e900000, 0x000000008ea00000|  0%| F|  |TAMS 0x000000008e900000, 0x000000008e900000| Untracked 
|  62|0x000000008ea00000, 0x000000008ea00000, 0x000000008eb00000|  0%| F|  |TAMS 0x000000008ea00000, 0x000000008ea00000| Untracked 
|  63|0x000000008eb00000, 0x000000008eb00000, 0x000000008ec00000|  0%| F|  |TAMS 0x000000008eb00000, 0x000000008eb00000| Untracked 
|  64|0x000000008ec00000, 0x000000008ec00000, 0x000000008ed00000|  0%| F|  |TAMS 0x000000008ec00000, 0x000000008ec00000| Untracked 
|  65|0x000000008ed00000, 0x000000008ed00000, 0x000000008ee00000|  0%| F|  |TAMS 0x000000008ed00000, 0x000000008ed00000| Untracked 
|  66|0x000000008ee00000, 0x000000008ee00000, 0x000000008ef00000|  0%| F|  |TAMS 0x000000008ee00000, 0x000000008ee00000| Untracked 
|  67|0x000000008ef00000, 0x000000008ef00000, 0x000000008f000000|  0%| F|  |TAMS 0x000000008ef00000, 0x000000008ef00000| Untracked 
|  68|0x000000008f000000, 0x000000008f000000, 0x000000008f100000|  0%| F|  |TAMS 0x000000008f000000, 0x000000008f000000| Untracked 
|  69|0x000000008f100000, 0x000000008f100000, 0x000000008f200000|  0%| F|  |TAMS 0x000000008f100000, 0x000000008f100000| Untracked 
|  70|0x000000008f200000, 0x000000008f200000, 0x000000008f300000|  0%| F|  |TAMS 0x000000008f200000, 0x000000008f200000| Untracked 
|  71|0x000000008f300000, 0x000000008f300000, 0x000000008f400000|  0%| F|  |TAMS 0x000000008f300000, 0x000000008f300000| Untracked 
|  72|0x000000008f400000, 0x000000008f400000, 0x000000008f500000|  0%| F|  |TAMS 0x000000008f400000, 0x000000008f400000| Untracked 
|  73|0x000000008f500000, 0x000000008f500000, 0x000000008f600000|  0%| F|  |TAMS 0x000000008f500000, 0x000000008f500000| Untracked 
|  74|0x000000008f600000, 0x000000008f600000, 0x000000008f700000|  0%| F|  |TAMS 0x000000008f600000, 0x000000008f600000| Untracked 
|  75|0x000000008f700000, 0x000000008f700000, 0x000000008f800000|  0%| F|  |TAMS 0x000000008f700000, 0x000000008f700000| Untracked 
|  76|0x000000008f800000, 0x000000008f800000, 0x000000008f900000|  0%| F|  |TAMS 0x000000008f800000, 0x000000008f800000| Untracked 
|  77|0x000000008f900000, 0x000000008f900000, 0x000000008fa00000|  0%| F|  |TAMS 0x000000008f900000, 0x000000008f900000| Untracked 
|  78|0x000000008fa00000, 0x000000008fa00000, 0x000000008fb00000|  0%| F|  |TAMS 0x000000008fa00000, 0x000000008fa00000| Untracked 
|  79|0x000000008fb00000, 0x000000008fb00000, 0x000000008fc00000|  0%| F|  |TAMS 0x000000008fb00000, 0x000000008fb00000| Untracked 
|  80|0x000000008fc00000, 0x000000008fc00000, 0x000000008fd00000|  0%| F|  |TAMS 0x000000008fc00000, 0x000000008fc00000| Untracked 
|  81|0x000000008fd00000, 0x000000008fd00000, 0x000000008fe00000|  0%| F|  |TAMS 0x000000008fd00000, 0x000000008fd00000| Untracked 
|  82|0x000000008fe00000, 0x000000008fe00000, 0x000000008ff00000|  0%| F|  |TAMS 0x000000008fe00000, 0x000000008fe00000| Untracked 
|  83|0x000000008ff00000, 0x000000008ff00000, 0x0000000090000000|  0%| F|  |TAMS 0x000000008ff00000, 0x000000008ff00000| Untracked 
|  84|0x0000000090000000, 0x0000000090000000, 0x0000000090100000|  0%| F|  |TAMS 0x0000000090000000, 0x0000000090000000| Untracked 
|  85|0x0000000090100000, 0x0000000090100000, 0x0000000090200000|  0%| F|  |TAMS 0x0000000090100000, 0x0000000090100000| Untracked 
|  86|0x0000000090200000, 0x0000000090200000, 0x0000000090300000|  0%| F|  |TAMS 0x0000000090200000, 0x0000000090200000| Untracked 
|  87|0x0000000090300000, 0x0000000090300000, 0x0000000090400000|  0%| F|  |TAMS 0x0000000090300000, 0x0000000090300000| Untracked 
|  88|0x0000000090400000, 0x0000000090400000, 0x0000000090500000|  0%| F|  |TAMS 0x0000000090400000, 0x0000000090400000| Untracked 
|  89|0x0000000090500000, 0x0000000090500000, 0x0000000090600000|  0%| F|  |TAMS 0x0000000090500000, 0x0000000090500000| Untracked 
|  90|0x0000000090600000, 0x0000000090600000, 0x0000000090700000|  0%| F|  |TAMS 0x0000000090600000, 0x0000000090600000| Untracked 
|  91|0x0000000090700000, 0x0000000090700000, 0x0000000090800000|  0%| F|  |TAMS 0x0000000090700000, 0x0000000090700000| Untracked 
|  92|0x0000000090800000, 0x0000000090800000, 0x0000000090900000|  0%| F|  |TAMS 0x0000000090800000, 0x0000000090800000| Untracked 
|  93|0x0000000090900000, 0x0000000090900000, 0x0000000090a00000|  0%| F|  |TAMS 0x0000000090900000, 0x0000000090900000| Untracked 
|  94|0x0000000090a00000, 0x0000000090a00000, 0x0000000090b00000|  0%| F|  |TAMS 0x0000000090a00000, 0x0000000090a00000| Untracked 
|  95|0x0000000090b00000, 0x0000000090b00000, 0x0000000090c00000|  0%| F|  |TAMS 0x0000000090b00000, 0x0000000090b00000| Untracked 
|  96|0x0000000090c00000, 0x0000000090c00000, 0x0000000090d00000|  0%| F|  |TAMS 0x0000000090c00000, 0x0000000090c00000| Untracked 
|  97|0x0000000090d00000, 0x0000000090d00000, 0x0000000090e00000|  0%| F|  |TAMS 0x0000000090d00000, 0x0000000090d00000| Untracked 
|  98|0x0000000090e00000, 0x0000000090e00000, 0x0000000090f00000|  0%| F|  |TAMS 0x0000000090e00000, 0x0000000090e00000| Untracked 
|  99|0x0000000090f00000, 0x0000000090f00000, 0x0000000091000000|  0%| F|  |TAMS 0x0000000090f00000, 0x0000000090f00000| Untracked 
| 100|0x0000000091000000, 0x0000000091000000, 0x0000000091100000|  0%| F|  |TAMS 0x0000000091000000, 0x0000000091000000| Untracked 
| 101|0x0000000091100000, 0x0000000091200000, 0x0000000091200000|100%| S|CS|TAMS 0x0000000091100000, 0x0000000091100000| Complete 
| 102|0x0000000091200000, 0x0000000091300000, 0x0000000091300000|100%| S|CS|TAMS 0x0000000091200000, 0x0000000091200000| Complete 
| 103|0x0000000091300000, 0x0000000091300000, 0x0000000091400000|  0%| F|  |TAMS 0x0000000091300000, 0x0000000091300000| Untracked 
| 104|0x0000000091400000, 0x0000000091400000, 0x0000000091500000|  0%| F|  |TAMS 0x0000000091400000, 0x0000000091400000| Untracked 
| 105|0x0000000091500000, 0x0000000091500000, 0x0000000091600000|  0%| F|  |TAMS 0x0000000091500000, 0x0000000091500000| Untracked 
| 106|0x0000000091600000, 0x0000000091600000, 0x0000000091700000|  0%| F|  |TAMS 0x0000000091600000, 0x0000000091600000| Untracked 
| 107|0x0000000091700000, 0x0000000091700000, 0x0000000091800000|  0%| F|  |TAMS 0x0000000091700000, 0x0000000091700000| Untracked 
| 108|0x0000000091800000, 0x0000000091800000, 0x0000000091900000|  0%| F|  |TAMS 0x0000000091800000, 0x0000000091800000| Untracked 
| 109|0x0000000091900000, 0x0000000091900000, 0x0000000091a00000|  0%| F|  |TAMS 0x0000000091900000, 0x0000000091900000| Untracked 
| 110|0x0000000091a00000, 0x0000000091a00000, 0x0000000091b00000|  0%| F|  |TAMS 0x0000000091a00000, 0x0000000091a00000| Untracked 
| 111|0x0000000091b00000, 0x0000000091b00000, 0x0000000091c00000|  0%| F|  |TAMS 0x0000000091b00000, 0x0000000091b00000| Untracked 
| 112|0x0000000091c00000, 0x0000000091c00000, 0x0000000091d00000|  0%| F|  |TAMS 0x0000000091c00000, 0x0000000091c00000| Untracked 
| 113|0x0000000091d00000, 0x0000000091d00000, 0x0000000091e00000|  0%| F|  |TAMS 0x0000000091d00000, 0x0000000091d00000| Untracked 
| 114|0x0000000091e00000, 0x0000000091e00000, 0x0000000091f00000|  0%| F|  |TAMS 0x0000000091e00000, 0x0000000091e00000| Untracked 
| 115|0x0000000091f00000, 0x0000000091f00000, 0x0000000092000000|  0%| F|  |TAMS 0x0000000091f00000, 0x0000000091f00000| Untracked 
| 116|0x0000000092000000, 0x0000000092000000, 0x0000000092100000|  0%| F|  |TAMS 0x0000000092000000, 0x0000000092000000| Untracked 
| 117|0x0000000092100000, 0x0000000092100000, 0x0000000092200000|  0%| F|  |TAMS 0x0000000092100000, 0x0000000092100000| Untracked 

Card table byte_map: [0x000001a37b530000,0x000001a37b8e0000] _byte_map_base: 0x000001a37b0da000

Marking Bits (Prev, Next): (CMBitMap*) 0x000001a36e8876c0, (CMBitMap*) 0x000001a36e887680
 Prev Bits: [0x000001a37d9e0000, 0x000001a37f730000)
 Next Bits: [0x000001a37bc90000, 0x000001a37d9e0000)

Polling page: 0x000001a36e8e0000

Metaspace:

Usage:
  Non-class:     55.70 MB used.
      Class:      9.42 MB used.
       Both:     65.12 MB used.

Virtual space:
  Non-class space:       64.00 MB reserved,      56.06 MB ( 88%) committed,  1 nodes.
      Class space:        1.00 GB reserved,       9.69 MB ( <1%) committed,  1 nodes.
             Both:        1.06 GB reserved,      65.75 MB (  6%) committed. 

Chunk freelists:
   Non-Class:  7.08 MB
       Class:  6.33 MB
        Both:  13.41 MB

MaxMetaspaceSize: unlimited
CompressedClassSpaceSize: 1.00 GB
Initial GC threshold: 21.00 MB
Current GC threshold: 109.62 MB
CDS: on
MetaspaceReclaimPolicy: balanced
 - commit_granule_bytes: 65536.
 - commit_granule_words: 8192.
 - virtual_space_node_default_size: 8388608.
 - enlarge_chunks_in_place: 1.
 - new_chunks_are_fully_committed: 0.
 - uncommit_free_chunks: 1.
 - use_allocation_guard: 0.
 - handle_deallocations: 1.


Internal statistics:

num_allocs_failed_limit: 6.
num_arena_births: 908.
num_arena_deaths: 0.
num_vsnodes_births: 2.
num_vsnodes_deaths: 0.
num_space_committed: 1052.
num_space_uncommitted: 0.
num_chunks_returned_to_freelist: 6.
num_chunks_taken_from_freelist: 3294.
num_chunk_merges: 6.
num_chunk_splits: 2373.
num_chunks_enlarged: 1829.
num_inconsistent_stats: 0.

CodeCache: size=49152Kb used=14717Kb max_used=14717Kb free=34434Kb
 bounds [0x000001a3778a0000, 0x000001a378700000, 0x000001a37a8a0000]
 total_blobs=8714 nmethods=8018 adapters=620
 compilation: enabled
              stopped_count=0, restarted_count=0
 full_count=0

Compilation events (20 events):
Event: 25.023 Thread 0x000001a302279c40 8009       1       org.antlr.v4.runtime.atn.ATNConfigSet::<init> (6 bytes)
Event: 25.024 Thread 0x000001a302279c40 nmethod 8009 0x000001a3786fb690 code [0x000001a3786fb820, 0x000001a3786fb908]
Event: 25.024 Thread 0x000001a302279c40 8010       1       org.antlr.v4.runtime.atn.LexerATNSimulator::getExistingTargetState (30 bytes)
Event: 25.024 Thread 0x000001a302279c40 nmethod 8010 0x000001a3786fb990 code [0x000001a3786fbb20, 0x000001a3786fbc78]
Event: 25.035 Thread 0x000001a302279c40 8011       1       org.antlr.v4.runtime.atn.ParserATNSimulator::actionTransition (60 bytes)
Event: 25.036 Thread 0x000001a302279c40 nmethod 8011 0x000001a3786fbd90 code [0x000001a3786fbfa0, 0x000001a3786fc2b8]
Event: 25.056 Thread 0x000001a302279c40 8012       1       org.antlr.v4.runtime.BufferedTokenStream::sync (55 bytes)
Event: 25.057 Thread 0x000001a302279c40 nmethod 8012 0x000001a3786fc510 code [0x000001a3786fc6c0, 0x000001a3786fc838]
Event: 25.111 Thread 0x000001a348492470 8013       1       org.antlr.v4.runtime.atn.PlusBlockStartState::getStateType (2 bytes)
Event: 25.111 Thread 0x000001a348492470 nmethod 8013 0x000001a3786fc910 code [0x000001a3786fcaa0, 0x000001a3786fcb78]
Event: 25.112 Thread 0x000001a348492470 8014       1       org.antlr.v4.runtime.dfa.DFAState::hashCode (26 bytes)
Event: 25.112 Thread 0x000001a3022b26f0 8015       1       org.antlr.v4.runtime.atn.ATNConfigSet::hashCode (39 bytes)
Event: 25.112 Thread 0x000001a348492470 nmethod 8014 0x000001a3786fcc10 code [0x000001a3786fcdc0, 0x000001a3786fcee8]
Event: 25.112 Thread 0x000001a3022b26f0 nmethod 8015 0x000001a3786fd010 code [0x000001a3786fd1e0, 0x000001a3786fd4f8]
Event: 25.129 Thread 0x000001a302279c40 8016       1       org.antlr.v4.runtime.atn.LexerATNSimulator::getReachableConfigSet (210 bytes)
Event: 25.129 Thread 0x000001a348492470 8017       1       org.antlr.v4.runtime.atn.LexerATNConfig::equals (59 bytes)
Event: 25.129 Thread 0x000001a348492470 nmethod 8017 0x000001a3786fd710 code [0x000001a3786fd8e0, 0x000001a3786fdb98]
Event: 25.130 Thread 0x000001a302279c40 nmethod 8016 0x000001a3786fdc90 code [0x000001a3786fdec0, 0x000001a3786fe728]
Event: 25.175 Thread 0x000001a302279c40 8018       1       org.antlr.v4.runtime.CommonTokenStream::LT (75 bytes)
Event: 25.179 Thread 0x000001a302279c40 nmethod 8018 0x000001a3786fee10 code [0x000001a3786ff000, 0x000001a3786ff318]

GC Heap History (20 events):
Event: 11.333 GC heap after
{Heap after GC invocations=15 (full 0):
 garbage-first heap   total 68608K, used 32280K [0x000000008ac00000, 0x0000000100000000)
  region size 1024K, 2 young (2048K), 2 survivors (2048K)
 Metaspace       used 55207K, committed 55808K, reserved 1114112K
  class space    used 7726K, committed 8000K, reserved 1048576K
}
Event: 11.707 GC heap before
{Heap before GC invocations=15 (full 0):
 garbage-first heap   total 68608K, used 53784K [0x000000008ac00000, 0x0000000100000000)
  region size 1024K, 23 young (23552K), 2 survivors (2048K)
 Metaspace       used 57026K, committed 57600K, reserved 1114112K
  class space    used 8054K, committed 8320K, reserved 1048576K
}
Event: 11.710 GC heap after
{Heap after GC invocations=16 (full 0):
 garbage-first heap   total 68608K, used 32553K [0x000000008ac00000, 0x0000000100000000)
  region size 1024K, 2 young (2048K), 2 survivors (2048K)
 Metaspace       used 57026K, committed 57600K, reserved 1114112K
  class space    used 8054K, committed 8320K, reserved 1048576K
}
Event: 11.908 GC heap before
{Heap before GC invocations=17 (full 0):
 garbage-first heap   total 68608K, used 55081K [0x000000008ac00000, 0x0000000100000000)
  region size 1024K, 24 young (24576K), 2 survivors (2048K)
 Metaspace       used 57209K, committed 57856K, reserved 1114112K
  class space    used 8080K, committed 8384K, reserved 1048576K
}
Event: 11.911 GC heap after
{Heap after GC invocations=18 (full 0):
 garbage-first heap   total 68608K, used 32909K [0x000000008ac00000, 0x0000000100000000)
  region size 1024K, 2 young (2048K), 2 survivors (2048K)
 Metaspace       used 57209K, committed 57856K, reserved 1114112K
  class space    used 8080K, committed 8384K, reserved 1048576K
}
Event: 12.200 GC heap before
{Heap before GC invocations=18 (full 0):
 garbage-first heap   total 68608K, used 55437K [0x000000008ac00000, 0x0000000100000000)
  region size 1024K, 25 young (25600K), 2 survivors (2048K)
 Metaspace       used 58588K, committed 59264K, reserved 1114112K
  class space    used 8323K, committed 8640K, reserved 1048576K
}
Event: 12.203 GC heap after
{Heap after GC invocations=19 (full 0):
 garbage-first heap   total 68608K, used 33779K [0x000000008ac00000, 0x0000000100000000)
  region size 1024K, 3 young (3072K), 3 survivors (3072K)
 Metaspace       used 58588K, committed 59264K, reserved 1114112K
  class space    used 8323K, committed 8640K, reserved 1048576K
}
Event: 23.963 GC heap before
{Heap before GC invocations=20 (full 0):
 garbage-first heap   total 68608K, used 56307K [0x000000008ac00000, 0x0000000100000000)
  region size 1024K, 25 young (25600K), 3 survivors (3072K)
 Metaspace       used 61235K, committed 61888K, reserved 1114112K
  class space    used 8700K, committed 9024K, reserved 1048576K
}
Event: 23.968 GC heap after
{Heap after GC invocations=21 (full 0):
 garbage-first heap   total 68608K, used 35043K [0x000000008ac00000, 0x0000000100000000)
  region size 1024K, 3 young (3072K), 3 survivors (3072K)
 Metaspace       used 61235K, committed 61888K, reserved 1114112K
  class space    used 8700K, committed 9024K, reserved 1048576K
}
Event: 24.433 GC heap before
{Heap before GC invocations=21 (full 0):
 garbage-first heap   total 68608K, used 56547K [0x000000008ac00000, 0x0000000100000000)
  region size 1024K, 24 young (24576K), 3 survivors (3072K)
 Metaspace       used 64486K, committed 65088K, reserved 1114112K
  class space    used 9182K, committed 9472K, reserved 1048576K
}
Event: 24.438 GC heap after
{Heap after GC invocations=22 (full 0):
 garbage-first heap   total 68608K, used 36770K [0x000000008ac00000, 0x0000000100000000)
  region size 1024K, 3 young (3072K), 3 survivors (3072K)
 Metaspace       used 64486K, committed 65088K, reserved 1114112K
  class space    used 9182K, committed 9472K, reserved 1048576K
}
Event: 24.703 GC heap before
{Heap before GC invocations=23 (full 0):
 garbage-first heap   total 68608K, used 57250K [0x000000008ac00000, 0x0000000100000000)
  region size 1024K, 23 young (23552K), 3 survivors (3072K)
 Metaspace       used 65120K, committed 65728K, reserved 1114112K
  class space    used 9251K, committed 9536K, reserved 1048576K
}
Event: 24.706 GC heap after
{Heap after GC invocations=24 (full 0):
 garbage-first heap   total 68608K, used 37726K [0x000000008ac00000, 0x0000000100000000)
  region size 1024K, 2 young (2048K), 2 survivors (2048K)
 Metaspace       used 65120K, committed 65728K, reserved 1114112K
  class space    used 9251K, committed 9536K, reserved 1048576K
}
Event: 24.962 GC heap before
{Heap before GC invocations=24 (full 0):
 garbage-first heap   total 68608K, used 56158K [0x000000008ac00000, 0x0000000100000000)
  region size 1024K, 20 young (20480K), 2 survivors (2048K)
 Metaspace       used 66673K, committed 67328K, reserved 1114112K
  class space    used 9640K, committed 9920K, reserved 1048576K
}
Event: 24.965 GC heap after
{Heap after GC invocations=25 (full 0):
 garbage-first heap   total 68608K, used 38590K [0x000000008ac00000, 0x0000000100000000)
  region size 1024K, 2 young (2048K), 2 survivors (2048K)
 Metaspace       used 66673K, committed 67328K, reserved 1114112K
  class space    used 9640K, committed 9920K, reserved 1048576K
}
Event: 25.038 GC heap before
{Heap before GC invocations=26 (full 0):
 garbage-first heap   total 80896K, used 57022K [0x000000008ac00000, 0x0000000100000000)
  region size 1024K, 20 young (20480K), 2 survivors (2048K)
 Metaspace       used 66678K, committed 67328K, reserved 1114112K
  class space    used 9641K, committed 9920K, reserved 1048576K
}
Event: 25.044 GC heap after
{Heap after GC invocations=27 (full 0):
 garbage-first heap   total 80896K, used 43767K [0x000000008ac00000, 0x0000000100000000)
  region size 1024K, 3 young (3072K), 3 survivors (3072K)
 Metaspace       used 66678K, committed 67328K, reserved 1114112K
  class space    used 9641K, committed 9920K, reserved 1048576K
}
Event: 25.115 GC heap before
{Heap before GC invocations=27 (full 0):
 garbage-first heap   total 80896K, used 63223K [0x000000008ac00000, 0x0000000100000000)
  region size 1024K, 23 young (23552K), 3 survivors (3072K)
 Metaspace       used 66678K, committed 67328K, reserved 1114112K
  class space    used 9641K, committed 9920K, reserved 1048576K
}
Event: 25.125 GC heap after
{Heap after GC invocations=28 (full 0):
 garbage-first heap   total 80896K, used 51778K [0x000000008ac00000, 0x0000000100000000)
  region size 1024K, 3 young (3072K), 3 survivors (3072K)
 Metaspace       used 66678K, committed 67328K, reserved 1114112K
  class space    used 9641K, committed 9920K, reserved 1048576K
}
Event: 25.184 GC heap before
{Heap before GC invocations=28 (full 0):
 garbage-first heap   total 106496K, used 63042K [0x000000008ac00000, 0x0000000100000000)
  region size 1024K, 14 young (14336K), 3 survivors (3072K)
 Metaspace       used 66678K, committed 67328K, reserved 1114112K
  class space    used 9641K, committed 9920K, reserved 1048576K
}

Deoptimization events (6 events):
Event: 5.013 Thread 0x000001a3485b96b0 DEOPT PACKING pc=0x000001a3781345b4 sp=0x00000062b97fb540
Event: 5.013 Thread 0x000001a3485b96b0 DEOPT UNPACKING pc=0x000001a3778f2b43 sp=0x00000062b97faac8 mode 0
Event: 5.013 Thread 0x000001a3485b96b0 DEOPT PACKING pc=0x000001a378083dec sp=0x00000062b97fb720
Event: 5.013 Thread 0x000001a3485b96b0 DEOPT UNPACKING pc=0x000001a3778f2b43 sp=0x00000062b97fabe0 mode 0
Event: 11.479 Thread 0x000001a3485b96b0 DEOPT PACKING pc=0x000001a3783c13f4 sp=0x00000062b97f8610
Event: 11.479 Thread 0x000001a3485b96b0 DEOPT UNPACKING pc=0x000001a3778f2b43 sp=0x00000062b97f7aa8 mode 0

Classes unloaded (0 events):
No events

Classes redefined (0 events):
No events

Internal exceptions (20 events):
Event: 12.240 Thread 0x000001a3485b96b0 Exception <a 'java/lang/NoSuchMethodError'{0x00000000909336b8}: 'java.lang.Object java.lang.invoke.DirectMethodHandle$Holder.newInvokeSpecial(java.lang.Object, java.lang.Object, java.lang.Object, java.lang.Object, java.lang.Object, java.lang.Object, java.lang.Object, int)'> (0x00000000909336b8) 
thrown [s\open\src\hotspot\share\interpreter\linkResolver.cpp, line 759]
Event: 12.241 Thread 0x000001a3485b96b0 Exception <a 'java/lang/NoSuchMethodError'{0x0000000090938ea8}: 'java.lang.Object java.lang.invoke.DirectMethodHandle$Holder.invokeSpecial(java.lang.Object, java.lang.Object, java.lang.Object, java.lang.Object, java.lang.Object, java.lang.Object, java.lang.Object, java.lang.Object, int)'> (0x0000000090938ea8) 
thrown [s\open\src\hotspot\share\interpreter\linkResolver.cpp, line 759]
Event: 12.241 Thread 0x000001a3485b96b0 Exception <a 'java/lang/NoSuchMethodError'{0x000000009093e168}: 'java.lang.Object java.lang.invoke.Invokers$Holder.linkToTargetMethod(java.lang.Object, java.lang.Object, java.lang.Object, java.lang.Object, java.lang.Object, java.lang.Object, int, java.lang.Object)'> (0x000000009093e168) 
thrown [s\open\src\hotspot\share\interpreter\linkResolver.cpp, line 759]
Event: 12.276 Thread 0x000001a3485b96b0 Exception <a 'java/lang/NoSuchMethodError'{0x0000000090875228}: 'java.lang.Object java.lang.invoke.DirectMethodHandle$Holder.newInvokeSpecial(java.lang.Object, java.lang.Object, int, java.lang.Object, int, java.lang.Object, java.lang.Object)'> (0x0000000090875228) 
thrown [s\open\src\hotspot\share\interpreter\linkResolver.cpp, line 759]
Event: 19.584 Thread 0x000001a3485b96b0 Exception <a 'java/lang/NoSuchMethodError'{0x000000008e2b0420}: 'java.lang.Object java.lang.invoke.DirectMethodHandle$Holder.invokeSpecial(java.lang.Object, java.lang.Object, int, java.lang.Object, int)'> (0x000000008e2b0420) 
thrown [s\open\src\hotspot\share\interpreter\linkResolver.cpp, line 759]
Event: 23.910 Thread 0x000001a3485b96b0 Exception <a 'java/lang/IncompatibleClassChangeError'{0x000000008dbe4640}: Found class java.lang.Object, but interface was expected> (0x000000008dbe4640) 
thrown [s\open\src\hotspot\share\interpreter\linkResolver.cpp, line 826]
Event: 23.969 Thread 0x000001a3485b96b0 Exception <a 'java/lang/IncompatibleClassChangeError'{0x00000000921053c8}: Found class java.lang.Object, but interface was expected> (0x00000000921053c8) 
thrown [s\open\src\hotspot\share\interpreter\linkResolver.cpp, line 826]
Event: 24.067 Thread 0x000001a3485b96b0 Exception <a 'java/lang/IncompatibleClassChangeError'{0x0000000090647a50}: Found class java.lang.Object, but interface was expected> (0x0000000090647a50) 
thrown [s\open\src\hotspot\share\interpreter\linkResolver.cpp, line 826]
Event: 24.180 Thread 0x000001a3485b96b0 Exception <a 'java/lang/reflect/InvocationTargetException'{0x000000008e510c48}> (0x000000008e510c48) 
thrown [s\open\src\hotspot\share\runtime\reflection.cpp, line 1121]
Event: 24.196 Thread 0x000001a3485b96b0 Exception <a 'java/lang/NoSuchMethodError'{0x000000008e592a90}: 'int java.lang.invoke.DirectMethodHandle$Holder.invokeStatic(java.lang.Object, java.lang.Object, int)'> (0x000000008e592a90) 
thrown [s\open\src\hotspot\share\interpreter\linkResolver.cpp, line 759]
Event: 24.205 Thread 0x000001a3485b96b0 Exception <a 'java/lang/IncompatibleClassChangeError'{0x000000008e5d8408}: Found class java.lang.Object, but interface was expected> (0x000000008e5d8408) 
thrown [s\open\src\hotspot\share\interpreter\linkResolver.cpp, line 826]
Event: 24.206 Thread 0x000001a3485b96b0 Exception <a 'java/lang/IncompatibleClassChangeError'{0x000000008e5deff8}: Found class java.lang.Object, but interface was expected> (0x000000008e5deff8) 
thrown [s\open\src\hotspot\share\interpreter\linkResolver.cpp, line 826]
Event: 24.262 Thread 0x000001a3485b96b0 Exception <a 'java/lang/NoSuchMethodError'{0x000000008e3ab068}: 'java.lang.Object java.lang.invoke.DirectMethodHandle$Holder.invokeStatic(java.lang.Object, int, java.lang.Object)'> (0x000000008e3ab068) 
thrown [s\open\src\hotspot\share\interpreter\linkResolver.cpp, line 759]
Event: 24.270 Thread 0x000001a3485b96b0 Exception <a 'java/lang/reflect/InvocationTargetException'{0x000000008e3e7df8}> (0x000000008e3e7df8) 
thrown [s\open\src\hotspot\share\runtime\reflection.cpp, line 1121]
Event: 24.350 Thread 0x000001a3485b96b0 Exception <a 'java/lang/NoSuchMethodError'{0x000000008de67e10}: 'long java.lang.invoke.DirectMethodHandle$Holder.invokeVirtual(java.lang.Object, java.lang.Object)'> (0x000000008de67e10) 
thrown [s\open\src\hotspot\share\interpreter\linkResolver.cpp, line 759]
Event: 24.357 Thread 0x000001a3485b96b0 Exception <a 'java/io/FileNotFoundException'{0x000000008de9e230}> (0x000000008de9e230) 
thrown [s\open\src\hotspot\share\prims\jni.cpp, line 516]
Event: 24.390 Thread 0x000001a3485b96b0 Exception <a 'java/lang/NoSuchMethodError'{0x000000008dc0e080}: 'void java.lang.invoke.DirectMethodHandle$Holder.invokeVirtual(java.lang.Object, java.lang.Object, long)'> (0x000000008dc0e080) 
thrown [s\open\src\hotspot\share\interpreter\linkResolver.cpp, line 759]
Event: 24.645 Thread 0x000001a3485b96b0 Exception <a 'java/lang/reflect/InvocationTargetException'{0x000000008ddb7998}> (0x000000008ddb7998) 
thrown [s\open\src\hotspot\share\runtime\reflection.cpp, line 1121]
Event: 24.647 Thread 0x000001a3485b96b0 Exception <a 'java/lang/reflect/InvocationTargetException'{0x000000008ddca870}> (0x000000008ddca870) 
thrown [s\open\src\hotspot\share\runtime\reflection.cpp, line 1121]
Event: 24.654 Thread 0x000001a3485b96b0 Exception <a 'java/lang/reflect/InvocationTargetException'{0x000000008dc02cb8}> (0x000000008dc02cb8) 
thrown [s\open\src\hotspot\share\runtime\reflection.cpp, line 1121]

VM Operations (20 events):
Event: 24.706 Executing VM operation: G1CollectForAllocation done
Event: 24.881 Executing VM operation: HandshakeAllThreads
Event: 24.881 Executing VM operation: HandshakeAllThreads done
Event: 24.886 Executing VM operation: HandshakeAllThreads
Event: 24.886 Executing VM operation: HandshakeAllThreads done
Event: 24.955 Executing VM operation: HandshakeAllThreads
Event: 24.955 Executing VM operation: HandshakeAllThreads done
Event: 24.962 Executing VM operation: G1CollectForAllocation
Event: 24.965 Executing VM operation: G1CollectForAllocation done
Event: 24.996 Executing VM operation: G1Concurrent
Event: 24.999 Executing VM operation: G1Concurrent done
Event: 25.014 Executing VM operation: G1Concurrent
Event: 25.015 Executing VM operation: G1Concurrent done
Event: 25.038 Executing VM operation: G1CollectForAllocation
Event: 25.044 Executing VM operation: G1CollectForAllocation done
Event: 25.115 Executing VM operation: G1CollectForAllocation
Event: 25.125 Executing VM operation: G1CollectForAllocation done
Event: 25.176 Executing VM operation: G1Concurrent
Event: 25.179 Executing VM operation: G1Concurrent done
Event: 25.184 Executing VM operation: G1CollectForAllocation

Events (20 events):
Event: 24.243 loading class java/util/regex/Pattern$Behind done
Event: 24.314 loading class java/util/stream/SortedOps$SizedRefSortingSink
Event: 24.315 loading class java/util/stream/SortedOps$SizedRefSortingSink done
Event: 24.330 loading class javax/net/ssl/SSLException
Event: 24.331 loading class javax/net/ssl/SSLException done
Event: 24.349 loading class java/nio/channels/CompletionHandler
Event: 24.350 loading class java/nio/channels/CompletionHandler done
Event: 24.370 Thread 0x000001a3485bce60 Thread added: 0x000001a3485bce60
Event: 24.371 Thread 0x000001a3485baaf0 Thread added: 0x000001a3485baaf0
Event: 24.377 Thread 0x000001a34a13cfb0 Thread added: 0x000001a34a13cfb0
Event: 24.412 loading class sun/reflect/annotation/AnnotationInvocationHandler$1
Event: 24.413 loading class sun/reflect/annotation/AnnotationInvocationHandler$1 done
Event: 24.635 loading class java/util/WeakHashMap$KeyIterator
Event: 24.636 loading class java/util/WeakHashMap$KeyIterator done
Event: 24.687 loading class java/util/EmptyStackException
Event: 24.687 loading class java/util/EmptyStackException done
Event: 24.861 loading class java/io/InvalidClassException
Event: 24.861 loading class java/io/InvalidClassException done
Event: 24.880 loading class java/util/ArrayList$ListItr
Event: 24.880 loading class java/util/ArrayList$ListItr done


Dynamic libraries:
0x00007ff616cc0000 - 0x00007ff616cd0000 	C:\Program Files\Java\jdk-17\bin\javaw.exe
0x00007ff9e3610000 - 0x00007ff9e3827000 	C:\WINDOWS\SYSTEM32\ntdll.dll
0x00007ff9e28e0000 - 0x00007ff9e29a4000 	C:\WINDOWS\System32\KERNEL32.DLL
0x00007ff9e0ec0000 - 0x00007ff9e1292000 	C:\WINDOWS\System32\KERNELBASE.dll
0x00007ff9e09e0000 - 0x00007ff9e0af1000 	C:\WINDOWS\System32\ucrtbase.dll
0x00007ff9b9f40000 - 0x00007ff9b9f5b000 	C:\Program Files\Java\jdk-17\bin\VCRUNTIME140.dll
0x00007ff9c8320000 - 0x00007ff9c8339000 	C:\Program Files\Java\jdk-17\bin\jli.dll
0x00007ff9e3350000 - 0x00007ff9e3401000 	C:\WINDOWS\System32\ADVAPI32.dll
0x00007ff9e12a0000 - 0x00007ff9e1347000 	C:\WINDOWS\System32\msvcrt.dll
0x00007ff9e14e0000 - 0x00007ff9e1588000 	C:\WINDOWS\System32\sechost.dll
0x00007ff9e0cd0000 - 0x00007ff9e0cf8000 	C:\WINDOWS\System32\bcrypt.dll
0x00007ff9e2e90000 - 0x00007ff9e2fa7000 	C:\WINDOWS\System32\RPCRT4.dll
0x00007ff9e2c60000 - 0x00007ff9e2e11000 	C:\WINDOWS\System32\USER32.dll
0x00007ff9cbd20000 - 0x00007ff9cbfbb000 	C:\WINDOWS\WinSxS\amd64_microsoft.windows.common-controls_6595b64144ccf1df_6.0.22621.5697_none_27154c497380d676\COMCTL32.dll
0x00007ff9e0700000 - 0x00007ff9e0726000 	C:\WINDOWS\System32\win32u.dll
0x00007ff9e2c30000 - 0x00007ff9e2c59000 	C:\WINDOWS\System32\GDI32.dll
0x00007ff9e0b00000 - 0x00007ff9e0c23000 	C:\WINDOWS\System32\gdi32full.dll
0x00007ff9e0c30000 - 0x00007ff9e0cca000 	C:\WINDOWS\System32\msvcp_win.dll
0x00007ff9d8b70000 - 0x00007ff9d8b7a000 	C:\WINDOWS\SYSTEM32\VERSION.dll
0x00007ff9e1350000 - 0x00007ff9e1381000 	C:\WINDOWS\System32\IMM32.DLL
0x00007ff9caea0000 - 0x00007ff9caeac000 	C:\Program Files\Java\jdk-17\bin\vcruntime140_1.dll
0x00007ff999d10000 - 0x00007ff999d9e000 	C:\Program Files\Java\jdk-17\bin\msvcp140.dll
0x00007ff9988c0000 - 0x00007ff9994a0000 	C:\Program Files\Java\jdk-17\bin\server\jvm.dll
0x00007ff9e1590000 - 0x00007ff9e1598000 	C:\WINDOWS\System32\PSAPI.DLL
0x00007ff9c1720000 - 0x00007ff9c1729000 	C:\WINDOWS\SYSTEM32\WSOCK32.dll
0x00007ff9dc3a0000 - 0x00007ff9dc3d4000 	C:\WINDOWS\SYSTEM32\WINMM.dll
0x00007ff9e29b0000 - 0x00007ff9e2a21000 	C:\WINDOWS\System32\WS2_32.dll
0x00007ff9df6e0000 - 0x00007ff9df6f8000 	C:\WINDOWS\SYSTEM32\kernel.appcore.dll
0x00007ff9cacc0000 - 0x00007ff9cacca000 	C:\Program Files\Java\jdk-17\bin\jimage.dll
0x00007ff9daf40000 - 0x00007ff9db173000 	C:\WINDOWS\SYSTEM32\DBGHELP.DLL
0x00007ff9e2fb0000 - 0x00007ff9e3342000 	C:\WINDOWS\System32\combase.dll
0x00007ff9e1390000 - 0x00007ff9e1468000 	C:\WINDOWS\System32\OLEAUT32.dll
0x00007ff9c29c0000 - 0x00007ff9c29f2000 	C:\WINDOWS\SYSTEM32\dbgcore.DLL
0x00007ff9e0d00000 - 0x00007ff9e0d7b000 	C:\WINDOWS\System32\bcryptPrimitives.dll
0x00007ff99aae0000 - 0x00007ff99ab05000 	C:\Program Files\Java\jdk-17\bin\java.dll
0x00007ff9987e0000 - 0x00007ff9988b7000 	C:\Program Files\Java\jdk-17\bin\jsvml.dll
0x00007ff9e1fb0000 - 0x00007ff9e2851000 	C:\WINDOWS\System32\SHELL32.dll
0x00007ff9e0d80000 - 0x00007ff9e0ebf000 	C:\WINDOWS\System32\wintypes.dll
0x00007ff9de5e0000 - 0x00007ff9deefa000 	C:\WINDOWS\SYSTEM32\windows.storage.dll
0x00007ff9e34c0000 - 0x00007ff9e35cb000 	C:\WINDOWS\System32\SHCORE.dll
0x00007ff9e2e20000 - 0x00007ff9e2e89000 	C:\WINDOWS\System32\shlwapi.dll
0x00007ff9e0630000 - 0x00007ff9e065b000 	C:\WINDOWS\SYSTEM32\profapi.dll
0x00007ff9b9f20000 - 0x00007ff9b9f39000 	C:\Program Files\Java\jdk-17\bin\net.dll
0x00007ff9dc270000 - 0x00007ff9dc39c000 	C:\WINDOWS\SYSTEM32\WINHTTP.dll
0x00007ff9dfbb0000 - 0x00007ff9dfc19000 	C:\WINDOWS\system32\mswsock.dll
0x00007ff99b490000 - 0x00007ff99b4a6000 	C:\Program Files\Java\jdk-17\bin\nio.dll
0x00007ff99a830000 - 0x00007ff99a848000 	C:\Program Files\Java\jdk-17\bin\zip.dll
0x00007ff9cab90000 - 0x00007ff9cab9a000 	C:\Program Files\Java\jdk-17\bin\management.dll
0x00007ff9cab70000 - 0x00007ff9cab7b000 	C:\Program Files\Java\jdk-17\bin\management_ext.dll
0x00007ff9bf670000 - 0x00007ff9bf687000 	C:\WINDOWS\system32\napinsp.dll
0x00007ff9bf650000 - 0x00007ff9bf66b000 	C:\WINDOWS\system32\pnrpnsp.dll
0x00007ff9df1d0000 - 0x00007ff9df2c8000 	C:\WINDOWS\SYSTEM32\DNSAPI.dll
0x00007ff9df160000 - 0x00007ff9df18d000 	C:\WINDOWS\SYSTEM32\IPHLPAPI.DLL
0x00007ff9e2a30000 - 0x00007ff9e2a39000 	C:\WINDOWS\System32\NSI.dll
0x00007ff9bf630000 - 0x00007ff9bf641000 	C:\WINDOWS\System32\winrnr.dll
0x00007ff9bf610000 - 0x00007ff9bf62f000 	C:\WINDOWS\system32\wshbth.dll
0x00007ff9bf5e0000 - 0x00007ff9bf601000 	C:\WINDOWS\system32\nlansp_c.dll
0x00007ff9dc3e0000 - 0x00007ff9dc3ea000 	C:\Windows\System32\rasadhlp.dll
0x00007ff9d8fc0000 - 0x00007ff9d9044000 	C:\WINDOWS\System32\fwpuclnt.dll
0x00007ff9dfe00000 - 0x00007ff9dfe1b000 	C:\WINDOWS\SYSTEM32\CRYPTSP.dll
0x00007ff9df640000 - 0x00007ff9df677000 	C:\WINDOWS\system32\rsaenh.dll
0x00007ff9dfca0000 - 0x00007ff9dfcc8000 	C:\WINDOWS\SYSTEM32\USERENV.dll
0x00007ff9dfe20000 - 0x00007ff9dfe2c000 	C:\WINDOWS\SYSTEM32\CRYPTBASE.dll
0x00007ff9dc3f0000 - 0x00007ff9dc409000 	C:\WINDOWS\SYSTEM32\dhcpcsvc6.DLL
0x00007ff9dc250000 - 0x00007ff9dc26f000 	C:\WINDOWS\SYSTEM32\dhcpcsvc.DLL
0x00007ff9a2090000 - 0x00007ff9a209e000 	C:\Program Files\Java\jdk-17\bin\sunmscapi.dll
0x00007ff9e07b0000 - 0x00007ff9e0918000 	C:\WINDOWS\System32\CRYPT32.dll
0x00007ff9dffc0000 - 0x00007ff9dffed000 	C:\WINDOWS\SYSTEM32\ncrypt.dll
0x00007ff9dff80000 - 0x00007ff9dffb7000 	C:\WINDOWS\SYSTEM32\NTASN1.dll
0x00007ff9cac40000 - 0x00007ff9cac50000 	C:\Program Files\Java\jdk-17\bin\verify.dll

dbghelp: loaded successfully - version: 4.0.5 - missing functions: none
symbol engine: initialized successfully - sym options: 0x614 - pdb path: .;C:\Program Files\Java\jdk-17\bin;C:\WINDOWS\SYSTEM32;C:\WINDOWS\WinSxS\amd64_microsoft.windows.common-controls_6595b64144ccf1df_6.0.22621.5697_none_27154c497380d676;C:\Program Files\Java\jdk-17\bin\server

VM Arguments:
jvm_args: -Dcom.sun.management.jmxremote -Dcom.sun.management.jmxremote.port=62082 -Dcom.sun.management.jmxremote.authenticate=false -Dcom.sun.management.jmxremote.ssl=false -Djava.rmi.server.hostname=localhost -Dspring.jmx.enabled=true -Dmanagement.endpoints.jmx.exposure.include=* -Dspring.application.admin.enabled=true -XX:TieredStopAtLevel=1 -Dspring.boot.project.name=Global-events-with-polymers -Dfile.encoding=UTF-8 -Dstdout.encoding=UTF-8 -Dstderr.encoding=UTF-8 -XX:+ShowCodeDetailsInExceptionMessages 
java_command: com.zn.GlobalEventApplication --spring.output.ansi.enabled=always
java_class_path (initial): E:\Zynlogic-back\conference\Global-events-with-polymers\target\classes;C:\Users\NAGARAJU\.m2\repository\org\springframework\boot\spring-boot-starter-web\3.5.3\spring-boot-starter-web-3.5.3.jar;C:\Users\NAGARAJU\.m2\repository\org\springframework\boot\spring-boot-starter\3.5.3\spring-boot-starter-3.5.3.jar;C:\Users\NAGARAJU\.m2\repository\org\springframework\boot\spring-boot-starter-logging\3.5.3\spring-boot-starter-logging-3.5.3.jar;C:\Users\NAGARAJU\.m2\repository\ch\qos\logback\logback-classic\1.5.18\logback-classic-1.5.18.jar;C:\Users\NAGARAJU\.m2\repository\ch\qos\logback\logback-core\1.5.18\logback-core-1.5.18.jar;C:\Users\NAGARAJU\.m2\repository\org\apache\logging\log4j\log4j-to-slf4j\2.24.3\log4j-to-slf4j-2.24.3.jar;C:\Users\NAGARAJU\.m2\repository\org\apache\logging\log4j\log4j-api\2.24.3\log4j-api-2.24.3.jar;C:\Users\NAGARAJU\.m2\repository\org\slf4j\jul-to-slf4j\2.0.17\jul-to-slf4j-2.0.17.jar;C:\Users\NAGARAJU\.m2\repository\org\yaml\snakeyaml\2.4\snakeyaml-2.4.jar;C:\Users\NAGARAJU\.m2\repository\org\springframework\spring-web\6.2.8\spring-web-6.2.8.jar;C:\Users\NAGARAJU\.m2\repository\org\springframework\spring-beans\6.2.8\spring-beans-6.2.8.jar;C:\Users\NAGARAJU\.m2\repository\io\micrometer\micrometer-observation\1.15.1\micrometer-observation-1.15.1.jar;C:\Users\NAGARAJU\.m2\repository\io\micrometer\micrometer-commons\1.15.1\micrometer-commons-1.15.1.jar;C:\Users\NAGARAJU\.m2\repository\org\springframework\spring-webmvc\6.2.8\spring-webmvc-6.2.8.jar;C:\Users\NAGARAJU\.m2\repository\org\springframework\spring-context\6.2.8\spring-context-6.2.8.jar;C:\Users\NAGARAJU\.m2\repository\org\springframework\spring-expression\6.2.8\spring-expression-6.2.8.jar;C:\Users\NAGARAJU\.m2\repository\org\springframework\boot\spring-boot-starter-data-jpa\3.5.3\spring-boot-starter-data-jpa-3.5.3.jar;C:\Users\NAGARAJU\.m2\repository\org\springframework\boot\spring-boot-starter-jdbc\3.5.3\spring-boot-starter-jdbc-3.5.3.jar;C:\Users\NAGARAJU\.m2\re
Launcher Type: SUN_STANDARD

[Global flags]
     intx CICompilerCount                          = 4                                         {product} {ergonomic}
     uint ConcGCThreads                            = 2                                         {product} {ergonomic}
     uint G1ConcRefinementThreads                  = 8                                         {product} {ergonomic}
   size_t G1HeapRegionSize                         = 1048576                                   {product} {ergonomic}
    uintx GCDrainStackTargetSize                   = 64                                        {product} {ergonomic}
   size_t InitialHeapSize                          = 123731968                                 {product} {ergonomic}
     bool ManagementServer                         = true                                      {product} {command line}
   size_t MarkStackSize                            = 4194304                                   {product} {ergonomic}
   size_t MaxHeapSize                              = 1967128576                                {product} {ergonomic}
   size_t MaxNewSize                               = 1179648000                                {product} {ergonomic}
   size_t MinHeapDeltaBytes                        = 1048576                                   {product} {ergonomic}
   size_t MinHeapSize                              = 8388608                                   {product} {ergonomic}
    uintx NonProfiledCodeHeapSize                  = 0                                      {pd product} {ergonomic}
     bool ProfileInterpreter                       = false                                  {pd product} {command line}
    uintx ProfiledCodeHeapSize                     = 0                                      {pd product} {ergonomic}
     bool ShowCodeDetailsInExceptionMessages       = true                                   {manageable} {command line}
   size_t SoftMaxHeapSize                          = 1967128576                             {manageable} {ergonomic}
     intx TieredStopAtLevel                        = 1                                         {product} {command line}
     bool UseCompressedClassPointers               = true                           {product lp64_product} {ergonomic}
     bool UseCompressedOops                        = true                           {product lp64_product} {ergonomic}
     bool UseG1GC                                  = true                                      {product} {ergonomic}
     bool UseLargePagesIndividualAllocation        = false                                  {pd product} {ergonomic}

Logging:
Log output configuration:
 #0: stdout all=warning uptime,level,tags
 #1: stderr all=off uptime,level,tags

Environment Variables:
JAVA_HOME=C:\Program Files\Java\jdk-17
PATH=D:/test01/eclipse//plugins/org.eclipse.justj.openjdk.hotspot.jre.full.win32.x86_64_21.0.5.v20241023-1957/jre/bin/server;D:/test01/eclipse//plugins/org.eclipse.justj.openjdk.hotspot.jre.full.win32.x86_64_21.0.5.v20241023-1957/jre/bin;C:\Program Files\Eclipse Adoptium\jdk-11.0.26.4-hotspot\bin;C:\Program Files\Eclipse Adoptium\jdk-17.0.14.7-hotspot\bin;C:\Program Files\Java\jdk-17\bin;C:\Program Files\nodejs;E:\Android\Sdk\platform-tools;E:\Android\Sdk\emulator;E:\Android\Sdk\cmdline-tools\latest\bin;E:\Android\Sdk\platform-tools;E:\Android\Sdk\emulator;E:\Android\Sdk\cmdline-tools\latest\bin;C:\Users\NAGARAJU\AppData\Local\Android\Sdk\platform-tools;C:\Users\NAGARAJU\AppData\Local\Android\Sdk\emulator;C:\Users\NAGARAJU\AppData\Local\Android\Sdk\cmdline-tools\latest\bin;C:\Users\NAGARAJU\AppData\Local\Android\Sdk\platform-tools;C:\Users\NAGARAJU\AppData\Local\Android\Sdk\platform-tools;C:\Users\NAGARAJU\AppData\Local\Android\Sdk\platform-tools;C:\Users\NAGARAJU\AppData\Local\Android\Sdk\emulator;C:\Users\NAGARAJU\AppData\Local\Android\Sdk\cmdline-tools\latest\bin;C:\Users\NAGARAJU\AppData\Local\Android\Sdk\platform-tools;C:\Users\NAGARAJU\AppData\Local\Android\Sdk\emulator;C:\Users\NAGARAJU\AppData\Local\Android\Sdk\cmdline-tools\latest\bin;C:\Users\NAGARAJU\AppData\Local\Android\Sdk\platform-tools;C:\Users\NAGARAJU\AppData\Local\Android\Sdk\emulator;C:\Users\NAGARAJU\AppData\Local\Android\Sdk\cmdline-tools\latest\bin;C:\Program Files\Eclipse Adoptium\jdk-11.0.26.4-hotspot\bin;C:\Program Files\Eclipse Adoptium\jdk-17.0.14.7-hotspot\bin;C:\Program Files\Java\jdk-17\bin;C:\Program Files\nodejs;E:\Android\Sdk\platform-tools;E:\Android\Sdk\emulator;E:\Android\Sdk\cmdline-tools\latest\bin;E:\Android\Sdk\platform-tools;E:\Android\Sdk\emulator;E:\Android\Sdk\cmdline-tools\latest\bin;C:\Users\NAGARAJU\AppData\Local\Android\Sdk\platform-tools;C:\Users\NAGARAJU\AppData\Local\Android\Sdk\emulator;C:\Users\NAGARAJU\AppData\Local\Android\Sdk\cmdline-tools\latest\bin;C:\Users\NAG
USERNAME=NAGARAJU
OS=Windows_NT
PROCESSOR_IDENTIFIER=AMD64 Family 23 Model 104 Stepping 1, AuthenticAMD



---------------  S Y S T E M  ---------------

OS:
 Windows 11 , 64 bit Build 22621 (10.0.22621.5415)
OS uptime: 0 days 4:39 hours

CPU: total 8 (initial active 8) (8 cores per cpu, 2 threads per core) family 23 model 104 stepping 1 microcode 0x0, cx8, cmov, fxsr, ht, mmx, 3dnowpref, sse, sse2, sse3, ssse3, sse4a, sse4.1, sse4.2, popcnt, lzcnt, tsc, tscinvbit, avx, avx2, aes, clmul, bmi1, bmi2, adx, sha, fma, vzeroupper, clflush, clflushopt

Memory: 4k page, system-wide physical 7502M (414M free)
TotalPageFile size 26068M (AvailPageFile size 30M)
current process WorkingSet (physical memory assigned to process): 234M, peak: 234M
current process commit charge ("private bytes"): 313M, peak: 388M

vm_info: Java HotSpot(TM) 64-Bit Server VM (17.0.12+8-LTS-286) for windows-amd64 JRE (17.0.12+8-LTS-286), built on Jun  5 2024 06:46:59 by "mach5one" with MS VC++ 17.6 (VS2022)

END.
